HEAD ist jetzt bei 7e4fe51 [confucius] add project, modifications for JSR benchmark and gitstats report
[INFO] Scanning for projects...
[INFO] 
[INFO] --------------------------< org.jsoup:jsoup >---------------------------
[INFO] Building jsoup Java HTML Parser 1.12.2
[INFO] --------------------------------[ jar ]---------------------------------
[INFO] 
[INFO] --- maven-clean-plugin:2.5:clean (default-clean) @ jsoup ---
[INFO] Deleting /home/lukas/workspace/master-benchmark/projects/jsoup/target
[INFO] 
[INFO] --- maven-resources-plugin:3.0.1:resources (default-resources) @ jsoup ---
[INFO] Using 'UTF-8' encoding to copy filtered resources.
[INFO] Copying 3 resources to META-INF/
[INFO] 
[INFO] --- maven-compiler-plugin:3.8.0:compile (default-compile) @ jsoup ---
[INFO] Changes detected - recompiling the module!
[INFO] Compiling 68 source files to /home/lukas/workspace/master-benchmark/projects/jsoup/target/classes
[INFO] /home/lukas/workspace/master-benchmark/projects/jsoup/src/main/java/org/jsoup/nodes/Attributes.java: /home/lukas/workspace/master-benchmark/projects/jsoup/src/main/java/org/jsoup/nodes/Attributes.java uses or overrides a deprecated API.
[INFO] /home/lukas/workspace/master-benchmark/projects/jsoup/src/main/java/org/jsoup/nodes/Attributes.java: Recompile with -Xlint:deprecation for details.
[INFO] 
[INFO] --- animal-sniffer-maven-plugin:1.16:check (animal-sniffer) @ jsoup ---
[INFO] Checking unresolved references to net.sf.androidscents.signature:android-api-level-8:2.2_r3
[INFO] 
[INFO] >>> maven-bundle-plugin:2.5.4:manifest (bundle-manifest) > process-classes @ jsoup >>>
[INFO] 
[INFO] --- maven-resources-plugin:3.0.1:resources (default-resources) @ jsoup ---
[INFO] Using 'UTF-8' encoding to copy filtered resources.
[INFO] Copying 3 resources to META-INF/
[INFO] 
[INFO] --- maven-compiler-plugin:3.8.0:compile (default-compile) @ jsoup ---
[INFO] Changes detected - recompiling the module!
[INFO] Compiling 68 source files to /home/lukas/workspace/master-benchmark/projects/jsoup/target/classes
[INFO] /home/lukas/workspace/master-benchmark/projects/jsoup/src/main/java/org/jsoup/nodes/Attributes.java: /home/lukas/workspace/master-benchmark/projects/jsoup/src/main/java/org/jsoup/nodes/Attributes.java uses or overrides a deprecated API.
[INFO] /home/lukas/workspace/master-benchmark/projects/jsoup/src/main/java/org/jsoup/nodes/Attributes.java: Recompile with -Xlint:deprecation for details.
[INFO] 
[INFO] --- animal-sniffer-maven-plugin:1.16:check (animal-sniffer) @ jsoup ---
[INFO] Checking unresolved references to net.sf.androidscents.signature:android-api-level-8:2.2_r3
[INFO] 
[INFO] <<< maven-bundle-plugin:2.5.4:manifest (bundle-manifest) < process-classes @ jsoup <<<
[INFO] 
[INFO] 
[INFO] --- maven-bundle-plugin:2.5.4:manifest (bundle-manifest) @ jsoup ---
[INFO] 
[INFO] --- maven-resources-plugin:3.0.1:testResources (default-testResources) @ jsoup ---
[INFO] Using 'UTF-8' encoding to copy filtered resources.
[INFO] Copying 27 resources
[INFO] 
[INFO] --- maven-compiler-plugin:3.8.0:testCompile (default-testCompile) @ jsoup ---
[INFO] Changes detected - recompiling the module!
[INFO] Compiling 50 source files to /home/lukas/workspace/master-benchmark/projects/jsoup/target/test-classes
[INFO] /home/lukas/workspace/master-benchmark/projects/jsoup/src/test/java/org/jsoup/parser/AttributeParseTest.java: Some input files use or override a deprecated API.
[INFO] /home/lukas/workspace/master-benchmark/projects/jsoup/src/test/java/org/jsoup/parser/AttributeParseTest.java: Recompile with -Xlint:deprecation for details.
[INFO] 
[INFO] --- maven-surefire-plugin:2.12.4:test (default-test) @ jsoup ---
[INFO] Surefire report directory: /home/lukas/workspace/master-benchmark/projects/jsoup/target/surefire-reports

-------------------------------------------------------
 T E S T S
-------------------------------------------------------
Running org.jsoup.helper.DataUtilTest
Tests run: 15, Failures: 0, Errors: 0, Skipped: 1, Time elapsed: 0.118 sec
Running org.jsoup.helper.HttpConnectionTest
Tests run: 23, Failures: 0, Errors: 0, Skipped: 5, Time elapsed: 0.008 sec
Running org.jsoup.helper.W3CDomTest
Tests run: 8, Failures: 0, Errors: 0, Skipped: 0, Time elapsed: 0.431 sec
Running org.jsoup.parser.HtmlParserTest
Tests run: 138, Failures: 0, Errors: 0, Skipped: 10, Time elapsed: 0.495 sec
Running org.jsoup.parser.ParserTest
Tests run: 2, Failures: 0, Errors: 0, Skipped: 1, Time elapsed: 0 sec
Running org.jsoup.parser.HtmlTreeBuilderStateTest
Tests run: 1, Failures: 0, Errors: 0, Skipped: 0, Time elapsed: 0 sec
Running org.jsoup.parser.TokenQueueTest
Tests run: 9, Failures: 0, Errors: 0, Skipped: 1, Time elapsed: 0 sec
Running org.jsoup.parser.CharacterReaderTest
Tests run: 23, Failures: 0, Errors: 0, Skipped: 1, Time elapsed: 0.004 sec
Running org.jsoup.parser.TagTest
Tests run: 10, Failures: 0, Errors: 0, Skipped: 0, Time elapsed: 0.002 sec
Running org.jsoup.parser.ParserSettingsTest
Tests run: 3, Failures: 0, Errors: 0, Skipped: 1, Time elapsed: 0 sec
Running org.jsoup.parser.TokeniserTest
Tests run: 12, Failures: 0, Errors: 0, Skipped: 3, Time elapsed: 0.016 sec
Running org.jsoup.parser.HtmlTreeBuilderTest
Tests run: 1, Failures: 0, Errors: 0, Skipped: 0, Time elapsed: 0 sec
Running org.jsoup.parser.XmlTreeBuilderTest
Tests run: 24, Failures: 0, Errors: 0, Skipped: 3, Time elapsed: 0.01 sec
Running org.jsoup.parser.TokeniserStateTest
Tests run: 16, Failures: 0, Errors: 0, Skipped: 4, Time elapsed: 0.018 sec
Running org.jsoup.parser.AttributeParseTest
Tests run: 8, Failures: 0, Errors: 0, Skipped: 1, Time elapsed: 0.002 sec
Running org.jsoup.nodes.ElementTest
Tests run: 107, Failures: 0, Errors: 0, Skipped: 7, Time elapsed: 1.235 sec
Running org.jsoup.nodes.NodeTest
Tests run: 25, Failures: 0, Errors: 0, Skipped: 5, Time elapsed: 0.005 sec
Running org.jsoup.nodes.FormElementTest
Tests run: 11, Failures: 0, Errors: 0, Skipped: 1, Time elapsed: 0.002 sec
Running org.jsoup.nodes.DocumentTest
Tests run: 30, Failures: 0, Errors: 0, Skipped: 4, Time elapsed: 0.023 sec
Running org.jsoup.nodes.EntitiesTest
Tests run: 15, Failures: 0, Errors: 0, Skipped: 2, Time elapsed: 0.004 sec
Running org.jsoup.nodes.DocumentTypeTest
Tests run: 5, Failures: 0, Errors: 0, Skipped: 1, Time elapsed: 0.002 sec
Running org.jsoup.nodes.AttributesTest
Tests run: 8, Failures: 0, Errors: 0, Skipped: 0, Time elapsed: 0.002 sec
Running org.jsoup.nodes.AttributeTest
Tests run: 6, Failures: 0, Errors: 0, Skipped: 1, Time elapsed: 0.001 sec
Running org.jsoup.nodes.TextNodeTest
Tests run: 9, Failures: 0, Errors: 0, Skipped: 0, Time elapsed: 0.002 sec
Running org.jsoup.safety.CleanerTest
Tests run: 35, Failures: 0, Errors: 0, Skipped: 6, Time elapsed: 0.014 sec
Running org.jsoup.internal.ConstrainableInputStreamTest
Tests run: 1, Failures: 0, Errors: 0, Skipped: 1, Time elapsed: 0 sec
Running org.jsoup.internal.StringUtilTest
Tests run: 9, Failures: 0, Errors: 0, Skipped: 2, Time elapsed: 0.001 sec
Running org.jsoup.select.QueryParserTest
Tests run: 7, Failures: 0, Errors: 0, Skipped: 1, Time elapsed: 0.001 sec
Running org.jsoup.select.ElementsTest
Tests run: 34, Failures: 0, Errors: 0, Skipped: 5, Time elapsed: 0.007 sec
Running org.jsoup.select.TraversorTest
Tests run: 5, Failures: 0, Errors: 0, Skipped: 1, Time elapsed: 0.001 sec
Running org.jsoup.select.CssTest
Tests run: 17, Failures: 0, Errors: 0, Skipped: 1, Time elapsed: 0.023 sec
Running org.jsoup.select.SelectorTest
Tests run: 76, Failures: 0, Errors: 0, Skipped: 11, Time elapsed: 0.017 sec
Running org.jsoup.integration.ParseTest
Tests run: 11, Failures: 0, Errors: 0, Skipped: 1, Time elapsed: 0.1 sec
Running org.jsoup.integration.ConnectTest
Tests run: 31, Failures: 0, Errors: 0, Skipped: 2, Time elapsed: 1.613 sec
Running org.jsoup.integration.UrlConnectTest
Tests run: 1, Failures: 0, Errors: 0, Skipped: 1, Time elapsed: 0 sec

Results :

Tests run: 736, Failures: 0, Errors: 0, Skipped: 84

[INFO] 
[INFO] --- maven-jar-plugin:3.0.2:jar (default-jar) @ jsoup ---
[INFO] Building jar: /home/lukas/workspace/master-benchmark/projects/jsoup/target/jsoup-1.12.2.jar
[INFO] 
[INFO] --- maven-assembly-plugin:2.6:single (make-assembly) @ jsoup ---
[INFO] Reading assembly descriptor: src/assembly/assembly.xml
[INFO] ------------------------------------------------------------------------
[INFO] BUILD FAILURE
[INFO] ------------------------------------------------------------------------
[INFO] Total time:  10.301 s
[INFO] Finished at: 2021-11-05T01:28:28+01:00
[INFO] ------------------------------------------------------------------------
[ERROR] Failed to execute goal org.apache.maven.plugins:maven-assembly-plugin:2.6:single (make-assembly) on project jsoup: Error reading assemblies: Error locating assembly descriptor: src/assembly/assembly.xml
[ERROR] 
[ERROR] [1] [INFO] Searching for file location: /home/lukas/workspace/master-benchmark/projects/jsoup/src/assembly/assembly.xml
[ERROR] 
[ERROR] [2] [INFO] File: /home/lukas/workspace/master-benchmark/projects/jsoup/src/assembly/assembly.xml does not exist.
[ERROR] 
[ERROR] [3] [INFO] File: /home/lukas/workspace/master-benchmark/projects/jsoup/src/assembly/assembly.xml does not exist.
[ERROR] -> [Help 1]
[ERROR] 
[ERROR] To see the full stack trace of the errors, re-run Maven with the -e switch.
[ERROR] Re-run Maven using the -X switch to enable full debug logging.
[ERROR] 
[ERROR] For more information about the errors and possible solutions, please read the following articles:
[ERROR] [Help 1] http://cwiki.apache.org/confluence/display/MAVEN/MojoExecutionException
[INFO] Scanning for projects...
[INFO] 
[INFO] --------------------------< org.jsoup:jsoup >---------------------------
[INFO] Building jsoup Java HTML Parser 1.12.2
[INFO] --------------------------------[ jar ]---------------------------------
[INFO] 
[INFO] --- maven-assembly-plugin:2.6:single (default-cli) @ jsoup ---
[INFO] Reading assembly descriptor: src/assembly/assembly.xml
[INFO] ------------------------------------------------------------------------
[INFO] BUILD FAILURE
[INFO] ------------------------------------------------------------------------
[INFO] Total time:  0.685 s
[INFO] Finished at: 2021-11-05T01:28:29+01:00
[INFO] ------------------------------------------------------------------------
[ERROR] Failed to execute goal org.apache.maven.plugins:maven-assembly-plugin:2.6:single (default-cli) on project jsoup: Error reading assemblies: Error locating assembly descriptor: src/assembly/assembly.xml
[ERROR] 
[ERROR] [1] [INFO] Searching for file location: /home/lukas/workspace/master-benchmark/projects/jsoup/src/assembly/assembly.xml
[ERROR] 
[ERROR] [2] [INFO] File: /home/lukas/workspace/master-benchmark/projects/jsoup/src/assembly/assembly.xml does not exist.
[ERROR] 
[ERROR] [3] [INFO] File: /home/lukas/workspace/master-benchmark/projects/jsoup/src/assembly/assembly.xml does not exist.
[ERROR] -> [Help 1]
[ERROR] 
[ERROR] To see the full stack trace of the errors, re-run Maven with the -e switch.
[ERROR] Re-run Maven using the -X switch to enable full debug logging.
[ERROR] 
[ERROR] For more information about the errors and possible solutions, please read the following articles:
[ERROR] [Help 1] http://cwiki.apache.org/confluence/display/MAVEN/MojoExecutionException
[INFO] Scanning for projects...
[INFO] 
[INFO] --------------------------< org.jsoup:jsoup >---------------------------
[INFO] Building jsoup Java HTML Parser 1.12.2
[INFO] --------------------------------[ jar ]---------------------------------
[INFO] 
[INFO] --- pitest-maven:1.7.2:mutationCoverage (default-cli) @ jsoup ---
[INFO] Found plugin : Default csv report plugin
[INFO] Found plugin : Default xml report plugin
[INFO] Found plugin : Default html report plugin
[INFO] Found plugin : Static initializer code detector plugin
[INFO] Found plugin : Excluded annotations plugin
[INFO] Found plugin : Try with resources filter
[INFO] Found plugin : Inlined finally block filter plugin
[INFO] Found plugin : Implicit null check filter
[INFO] Found plugin : Method reference null check filter
[INFO] Found plugin : For each loop filter
[INFO] Found plugin : Enum constructor filter
[INFO] Found plugin : Record junk mutation filter
[INFO] Found plugin : Logging calls filter
[INFO] Found plugin : Infinite for loop filter
[INFO] Found plugin : Long running iterator loop filter
[INFO] Found plugin : For loop counter filter
[INFO] Found plugin : Kotlin junk mutations filter
[INFO] Found plugin : Max mutations per class limit
[INFO] Found plugin : Equals shortcut equivalent mutant filter
[INFO] Found plugin : Trivial return vals equivalence filter
[INFO] Found plugin : Mutant export plugin
[INFO] Found shared classpath plugin : Default mutation engine
[INFO] Found shared classpath plugin : JUnit plugin
[INFO] Found shared classpath plugin : TestNG plugin
[INFO] Available mutators : EXPERIMENTAL_ARGUMENT_PROPAGATION,FALSE_RETURNS,TRUE_RETURNS,CONDITIONALS_BOUNDARY,CONSTRUCTOR_CALLS,EMPTY_RETURNS,INCREMENTS,INLINE_CONSTS,INVERT_NEGS,MATH,NEGATE_CONDITIONALS,NON_VOID_METHOD_CALLS,NULL_RETURNS,PRIMITIVE_RETURNS,REMOVE_CONDITIONALS_EQUAL_IF,REMOVE_CONDITIONALS_EQUAL_ELSE,REMOVE_CONDITIONALS_ORDER_IF,REMOVE_CONDITIONALS_ORDER_ELSE,RETURN_VALS,VOID_METHOD_CALLS,EXPERIMENTAL_BIG_INTEGER,EXPERIMENTAL_MEMBER_VARIABLE,EXPERIMENTAL_NAKED_RECEIVER,REMOVE_INCREMENTS,EXPERIMENTAL_RETURN_VALUES_MUTATOR,EXPERIMENTAL_SWITCH,EXPERIMENTAL_BIG_INTEGER,ABS,AOD1,AOD2,AOR1,AOR2,AOR3,AOR4,CRCR1,CRCR2,CRCR3,CRCR4,CRCR5,CRCR6,OBBN1,OBBN2,OBBN3,ROR1,ROR2,ROR3,ROR4,ROR5,UOI1,UOI2,UOI3,UOI4
[INFO] Adding org.pitest:pitest to SUT classpath
[INFO] Mutating from /home/lukas/workspace/master-benchmark/projects/jsoup/target/classes
[INFO] Defaulting target classes to match packages in build directory
[INFO] Defaulting target tests to match packages in test build directory
01:28:31 PIT >> INFO : Verbose logging is disabled. If you encounter a problem, please enable it before reporting an issue.
01:28:34 PIT >> INFO : Incremental analysis reduced number of mutations by 0
01:28:34 PIT >> INFO : Created  223 mutation test units in pre scan
01:28:34 PIT >> INFO : Sending 295 test classes to minion
01:28:34 PIT >> INFO : Sent tests to minion
/-\|/-\|/-\|/-\|/-\|/-\|/-\|/-\|/-\|/-\|/-\|/01:28:35 PIT >> INFO : MINION : 2021-11-05 01:28:35.908:INFO::main: Logging initialized @1656ms to org.eclipse.jetty.util.log.StdErrLog
01:28:35 PIT >> INFO : MINION : 2021-11-05 01:28:35.955:INFO:oejs.Server:main: jetty-9.4.26.v20200117; built: 2020-01-17T12:35:33.676Z; git: 7b38981d25d14afb4a12ff1f2596756144edf695; jvm 11.0.12+7
01:28:35 PIT >> INFO : MINION : 2021-11-05 01:28:35.986:INFO:oejs.AbstractConnector:main: Started ServerConnector@344666ff{HTTP/1.1,[http/1.1]}{0.0.0.0:44403}
01:28:35 PIT >> INFO : MINION : 2021-11-05 01:28:35.986:INFO:oejs.Server:main: Started @1735ms
01:28:36 PIT >> INFO : MINION : 2021-11-05 01:28:36.645:INFO:oejs.AbstractConnector:main: Stopped ServerConnector@344666ff{HTTP/1.1,[http/1.1]}{0.0.0.0:0}
-\|/-\|/-\|/-\|/-\|/-\|/-\|/-\|/-\|/-\|/-\|/-\|/-\|/-\|/-\|/-\|/-\|/-\|/-\|/-\|/-\|/-\|/-\|/-\|/-\|/-\|/-\|/-\|/-\|/-\|/-\|/-\|/-\|/-\|/-\|/-\|/-\|/-\|/-\|/-\|/-\|/-\|/-\|/-\|/-\|/-\|/-\|/-\|/-\|/-\|/-\|/-\|/-\|/-\|/-\|/-\|/-\|/-\|/-\|/-\|/-\|/-\|/-\|/-\|/-\|/-\|/-\|/-\|/-\|/-\|/-\|/-\|/-\|/-\|/-\|/-\|/-\|/-\|/-\|/-\|/-\|/-\|/-\|/-\|/-\|/-\|/-\|/-\|/-\|/-\|/-\|/-\|/-\|/-\|/-\|/-\|/-\|/-\|/-\|/-\|/-\|/-\|/-\|/-\|/-\|/-\|/-\|/-\|/-\|/-\|/-\|/-\|/-\|/-\|/-\|/-\|/-\|/-\|/-\|/-\|/-\|/-\|/-\|/-\|/-\|/-\|/-\|/-\|/-\|/-\|/-\|/-\|/-\|/-\|/-\|/-\|/-\|/-\|/-\|/-\|/-\|/-\|/-\|/-\|/-\|/-\|/-\|/-\|/-\|/-\|/-\|/-\|/-\|/-\|/-\|/-\|/-\|/-\|/-\|/-\|/-\|/-\|01:28:41 PIT >> INFO : Calculated coverage in 7 seconds.
01:28:47 PIT >> INFO : Incremental analysis reduced number of mutations by 0
01:28:47 PIT >> INFO : Created  223 mutation test units
/-01:29:58 PIT >> WARNING : Minion exited abnormally due to TIMED_OUT
01:30:06 PIT >> WARNING : Minion exited abnormally due to TIMED_OUT
01:30:43 PIT >> WARNING : Minion exited abnormally due to TIMED_OUT
01:31:02 PIT >> WARNING : Minion exited abnormally due to TIMED_OUT
01:31:14 PIT >> WARNING : Minion exited abnormally due to TIMED_OUT
\|01:31:34 PIT >> WARNING : Minion exited abnormally due to TIMED_OUT
01:31:46 PIT >> WARNING : Minion exited abnormally due to TIMED_OUT
01:31:50 PIT >> WARNING : Minion exited abnormally due to TIMED_OUT
01:32:00 PIT >> WARNING : Minion exited abnormally due to TIMED_OUT
/01:32:21 PIT >> WARNING : Minion exited abnormally due to TIMED_OUT
-01:32:32 PIT >> WARNING : Minion exited abnormally due to TIMED_OUT
01:32:37 PIT >> WARNING : Minion exited abnormally due to TIMED_OUT
01:32:41 PIT >> WARNING : Minion exited abnormally due to TIMED_OUT
01:32:46 PIT >> WARNING : Minion exited abnormally due to TIMED_OUT
01:32:51 PIT >> WARNING : Minion exited abnormally due to TIMED_OUT
\01:33:08 PIT >> WARNING : Minion exited abnormally due to TIMED_OUT
|01:33:17 PIT >> WARNING : Minion exited abnormally due to TIMED_OUT
01:33:21 PIT >> WARNING : Minion exited abnormally due to TIMED_OUT
01:33:26 PIT >> WARNING : Minion exited abnormally due to TIMED_OUT
01:33:31 PIT >> WARNING : Minion exited abnormally due to TIMED_OUT
01:33:35 PIT >> WARNING : Minion exited abnormally due to TIMED_OUT
01:33:39 PIT >> WARNING : Minion exited abnormally due to TIMED_OUT
01:33:43 PIT >> WARNING : Minion exited abnormally due to TIMED_OUT
01:33:49 PIT >> WARNING : Minion exited abnormally due to TIMED_OUT
01:33:53 PIT >> WARNING : Minion exited abnormally due to TIMED_OUT
01:33:57 PIT >> WARNING : Minion exited abnormally due to TIMED_OUT
01:34:01 PIT >> WARNING : Minion exited abnormally due to TIMED_OUT
01:34:08 PIT >> WARNING : Minion exited abnormally due to TIMED_OUT
01:34:12 PIT >> WARNING : Minion exited abnormally due to TIMED_OUT
01:34:16 PIT >> WARNING : Minion exited abnormally due to TIMED_OUT
01:34:20 PIT >> WARNING : Minion exited abnormally due to TIMED_OUT
01:34:25 PIT >> WARNING : Minion exited abnormally due to TIMED_OUT
01:34:29 PIT >> WARNING : Minion exited abnormally due to TIMED_OUT
01:34:33 PIT >> WARNING : Minion exited abnormally due to TIMED_OUT
/01:34:39 PIT >> WARNING : Minion exited abnormally due to TIMED_OUT
01:34:48 PIT >> WARNING : Minion exited abnormally due to TIMED_OUT
01:34:52 PIT >> WARNING : Minion exited abnormally due to TIMED_OUT
01:35:10 PIT >> WARNING : Minion exited abnormally due to TIMED_OUT
-\|/-\|/-\|/-\01:36:41 PIT >> WARNING : Minion exited abnormally due to TIMED_OUT
01:36:48 PIT >> WARNING : Minion exited abnormally due to TIMED_OUT
|/-\|/-\01:37:36 PIT >> WARNING : Minion exited abnormally due to TIMED_OUT
01:37:40 PIT >> WARNING : Minion exited abnormally due to TIMED_OUT
01:37:44 PIT >> WARNING : Minion exited abnormally due to TIMED_OUT
01:37:48 PIT >> WARNING : Minion exited abnormally due to TIMED_OUT
01:37:52 PIT >> WARNING : Minion exited abnormally due to TIMED_OUT
01:37:55 PIT >> WARNING : Minion exited abnormally due to TIMED_OUT
01:37:59 PIT >> WARNING : Minion exited abnormally due to TIMED_OUT
01:38:03 PIT >> WARNING : Minion exited abnormally due to TIMED_OUT
|/-\|/-01:38:41 PIT >> WARNING : Minion exited abnormally due to TIMED_OUT
\|/-\|01:39:45 PIT >> WARNING : Minion exited abnormally due to TIMED_OUT
/-\|/-\|/01:40:37 PIT >> WARNING : Minion exited abnormally due to TIMED_OUT
-01:40:41 PIT >> WARNING : Minion exited abnormally due to TIMED_OUT
01:40:45 PIT >> WARNING : Minion exited abnormally due to TIMED_OUT
\|/-\|01:40:59 PIT >> WARNING : Minion exited abnormally due to TIMED_OUT
01:41:02 PIT >> WARNING : Minion exited abnormally due to TIMED_OUT
01:41:06 PIT >> WARNING : Minion exited abnormally due to TIMED_OUT
/-\|01:41:15 PIT >> WARNING : Minion exited abnormally due to TIMED_OUT
/-01:41:22 PIT >> WARNING : Minion exited abnormally due to TIMED_OUT
\01:41:26 PIT >> WARNING : Minion exited abnormally due to TIMED_OUT
|/-\|01:41:39 PIT >> WARNING : Minion exited abnormally due to TIMED_OUT
/01:41:43 PIT >> WARNING : Minion exited abnormally due to TIMED_OUT
-01:41:50 PIT >> WARNING : Minion exited abnormally due to TIMED_OUT
\|/-\|/-\01:42:10 PIT >> WARNING : Minion exited abnormally due to TIMED_OUT
01:42:13 PIT >> WARNING : Minion exited abnormally due to TIMED_OUT
01:42:17 PIT >> WARNING : Minion exited abnormally due to TIMED_OUT
01:42:21 PIT >> WARNING : Minion exited abnormally due to TIMED_OUT
|/01:42:26 PIT >> WARNING : Minion exited abnormally due to TIMED_OUT
-\|/01:42:37 PIT >> WARNING : Minion exited abnormally due to TIMED_OUT
01:42:41 PIT >> WARNING : Minion exited abnormally due to TIMED_OUT
01:42:47 PIT >> WARNING : Minion exited abnormally due to TIMED_OUT
-01:42:50 PIT >> WARNING : Minion exited abnormally due to TIMED_OUT
\01:42:55 PIT >> WARNING : Minion exited abnormally due to TIMED_OUT
|/-\|/-\01:43:09 PIT >> WARNING : Minion exited abnormally due to TIMED_OUT
|01:43:13 PIT >> WARNING : Minion exited abnormally due to TIMED_OUT
01:43:16 PIT >> WARNING : Minion exited abnormally due to TIMED_OUT
/01:43:21 PIT >> WARNING : Minion exited abnormally due to TIMED_OUT
01:43:24 PIT >> WARNING : Minion exited abnormally due to TIMED_OUT
-\|/-\01:43:31 PIT >> WARNING : Minion exited abnormally due to TIMED_OUT
01:43:34 PIT >> WARNING : Minion exited abnormally due to TIMED_OUT
01:43:38 PIT >> WARNING : Minion exited abnormally due to TIMED_OUT
|01:43:43 PIT >> WARNING : Minion exited abnormally due to TIMED_OUT
01:43:46 PIT >> WARNING : Minion exited abnormally due to TIMED_OUT
/-01:43:52 PIT >> WARNING : Minion exited abnormally due to TIMED_OUT
01:43:56 PIT >> WARNING : Minion exited abnormally due to TIMED_OUT
01:44:00 PIT >> WARNING : Minion exited abnormally due to TIMED_OUT
01:44:04 PIT >> WARNING : Minion exited abnormally due to TIMED_OUT
01:44:08 PIT >> WARNING : Minion exited abnormally due to TIMED_OUT
\|/-\|/-01:44:22 PIT >> WARNING : Minion exited abnormally due to TIMED_OUT
\|/-\01:44:31 PIT >> WARNING : Minion exited abnormally due to TIMED_OUT
|/-01:44:36 PIT >> WARNING : Minion exited abnormally due to TIMED_OUT
01:44:40 PIT >> WARNING : Minion exited abnormally due to TIMED_OUT
01:44:44 PIT >> WARNING : Minion exited abnormally due to TIMED_OUT
\|/-\01:44:53 PIT >> WARNING : Minion exited abnormally due to TIMED_OUT
01:44:57 PIT >> WARNING : Minion exited abnormally due to TIMED_OUT
01:45:00 PIT >> WARNING : Minion exited abnormally due to TIMED_OUT
|/-01:45:06 PIT >> WARNING : Minion exited abnormally due to TIMED_OUT
\|/01:45:13 PIT >> WARNING : Minion exited abnormally due to TIMED_OUT
-\|01:45:19 PIT >> WARNING : Minion exited abnormally due to TIMED_OUT
/-01:45:24 PIT >> WARNING : Minion exited abnormally due to TIMED_OUT
01:45:28 PIT >> WARNING : Minion exited abnormally due to TIMED_OUT
\01:45:35 PIT >> WARNING : Minion exited abnormally due to TIMED_OUT
01:45:38 PIT >> WARNING : Minion exited abnormally due to TIMED_OUT
|/01:45:44 PIT >> WARNING : Minion exited abnormally due to TIMED_OUT
01:45:48 PIT >> WARNING : Minion exited abnormally due to TIMED_OUT
01:45:52 PIT >> WARNING : Minion exited abnormally due to TIMED_OUT
-01:45:56 PIT >> WARNING : Minion exited abnormally due to TIMED_OUT
\|/-\|/-\|/-\|01:46:12 PIT >> WARNING : Minion exited abnormally due to TIMED_OUT
/01:46:16 PIT >> WARNING : Minion exited abnormally due to TIMED_OUT
01:46:19 PIT >> WARNING : Minion exited abnormally due to TIMED_OUT
-\|01:46:28 PIT >> WARNING : Minion exited abnormally due to TIMED_OUT
01:46:31 PIT >> WARNING : Minion exited abnormally due to TIMED_OUT
/-\|/-\|/-\|/-\|/-\|/-\|/-\|/-\|/-\01:47:07 PIT >> WARNING : Minion exited abnormally due to TIMED_OUT
|01:47:10 PIT >> WARNING : Minion exited abnormally due to TIMED_OUT
/01:47:14 PIT >> WARNING : Minion exited abnormally due to TIMED_OUT
-01:47:18 PIT >> WARNING : Minion exited abnormally due to TIMED_OUT
\01:47:21 PIT >> WARNING : Minion exited abnormally due to TIMED_OUT
|/01:47:26 PIT >> WARNING : Minion exited abnormally due to TIMED_OUT
-\|/01:47:32 PIT >> WARNING : Minion exited abnormally due to TIMED_OUT
-\|01:47:38 PIT >> WARNING : Minion exited abnormally due to TIMED_OUT
/01:47:41 PIT >> WARNING : Minion exited abnormally due to TIMED_OUT
-\|/-\|/-\01:47:52 PIT >> INFO : Completed in 1160 seconds
================================================================================
- Mutators
================================================================================
> org.pitest.mutationtest.engine.gregor.mutators.ConditionalsBoundaryMutator
>> Generated 248 Killed 172 (69%)
> KILLED 169 SURVIVED 58 TIMED_OUT 3 NON_VIABLE 0 
> MEMORY_ERROR 0 NOT_STARTED 0 STARTED 0 RUN_ERROR 0 
> NO_COVERAGE 18 
--------------------------------------------------------------------------------
> org.pitest.mutationtest.engine.gregor.mutators.IncrementsMutator
>> Generated 84 Killed 73 (87%)
> KILLED 71 SURVIVED 2 TIMED_OUT 2 NON_VIABLE 0 
> MEMORY_ERROR 0 NOT_STARTED 0 STARTED 0 RUN_ERROR 0 
> NO_COVERAGE 9 
--------------------------------------------------------------------------------
> org.pitest.mutationtest.engine.gregor.mutators.returns.PrimitiveReturnsMutator
>> Generated 46 Killed 36 (78%)
> KILLED 35 SURVIVED 1 TIMED_OUT 1 NON_VIABLE 0 
> MEMORY_ERROR 0 NOT_STARTED 0 STARTED 0 RUN_ERROR 0 
> NO_COVERAGE 9 
--------------------------------------------------------------------------------
> org.pitest.mutationtest.engine.gregor.mutators.VoidMethodCallMutator
>> Generated 1404 Killed 689 (49%)
> KILLED 605 SURVIVED 284 TIMED_OUT 84 NON_VIABLE 0 
> MEMORY_ERROR 0 NOT_STARTED 0 STARTED 0 RUN_ERROR 0 
> NO_COVERAGE 431 
--------------------------------------------------------------------------------
> org.pitest.mutationtest.engine.gregor.mutators.returns.BooleanTrueReturnValsMutator
>> Generated 385 Killed 191 (50%)
> KILLED 190 SURVIVED 75 TIMED_OUT 1 NON_VIABLE 0 
> MEMORY_ERROR 0 NOT_STARTED 0 STARTED 0 RUN_ERROR 0 
> NO_COVERAGE 119 
--------------------------------------------------------------------------------
> org.pitest.mutationtest.engine.gregor.mutators.returns.NullReturnValsMutator
>> Generated 424 Killed 286 (67%)
> KILLED 285 SURVIVED 68 TIMED_OUT 1 NON_VIABLE 0 
> MEMORY_ERROR 0 NOT_STARTED 0 STARTED 0 RUN_ERROR 0 
> NO_COVERAGE 70 
--------------------------------------------------------------------------------
> org.pitest.mutationtest.engine.gregor.mutators.MathMutator
>> Generated 200 Killed 143 (72%)
> KILLED 140 SURVIVED 10 TIMED_OUT 3 NON_VIABLE 0 
> MEMORY_ERROR 0 NOT_STARTED 0 STARTED 0 RUN_ERROR 0 
> NO_COVERAGE 47 
--------------------------------------------------------------------------------
> org.pitest.mutationtest.engine.gregor.mutators.returns.BooleanFalseReturnValsMutator
>> Generated 259 Killed 142 (55%)
> KILLED 142 SURVIVED 65 TIMED_OUT 0 NON_VIABLE 0 
> MEMORY_ERROR 0 NOT_STARTED 0 STARTED 0 RUN_ERROR 0 
> NO_COVERAGE 52 
--------------------------------------------------------------------------------
> org.pitest.mutationtest.engine.gregor.mutators.returns.EmptyObjectReturnValsMutator
>> Generated 261 Killed 182 (70%)
> KILLED 182 SURVIVED 7 TIMED_OUT 0 NON_VIABLE 0 
> MEMORY_ERROR 0 NOT_STARTED 0 STARTED 0 RUN_ERROR 0 
> NO_COVERAGE 72 
--------------------------------------------------------------------------------
> org.pitest.mutationtest.engine.gregor.mutators.NegateConditionalsMutator
>> Generated 1642 Killed 1428 (87%)
> KILLED 1403 SURVIVED 83 TIMED_OUT 25 NON_VIABLE 0 
> MEMORY_ERROR 0 NOT_STARTED 0 STARTED 0 RUN_ERROR 0 
> NO_COVERAGE 131 
--------------------------------------------------------------------------------
================================================================================
- Timings
================================================================================
> pre-scan for mutations : 2 seconds
> scan classpath : < 1 second
> coverage and dependency analysis : 7 seconds
> build mutation tests : 2 seconds
> run mutation analysis : 19 minutes and 4 seconds
--------------------------------------------------------------------------------
> Total  : 19 minutes and 16 seconds
--------------------------------------------------------------------------------
================================================================================
- Statistics
================================================================================
>> Line Coverage: 6210/7564 (82%)
>> Generated 4953 mutations Killed 3342 (67%)
>> Mutations with no coverage 958. Test strength 84%
>> Ran 67264 tests (13.58 tests per mutation)

Pitest development is currently supported by GroupCDG.
Enhanced functionality available at https://pitest.groupcdg.com/
[INFO] ------------------------------------------------------------------------
[INFO] BUILD SUCCESS
[INFO] ------------------------------------------------------------------------
[INFO] Total time:  19:21 min
[INFO] Finished at: 2021-11-05T01:47:52+01:00
[INFO] ------------------------------------------------------------------------
HEAD ist jetzt bei 5b58a79 [confucius] add shell scripts
