HEAD ist jetzt bei 88b6ba0 [commons-lang] mod (tmp) mutation to continue mut testing
[INFO] Scanning for projects...
[INFO] 
[INFO] ------------------< org.apache.commons:commons-lang3 >------------------
[INFO] Building Apache Commons Lang 3.4
[INFO] --------------------------------[ jar ]---------------------------------
[INFO] 
[INFO] --- maven-clean-plugin:2.6.1:clean (default-clean) @ commons-lang3 ---
[INFO] Deleting /home/lukas/workspace/master-benchmark/projects/commons-lang/target
[INFO] 
[INFO] --- maven-enforcer-plugin:1.3.1:enforce (enforce-maven-3) @ commons-lang3 ---
[INFO] 
[INFO] --- build-helper-maven-plugin:1.8:parse-version (parse-version) @ commons-lang3 ---
[INFO] 
[INFO] --- maven-antrun-plugin:1.8:run (javadoc.resources) @ commons-lang3 ---
[INFO] Executing tasks

main:
     [copy] Copying 2 files to /home/lukas/workspace/master-benchmark/projects/commons-lang/target/apidocs/META-INF
[INFO] Executed tasks
[INFO] 
[INFO] --- maven-remote-resources-plugin:1.5:process (default) @ commons-lang3 ---
[INFO] 
[INFO] --- buildnumber-maven-plugin:1.3:create (default) @ commons-lang3 ---
[INFO] Executing: /bin/sh -c cd /home/lukas/workspace/master-benchmark/projects/commons-lang && svn --non-interactive info
[INFO] Working directory: /home/lukas/workspace/master-benchmark/projects/commons-lang
[INFO] Storing buildNumber: ?????? at timestamp: 1637142532475
[INFO] Executing: /bin/sh -c cd /home/lukas/workspace/master-benchmark/projects/commons-lang && svn --non-interactive info
[INFO] Working directory: /home/lukas/workspace/master-benchmark/projects/commons-lang
[INFO] Storing buildScmBranch: UNKNOWN_BRANCH
[INFO] 
[INFO] --- maven-resources-plugin:2.7:resources (default-resources) @ commons-lang3 ---
[INFO] Using 'ISO-8859-1' encoding to copy filtered resources.
[INFO] skip non existing resourceDirectory /home/lukas/workspace/master-benchmark/projects/commons-lang/src/main/resources
[INFO] Copying 2 resources to META-INF
[INFO] 
[INFO] --- maven-compiler-plugin:3.2:compile (default-compile) @ commons-lang3 ---
[INFO] Changes detected - recompiling the module!
[INFO] Compiling 133 source files to /home/lukas/workspace/master-benchmark/projects/commons-lang/target/classes
[INFO] /home/lukas/workspace/master-benchmark/projects/commons-lang/src/main/java/org/apache/commons/lang3/reflect/FieldUtils.java: Some input files use or override a deprecated API.
[INFO] /home/lukas/workspace/master-benchmark/projects/commons-lang/src/main/java/org/apache/commons/lang3/reflect/FieldUtils.java: Recompile with -Xlint:deprecation for details.
[INFO] /home/lukas/workspace/master-benchmark/projects/commons-lang/src/main/java/org/apache/commons/lang3/SerializationUtils.java: /home/lukas/workspace/master-benchmark/projects/commons-lang/src/main/java/org/apache/commons/lang3/SerializationUtils.java uses unchecked or unsafe operations.
[INFO] /home/lukas/workspace/master-benchmark/projects/commons-lang/src/main/java/org/apache/commons/lang3/SerializationUtils.java: Recompile with -Xlint:unchecked for details.
[INFO] 
[INFO] --- maven-bundle-plugin:2.5.3:manifest (bundle-manifest) @ commons-lang3 ---
[INFO] 
[INFO] --- animal-sniffer-maven-plugin:1.13:check (checkAPIcompatibility) @ commons-lang3 ---
[INFO] Checking unresolved references to org.codehaus.mojo.signature:java16:1.0
[INFO] 
[INFO] --- maven-resources-plugin:2.7:testResources (default-testResources) @ commons-lang3 ---
[INFO] Using 'ISO-8859-1' encoding to copy filtered resources.
[INFO] Copying 2 resources
[INFO] Copying 2 resources to META-INF
[INFO] 
[INFO] --- maven-compiler-plugin:3.2:testCompile (default-testCompile) @ commons-lang3 ---
[INFO] Changes detected - recompiling the module!
[INFO] Compiling 148 source files to /home/lukas/workspace/master-benchmark/projects/commons-lang/target/test-classes
[INFO] /home/lukas/workspace/master-benchmark/projects/commons-lang/src/test/java/org/apache/commons/lang3/reflect/InheritanceUtilsTest.java: Some input files use or override a deprecated API.
[INFO] /home/lukas/workspace/master-benchmark/projects/commons-lang/src/test/java/org/apache/commons/lang3/reflect/InheritanceUtilsTest.java: Recompile with -Xlint:deprecation for details.
[INFO] /home/lukas/workspace/master-benchmark/projects/commons-lang/src/test/java/org/apache/commons/lang3/exception/AbstractExceptionContextTest.java: /home/lukas/workspace/master-benchmark/projects/commons-lang/src/test/java/org/apache/commons/lang3/exception/AbstractExceptionContextTest.java uses unchecked or unsafe operations.
[INFO] /home/lukas/workspace/master-benchmark/projects/commons-lang/src/test/java/org/apache/commons/lang3/exception/AbstractExceptionContextTest.java: Recompile with -Xlint:unchecked for details.
[INFO] 
[INFO] --- maven-surefire-plugin:2.18:test (default-test) @ commons-lang3 ---
[INFO] Surefire report directory: /home/lukas/workspace/master-benchmark/projects/commons-lang/target/surefire-reports

-------------------------------------------------------
 T E S T S
-------------------------------------------------------
Running org.apache.commons.lang3.BooleanUtilsTest
Tests run: 72, Failures: 0, Errors: 0, Skipped: 41, Time elapsed: 0.005 sec - in org.apache.commons.lang3.BooleanUtilsTest
Running org.apache.commons.lang3.CharSetTest
Tests run: 14, Failures: 0, Errors: 0, Skipped: 11, Time elapsed: 0 sec - in org.apache.commons.lang3.CharSetTest
Running org.apache.commons.lang3.ClassPathUtilsTest
Tests run: 13, Failures: 0, Errors: 0, Skipped: 10, Time elapsed: 0.001 sec - in org.apache.commons.lang3.ClassPathUtilsTest
Running org.apache.commons.lang3.ArrayUtilsAddTest
Tests run: 13, Failures: 0, Errors: 0, Skipped: 3, Time elapsed: 0.006 sec - in org.apache.commons.lang3.ArrayUtilsAddTest
Running org.apache.commons.lang3.SystemUtilsTest
Tests run: 12, Failures: 0, Errors: 0, Skipped: 5, Time elapsed: 0.005 sec - in org.apache.commons.lang3.SystemUtilsTest
Running org.apache.commons.lang3.LocaleUtilsTest
Tests run: 15, Failures: 0, Errors: 0, Skipped: 9, Time elapsed: 0.042 sec - in org.apache.commons.lang3.LocaleUtilsTest
Running org.apache.commons.lang3.SerializationUtilsTest
Tests run: 26, Failures: 0, Errors: 0, Skipped: 23, Time elapsed: 0.001 sec - in org.apache.commons.lang3.SerializationUtilsTest
Running org.apache.commons.lang3.ArrayUtilsTest
Tests run: 205, Failures: 0, Errors: 0, Skipped: 116, Time elapsed: 0.01 sec - in org.apache.commons.lang3.ArrayUtilsTest
Running org.apache.commons.lang3.StringUtilsIsTest
Tests run: 8, Failures: 0, Errors: 0, Skipped: 0, Time elapsed: 0.004 sec - in org.apache.commons.lang3.StringUtilsIsTest
Running org.apache.commons.lang3.RangeTest
Tests run: 24, Failures: 0, Errors: 0, Skipped: 10, Time elapsed: 0.004 sec - in org.apache.commons.lang3.RangeTest
Running org.apache.commons.lang3.reflect.InheritanceUtilsTest
Tests run: 9, Failures: 0, Errors: 0, Skipped: 7, Time elapsed: 0 sec - in org.apache.commons.lang3.reflect.InheritanceUtilsTest
Running org.apache.commons.lang3.reflect.MethodUtilsTest
Tests run: 23, Failures: 0, Errors: 0, Skipped: 17, Time elapsed: 0.012 sec - in org.apache.commons.lang3.reflect.MethodUtilsTest
Running org.apache.commons.lang3.reflect.ConstructorUtilsTest
Tests run: 7, Failures: 0, Errors: 0, Skipped: 4, Time elapsed: 0.002 sec - in org.apache.commons.lang3.reflect.ConstructorUtilsTest
Running org.apache.commons.lang3.reflect.TypeUtilsTest
Tests run: 19, Failures: 0, Errors: 0, Skipped: 8, Time elapsed: 0.015 sec - in org.apache.commons.lang3.reflect.TypeUtilsTest
Running org.apache.commons.lang3.reflect.TypeLiteralTest
Tests run: 4, Failures: 0, Errors: 0, Skipped: 2, Time elapsed: 0.002 sec - in org.apache.commons.lang3.reflect.TypeLiteralTest
Running org.apache.commons.lang3.reflect.FieldUtilsTest
WARNING: An illegal reflective access operation has occurred
WARNING: Illegal reflective access by org.apache.commons.lang3.reflect.FieldUtils (file:/home/lukas/workspace/master-benchmark/projects/commons-lang/target/classes/) to field java.lang.reflect.Field.modifiers
WARNING: Please consider reporting this to the maintainers of org.apache.commons.lang3.reflect.FieldUtils
WARNING: Use --illegal-access=warn to enable warnings of further illegal reflective access operations
WARNING: All illegal access operations will be denied in a future release
Tests run: 64, Failures: 0, Errors: 0, Skipped: 52, Time elapsed: 0.008 sec - in org.apache.commons.lang3.reflect.FieldUtilsTest
Running org.apache.commons.lang3.StringUtilsSubstringTest
Tests run: 14, Failures: 0, Errors: 0, Skipped: 2, Time elapsed: 0.001 sec - in org.apache.commons.lang3.StringUtilsSubstringTest
Running org.apache.commons.lang3.CharSetUtilsTest
Tests run: 11, Failures: 0, Errors: 0, Skipped: 5, Time elapsed: 0.001 sec - in org.apache.commons.lang3.CharSetUtilsTest
Running org.apache.commons.lang3.ClassUtilsTest
Tests run: 57, Failures: 0, Errors: 0, Skipped: 0, Time elapsed: 0.016 sec - in org.apache.commons.lang3.ClassUtilsTest
Running org.apache.commons.lang3.RandomUtilsTest
Tests run: 23, Failures: 0, Errors: 0, Skipped: 19, Time elapsed: 0.001 sec - in org.apache.commons.lang3.RandomUtilsTest
Running org.apache.commons.lang3.StringUtilsTrimEmptyTest
Tests run: 15, Failures: 0, Errors: 0, Skipped: 8, Time elapsed: 0.012 sec - in org.apache.commons.lang3.StringUtilsTrimEmptyTest
Running org.apache.commons.lang3.AnnotationUtilsTest
Tests run: 10, Failures: 0, Errors: 0, Skipped: 7, Time elapsed: 0.012 sec - in org.apache.commons.lang3.AnnotationUtilsTest
Running org.apache.commons.lang3.event.EventUtilsTest
Tests run: 8, Failures: 0, Errors: 0, Skipped: 6, Time elapsed: 0.003 sec - in org.apache.commons.lang3.event.EventUtilsTest
Running org.apache.commons.lang3.event.EventListenerSupportTest
Tests run: 9, Failures: 0, Errors: 0, Skipped: 7, Time elapsed: 0.032 sec - in org.apache.commons.lang3.event.EventListenerSupportTest
Running org.apache.commons.lang3.ValidateTest
Tests run: 63, Failures: 0, Errors: 0, Skipped: 35, Time elapsed: 0.007 sec - in org.apache.commons.lang3.ValidateTest
Running org.apache.commons.lang3.RandomStringUtilsTest
Tests run: 11, Failures: 0, Errors: 0, Skipped: 9, Time elapsed: 0.002 sec - in org.apache.commons.lang3.RandomStringUtilsTest
Running org.apache.commons.lang3.NotImplementedExceptionTest
Tests run: 1, Failures: 0, Errors: 0, Skipped: 0, Time elapsed: 0 sec - in org.apache.commons.lang3.NotImplementedExceptionTest
Running org.apache.commons.lang3.CharEncodingTest
Tests run: 6, Failures: 0, Errors: 0, Skipped: 4, Time elapsed: 0.002 sec - in org.apache.commons.lang3.CharEncodingTest
Running org.apache.commons.lang3.ArrayUtilsRemoveMultipleTest
Tests run: 55, Failures: 0, Errors: 0, Skipped: 37, Time elapsed: 0.007 sec - in org.apache.commons.lang3.ArrayUtilsRemoveMultipleTest
Running org.apache.commons.lang3.CharSequenceUtilsTest
Tests run: 2, Failures: 0, Errors: 0, Skipped: 0, Time elapsed: 0 sec - in org.apache.commons.lang3.CharSequenceUtilsTest
Running org.apache.commons.lang3.ArrayUtilsRemoveTest
Tests run: 19, Failures: 0, Errors: 0, Skipped: 10, Time elapsed: 0.001 sec - in org.apache.commons.lang3.ArrayUtilsRemoveTest
Running org.apache.commons.lang3.mutable.MutableLongTest
Tests run: 17, Failures: 0, Errors: 0, Skipped: 3, Time elapsed: 0.002 sec - in org.apache.commons.lang3.mutable.MutableLongTest
Running org.apache.commons.lang3.mutable.MutableBooleanTest
Tests run: 9, Failures: 0, Errors: 0, Skipped: 3, Time elapsed: 0.001 sec - in org.apache.commons.lang3.mutable.MutableBooleanTest
Running org.apache.commons.lang3.mutable.MutableIntTest
Tests run: 17, Failures: 0, Errors: 0, Skipped: 4, Time elapsed: 0.001 sec - in org.apache.commons.lang3.mutable.MutableIntTest
Running org.apache.commons.lang3.mutable.MutableShortTest
Tests run: 14, Failures: 0, Errors: 0, Skipped: 0, Time elapsed: 0.002 sec - in org.apache.commons.lang3.mutable.MutableShortTest
Running org.apache.commons.lang3.mutable.MutableDoubleTest
Tests run: 18, Failures: 0, Errors: 0, Skipped: 3, Time elapsed: 0.002 sec - in org.apache.commons.lang3.mutable.MutableDoubleTest
Running org.apache.commons.lang3.mutable.MutableFloatTest
Tests run: 18, Failures: 0, Errors: 0, Skipped: 3, Time elapsed: 0.001 sec - in org.apache.commons.lang3.mutable.MutableFloatTest
Running org.apache.commons.lang3.mutable.MutableObjectTest
Tests run: 5, Failures: 0, Errors: 0, Skipped: 2, Time elapsed: 0 sec - in org.apache.commons.lang3.mutable.MutableObjectTest
Running org.apache.commons.lang3.mutable.MutableByteTest
Tests run: 17, Failures: 0, Errors: 0, Skipped: 3, Time elapsed: 0.001 sec - in org.apache.commons.lang3.mutable.MutableByteTest
Running org.apache.commons.lang3.ConversionTest
Tests run: 42, Failures: 0, Errors: 0, Skipped: 7, Time elapsed: 0.007 sec - in org.apache.commons.lang3.ConversionTest
Running org.apache.commons.lang3.tuple.MutablePairTest
Tests run: 8, Failures: 0, Errors: 0, Skipped: 6, Time elapsed: 0 sec - in org.apache.commons.lang3.tuple.MutablePairTest
Running org.apache.commons.lang3.tuple.PairTest
Tests run: 9, Failures: 0, Errors: 0, Skipped: 6, Time elapsed: 0.012 sec - in org.apache.commons.lang3.tuple.PairTest
Running org.apache.commons.lang3.tuple.ImmutableTripleTest
Tests run: 6, Failures: 0, Errors: 0, Skipped: 5, Time elapsed: 0.001 sec - in org.apache.commons.lang3.tuple.ImmutableTripleTest
Running org.apache.commons.lang3.tuple.TripleTest
Tests run: 10, Failures: 0, Errors: 0, Skipped: 7, Time elapsed: 0.001 sec - in org.apache.commons.lang3.tuple.TripleTest
Running org.apache.commons.lang3.tuple.ImmutablePairTest
Tests run: 6, Failures: 0, Errors: 0, Skipped: 5, Time elapsed: 0 sec - in org.apache.commons.lang3.tuple.ImmutablePairTest
Running org.apache.commons.lang3.tuple.MutableTripleTest
Tests run: 8, Failures: 0, Errors: 0, Skipped: 6, Time elapsed: 0 sec - in org.apache.commons.lang3.tuple.MutableTripleTest
Running org.apache.commons.lang3.EnumUtilsTest
Tests run: 34, Failures: 0, Errors: 0, Skipped: 25, Time elapsed: 0.004 sec - in org.apache.commons.lang3.EnumUtilsTest
Running org.apache.commons.lang3.concurrent.BackgroundInitializerTest
Tests run: 15, Failures: 0, Errors: 0, Skipped: 15, Time elapsed: 0 sec - in org.apache.commons.lang3.concurrent.BackgroundInitializerTest
Running org.apache.commons.lang3.concurrent.BasicThreadFactoryTest
Tests run: 15, Failures: 0, Errors: 0, Skipped: 13, Time elapsed: 0.006 sec - in org.apache.commons.lang3.concurrent.BasicThreadFactoryTest
Running org.apache.commons.lang3.concurrent.LazyInitializerTest
Tests run: 3, Failures: 0, Errors: 0, Skipped: 2, Time elapsed: 0 sec - in org.apache.commons.lang3.concurrent.LazyInitializerTest
Running org.apache.commons.lang3.concurrent.ConstantInitializerTest
Tests run: 7, Failures: 0, Errors: 0, Skipped: 5, Time elapsed: 0.001 sec - in org.apache.commons.lang3.concurrent.ConstantInitializerTest
Running org.apache.commons.lang3.concurrent.TimedSemaphoreTest
Tests run: 15, Failures: 0, Errors: 0, Skipped: 12, Time elapsed: 0.157 sec - in org.apache.commons.lang3.concurrent.TimedSemaphoreTest
Running org.apache.commons.lang3.concurrent.ConcurrentUtilsTest
Tests run: 40, Failures: 0, Errors: 0, Skipped: 35, Time elapsed: 0.004 sec - in org.apache.commons.lang3.concurrent.ConcurrentUtilsTest
Running org.apache.commons.lang3.concurrent.MultiBackgroundInitializerTest
Tests run: 17, Failures: 0, Errors: 0, Skipped: 15, Time elapsed: 0.004 sec - in org.apache.commons.lang3.concurrent.MultiBackgroundInitializerTest
Running org.apache.commons.lang3.concurrent.AtomicSafeInitializerTest
Tests run: 4, Failures: 0, Errors: 0, Skipped: 3, Time elapsed: 0 sec - in org.apache.commons.lang3.concurrent.AtomicSafeInitializerTest
Running org.apache.commons.lang3.concurrent.AtomicInitializerTest
Tests run: 3, Failures: 0, Errors: 0, Skipped: 2, Time elapsed: 0 sec - in org.apache.commons.lang3.concurrent.AtomicInitializerTest
Running org.apache.commons.lang3.concurrent.CallableBackgroundInitializerTest
Tests run: 4, Failures: 0, Errors: 0, Skipped: 2, Time elapsed: 0.001 sec - in org.apache.commons.lang3.concurrent.CallableBackgroundInitializerTest
Running org.apache.commons.lang3.HashSetvBitSetTest
Tests run: 2, Failures: 0, Errors: 0, Skipped: 2, Time elapsed: 0 sec - in org.apache.commons.lang3.HashSetvBitSetTest
Running org.apache.commons.lang3.StringUtilsTest
Tests run: 124, Failures: 0, Errors: 0, Skipped: 58, Time elapsed: 0.035 sec - in org.apache.commons.lang3.StringUtilsTest
Running org.apache.commons.lang3.StringUtilsStartsEndsWithTest
Tests run: 6, Failures: 0, Errors: 0, Skipped: 4, Time elapsed: 0.001 sec - in org.apache.commons.lang3.StringUtilsStartsEndsWithTest
Running org.apache.commons.lang3.StringUtilsEqualsIndexOfTest
Tests run: 50, Failures: 0, Errors: 0, Skipped: 26, Time elapsed: 0.002 sec - in org.apache.commons.lang3.StringUtilsEqualsIndexOfTest
Running org.apache.commons.lang3.exception.DefaultExceptionContextTest
Tests run: 8, Failures: 0, Errors: 0, Skipped: 8, Time elapsed: 0.001 sec - in org.apache.commons.lang3.exception.DefaultExceptionContextTest
Running org.apache.commons.lang3.exception.ContextedRuntimeExceptionTest
Tests run: 14, Failures: 0, Errors: 0, Skipped: 8, Time elapsed: 0.002 sec - in org.apache.commons.lang3.exception.ContextedRuntimeExceptionTest
Running org.apache.commons.lang3.exception.ContextedExceptionTest
Tests run: 14, Failures: 0, Errors: 0, Skipped: 8, Time elapsed: 0.001 sec - in org.apache.commons.lang3.exception.ContextedExceptionTest
Running org.apache.commons.lang3.exception.ExceptionUtilsTest
Tests run: 28, Failures: 0, Errors: 0, Skipped: 21, Time elapsed: 0.006 sec - in org.apache.commons.lang3.exception.ExceptionUtilsTest
Running org.apache.commons.lang3.CharUtilsTest
Tests run: 24, Failures: 0, Errors: 0, Skipped: 11, Time elapsed: 0.001 sec - in org.apache.commons.lang3.CharUtilsTest
Running org.apache.commons.lang3.ObjectUtilsTest
Tests run: 36, Failures: 0, Errors: 0, Skipped: 19, Time elapsed: 0.005 sec - in org.apache.commons.lang3.ObjectUtilsTest
Running org.apache.commons.lang3.math.NumberUtilsTest
Tests run: 91, Failures: 0, Errors: 0, Skipped: 64, Time elapsed: 0.005 sec - in org.apache.commons.lang3.math.NumberUtilsTest
Running org.apache.commons.lang3.math.IEEE754rUtilsTest
Tests run: 3, Failures: 0, Errors: 0, Skipped: 1, Time elapsed: 0 sec - in org.apache.commons.lang3.math.IEEE754rUtilsTest
Running org.apache.commons.lang3.math.FractionTest
Tests run: 25, Failures: 0, Errors: 0, Skipped: 14, Time elapsed: 0.002 sec - in org.apache.commons.lang3.math.FractionTest
Running org.apache.commons.lang3.JavaVersionTest
Tests run: 3, Failures: 0, Errors: 0, Skipped: 1, Time elapsed: 0 sec - in org.apache.commons.lang3.JavaVersionTest
Running org.apache.commons.lang3.StringEscapeUtilsTest
Tests run: 28, Failures: 0, Errors: 0, Skipped: 18, Time elapsed: 0.004 sec - in org.apache.commons.lang3.StringEscapeUtilsTest
Running org.apache.commons.lang3.BitFieldTest
Tests run: 15, Failures: 0, Errors: 0, Skipped: 9, Time elapsed: 0 sec - in org.apache.commons.lang3.BitFieldTest
Running org.apache.commons.lang3.CharRangeTest
Tests run: 16, Failures: 0, Errors: 0, Skipped: 13, Time elapsed: 0.005 sec - in org.apache.commons.lang3.CharRangeTest
Running org.apache.commons.lang3.text.CompositeFormatTest
Tests run: 2, Failures: 0, Errors: 0, Skipped: 0, Time elapsed: 0.004 sec - in org.apache.commons.lang3.text.CompositeFormatTest
Running org.apache.commons.lang3.text.WordUtilsTest
Tests run: 12, Failures: 0, Errors: 0, Skipped: 6, Time elapsed: 0.001 sec - in org.apache.commons.lang3.text.WordUtilsTest
Running org.apache.commons.lang3.text.StrLookupTest
Tests run: 5, Failures: 0, Errors: 0, Skipped: 4, Time elapsed: 0 sec - in org.apache.commons.lang3.text.StrLookupTest
Running org.apache.commons.lang3.text.translate.NumericEntityEscaperTest
Tests run: 4, Failures: 0, Errors: 0, Skipped: 3, Time elapsed: 0 sec - in org.apache.commons.lang3.text.translate.NumericEntityEscaperTest
Running org.apache.commons.lang3.text.translate.OctalUnescaperTest
Tests run: 1, Failures: 0, Errors: 0, Skipped: 0, Time elapsed: 0 sec - in org.apache.commons.lang3.text.translate.OctalUnescaperTest
Running org.apache.commons.lang3.text.translate.LookupTranslatorTest
Tests run: 2, Failures: 0, Errors: 0, Skipped: 2, Time elapsed: 0 sec - in org.apache.commons.lang3.text.translate.LookupTranslatorTest
Running org.apache.commons.lang3.text.translate.UnicodeUnpairedSurrogateRemoverTest
Tests run: 2, Failures: 0, Errors: 0, Skipped: 2, Time elapsed: 0 sec - in org.apache.commons.lang3.text.translate.UnicodeUnpairedSurrogateRemoverTest
Running org.apache.commons.lang3.text.translate.NumericEntityUnescaperTest
Tests run: 3, Failures: 0, Errors: 0, Skipped: 3, Time elapsed: 0 sec - in org.apache.commons.lang3.text.translate.NumericEntityUnescaperTest
Running org.apache.commons.lang3.text.translate.EntityArraysTest
Tests run: 3, Failures: 0, Errors: 0, Skipped: 2, Time elapsed: 0 sec - in org.apache.commons.lang3.text.translate.EntityArraysTest
Running org.apache.commons.lang3.text.translate.UnicodeUnescaperTest
Tests run: 3, Failures: 0, Errors: 0, Skipped: 3, Time elapsed: 0 sec - in org.apache.commons.lang3.text.translate.UnicodeUnescaperTest
Running org.apache.commons.lang3.text.translate.UnicodeEscaperTest
Tests run: 3, Failures: 0, Errors: 0, Skipped: 0, Time elapsed: 0 sec - in org.apache.commons.lang3.text.translate.UnicodeEscaperTest
Running org.apache.commons.lang3.text.StrBuilderAppendInsertTest
Tests run: 51, Failures: 0, Errors: 0, Skipped: 23, Time elapsed: 0.001 sec - in org.apache.commons.lang3.text.StrBuilderAppendInsertTest
Running org.apache.commons.lang3.text.ExtendedMessageFormatTest
Tests run: 10, Failures: 0, Errors: 0, Skipped: 7, Time elapsed: 0.918 sec - in org.apache.commons.lang3.text.ExtendedMessageFormatTest
Running org.apache.commons.lang3.text.StrMatcherTest
Tests run: 14, Failures: 0, Errors: 0, Skipped: 0, Time elapsed: 0.001 sec - in org.apache.commons.lang3.text.StrMatcherTest
Running org.apache.commons.lang3.text.FormattableUtilsTest
Tests run: 5, Failures: 0, Errors: 0, Skipped: 2, Time elapsed: 0 sec - in org.apache.commons.lang3.text.FormattableUtilsTest
Running org.apache.commons.lang3.text.StrTokenizerTest
Tests run: 55, Failures: 0, Errors: 0, Skipped: 46, Time elapsed: 0.002 sec - in org.apache.commons.lang3.text.StrTokenizerTest
Running org.apache.commons.lang3.text.StrBuilderTest
Tests run: 90, Failures: 0, Errors: 0, Skipped: 45, Time elapsed: 0.005 sec - in org.apache.commons.lang3.text.StrBuilderTest
Running org.apache.commons.lang3.text.StrSubstitutorTest
Tests run: 40, Failures: 0, Errors: 0, Skipped: 32, Time elapsed: 0.003 sec - in org.apache.commons.lang3.text.StrSubstitutorTest
Running org.apache.commons.lang3.time.FastDateParserSDFTest
Tests run: 1, Failures: 0, Errors: 0, Skipped: 1, Time elapsed: 0 sec - in org.apache.commons.lang3.time.FastDateParserSDFTest
Running org.apache.commons.lang3.time.DateFormatUtilsTest
Tests run: 10, Failures: 0, Errors: 0, Skipped: 4, Time elapsed: 0.07 sec - in org.apache.commons.lang3.time.DateFormatUtilsTest
Running org.apache.commons.lang3.time.StopWatchTest
Tests run: 8, Failures: 0, Errors: 0, Skipped: 3, Time elapsed: 2.155 sec - in org.apache.commons.lang3.time.StopWatchTest
Running org.apache.commons.lang3.time.FastDateFormatTest
>>FastDateFormatTest: FastDateParser:1690  SimpleDateFormat:2673
Tests run: 14, Failures: 0, Errors: 0, Skipped: 8, Time elapsed: 0.565 sec - in org.apache.commons.lang3.time.FastDateFormatTest
Running org.apache.commons.lang3.time.FastDatePrinterTimeZonesTest
Tests run: 1, Failures: 0, Errors: 0, Skipped: 1, Time elapsed: 0 sec - in org.apache.commons.lang3.time.FastDatePrinterTimeZonesTest
Running org.apache.commons.lang3.time.DurationFormatUtilsTest
Tests run: 25, Failures: 0, Errors: 0, Skipped: 19, Time elapsed: 0.002 sec - in org.apache.commons.lang3.time.DurationFormatUtilsTest
Running org.apache.commons.lang3.time.FastDateFormat_PrinterTest
Tests run: 17, Failures: 0, Errors: 0, Skipped: 17, Time elapsed: 0 sec - in org.apache.commons.lang3.time.FastDateFormat_PrinterTest
Running org.apache.commons.lang3.time.FastDateFormat_ParserTest
Tests run: 33, Failures: 0, Errors: 0, Skipped: 31, Time elapsed: 0.001 sec - in org.apache.commons.lang3.time.FastDateFormat_ParserTest
Running org.apache.commons.lang3.time.DateUtilsRoundingTest
Tests run: 22, Failures: 0, Errors: 0, Skipped: 20, Time elapsed: 0.009 sec - in org.apache.commons.lang3.time.DateUtilsRoundingTest
Running org.apache.commons.lang3.time.FastDateParserTest
Tests run: 33, Failures: 0, Errors: 0, Skipped: 28, Time elapsed: 0.012 sec - in org.apache.commons.lang3.time.FastDateParserTest
Running org.apache.commons.lang3.time.DateUtilsTest
DateUtilsTest: Default Locale=de_AT
Tests run: 38, Failures: 0, Errors: 0, Skipped: 15, Time elapsed: 0.03 sec - in org.apache.commons.lang3.time.DateUtilsTest
Running org.apache.commons.lang3.time.DateUtilsFragmentTest
Tests run: 57, Failures: 0, Errors: 0, Skipped: 55, Time elapsed: 0 sec - in org.apache.commons.lang3.time.DateUtilsFragmentTest
Running org.apache.commons.lang3.time.FastDatePrinterTest
Tests run: 17, Failures: 0, Errors: 0, Skipped: 16, Time elapsed: 0 sec - in org.apache.commons.lang3.time.FastDatePrinterTest
Running org.apache.commons.lang3.builder.ReflectionToStringBuilderMutateInspectConcurrencyTest
Tests run: 1, Failures: 0, Errors: 0, Skipped: 1, Time elapsed: 0 sec - in org.apache.commons.lang3.builder.ReflectionToStringBuilderMutateInspectConcurrencyTest
Running org.apache.commons.lang3.builder.ToStringBuilderTest
Tests run: 74, Failures: 0, Errors: 0, Skipped: 55, Time elapsed: 0.004 sec - in org.apache.commons.lang3.builder.ToStringBuilderTest
Running org.apache.commons.lang3.builder.MultiLineToStringStyleTest
Tests run: 8, Failures: 0, Errors: 0, Skipped: 8, Time elapsed: 0 sec - in org.apache.commons.lang3.builder.MultiLineToStringStyleTest
Running org.apache.commons.lang3.builder.DefaultToStringStyleTest
Tests run: 8, Failures: 0, Errors: 0, Skipped: 8, Time elapsed: 0.001 sec - in org.apache.commons.lang3.builder.DefaultToStringStyleTest
Running org.apache.commons.lang3.builder.NoClassNameToStringStyleTest
Tests run: 8, Failures: 0, Errors: 0, Skipped: 8, Time elapsed: 0 sec - in org.apache.commons.lang3.builder.NoClassNameToStringStyleTest
Running org.apache.commons.lang3.builder.MultilineRecursiveToStringStyleTest
Tests run: 10, Failures: 0, Errors: 0, Skipped: 4, Time elapsed: 0 sec - in org.apache.commons.lang3.builder.MultilineRecursiveToStringStyleTest
Running org.apache.commons.lang3.builder.ToStringStyleConcurrencyTest
Tests run: 3, Failures: 0, Errors: 0, Skipped: 3, Time elapsed: 0 sec - in org.apache.commons.lang3.builder.ToStringStyleConcurrencyTest
Running org.apache.commons.lang3.builder.JsonToStringStyleTest
Tests run: 9, Failures: 0, Errors: 0, Skipped: 5, Time elapsed: 0 sec - in org.apache.commons.lang3.builder.JsonToStringStyleTest
Running org.apache.commons.lang3.builder.DiffBuilderTest
Tests run: 30, Failures: 0, Errors: 0, Skipped: 12, Time elapsed: 0.006 sec - in org.apache.commons.lang3.builder.DiffBuilderTest
Running org.apache.commons.lang3.builder.HashCodeBuilderAndEqualsBuilderTest
Tests run: 4, Failures: 0, Errors: 0, Skipped: 4, Time elapsed: 0.001 sec - in org.apache.commons.lang3.builder.HashCodeBuilderAndEqualsBuilderTest
Running org.apache.commons.lang3.builder.DiffResultTest
Tests run: 9, Failures: 0, Errors: 0, Skipped: 6, Time elapsed: 0 sec - in org.apache.commons.lang3.builder.DiffResultTest
Running org.apache.commons.lang3.builder.NoFieldNamesToStringStyleTest
Tests run: 8, Failures: 0, Errors: 0, Skipped: 8, Time elapsed: 0 sec - in org.apache.commons.lang3.builder.NoFieldNamesToStringStyleTest
Running org.apache.commons.lang3.builder.ShortPrefixToStringStyleTest
Tests run: 8, Failures: 0, Errors: 0, Skipped: 8, Time elapsed: 0 sec - in org.apache.commons.lang3.builder.ShortPrefixToStringStyleTest
Running org.apache.commons.lang3.builder.ToStringStyleTest
Tests run: 12, Failures: 0, Errors: 0, Skipped: 1, Time elapsed: 0 sec - in org.apache.commons.lang3.builder.ToStringStyleTest
Running org.apache.commons.lang3.builder.SimpleToStringStyleTest
Tests run: 8, Failures: 0, Errors: 0, Skipped: 8, Time elapsed: 0 sec - in org.apache.commons.lang3.builder.SimpleToStringStyleTest
Running org.apache.commons.lang3.builder.ReflectionToStringBuilderExcludeTest
Tests run: 11, Failures: 0, Errors: 0, Skipped: 10, Time elapsed: 0.001 sec - in org.apache.commons.lang3.builder.ReflectionToStringBuilderExcludeTest
Running org.apache.commons.lang3.builder.CompareToBuilderTest
Tests run: 48, Failures: 0, Errors: 0, Skipped: 37, Time elapsed: 0.001 sec - in org.apache.commons.lang3.builder.CompareToBuilderTest
Running org.apache.commons.lang3.builder.ReflectionToStringBuilderConcurrencyTest
Tests run: 3, Failures: 0, Errors: 0, Skipped: 3, Time elapsed: 0 sec - in org.apache.commons.lang3.builder.ReflectionToStringBuilderConcurrencyTest
Running org.apache.commons.lang3.builder.RecursiveToStringStyleTest
Tests run: 8, Failures: 0, Errors: 0, Skipped: 8, Time elapsed: 0 sec - in org.apache.commons.lang3.builder.RecursiveToStringStyleTest
Running org.apache.commons.lang3.builder.DiffTest
Tests run: 4, Failures: 0, Errors: 0, Skipped: 2, Time elapsed: 0 sec - in org.apache.commons.lang3.builder.DiffTest
Running org.apache.commons.lang3.builder.HashCodeBuilderTest
Tests run: 44, Failures: 0, Errors: 0, Skipped: 35, Time elapsed: 0 sec - in org.apache.commons.lang3.builder.HashCodeBuilderTest
Running org.apache.commons.lang3.builder.StandardToStringStyleTest
Tests run: 8, Failures: 0, Errors: 0, Skipped: 5, Time elapsed: 0 sec - in org.apache.commons.lang3.builder.StandardToStringStyleTest
Running org.apache.commons.lang3.builder.EqualsBuilderTest
Tests run: 48, Failures: 0, Errors: 0, Skipped: 44, Time elapsed: 0.003 sec - in org.apache.commons.lang3.builder.EqualsBuilderTest

Results :




Tests run: 2635, Failures: 0, Errors: 0, Skipped: 1625

[INFO] 
[INFO] --- maven-jar-plugin:2.5:jar (default-jar) @ commons-lang3 ---
[INFO] Building jar: /home/lukas/workspace/master-benchmark/projects/commons-lang/target/commons-lang3-3.4.jar
[INFO] 
[INFO] --- maven-site-plugin:3.4:attach-descriptor (attach-descriptor) @ commons-lang3 ---
[INFO] 
[INFO] --- maven-assembly-plugin:3.3.0:single (make-assembly) @ commons-lang3 ---
[INFO] Reading assembly descriptor: src/assembly/assembly.xml
[INFO] Reading assembly descriptor: src/assembly/bin.xml
[INFO] Reading assembly descriptor: src/assembly/src.xml
[INFO] Building jar: /home/lukas/workspace/master-benchmark/projects/commons-lang/target/commons-lang3-3.4-fat-tests.jar
[INFO] Building tar: /home/lukas/workspace/master-benchmark/projects/commons-lang/target/commons-lang3-3.4-bin.tar.gz
[INFO] Building zip: /home/lukas/workspace/master-benchmark/projects/commons-lang/target/commons-lang3-3.4-bin.zip
[INFO] Building tar: /home/lukas/workspace/master-benchmark/projects/commons-lang/target/commons-lang3-3.4-src.tar.gz
[INFO] Building zip: /home/lukas/workspace/master-benchmark/projects/commons-lang/target/commons-lang3-3.4-src.zip
[INFO] 
[INFO] --- maven-jar-plugin:2.5:test-jar (default) @ commons-lang3 ---
[INFO] Building jar: /home/lukas/workspace/master-benchmark/projects/commons-lang/target/commons-lang3-3.4-tests.jar
[INFO] 
[INFO] --- maven-install-plugin:2.5.2:install (default-install) @ commons-lang3 ---
[INFO] Installing /home/lukas/workspace/master-benchmark/projects/commons-lang/target/commons-lang3-3.4.jar to /home/lukas/.m2/repository/org/apache/commons/commons-lang3/3.4/commons-lang3-3.4.jar
[INFO] Installing /home/lukas/workspace/master-benchmark/projects/commons-lang/pom.xml to /home/lukas/.m2/repository/org/apache/commons/commons-lang3/3.4/commons-lang3-3.4.pom
[INFO] Installing /home/lukas/workspace/master-benchmark/projects/commons-lang/target/commons-lang3-3.4-fat-tests.jar to /home/lukas/.m2/repository/org/apache/commons/commons-lang3/3.4/commons-lang3-3.4-fat-tests.jar
[INFO] Installing /home/lukas/workspace/master-benchmark/projects/commons-lang/target/commons-lang3-3.4-bin.tar.gz to /home/lukas/.m2/repository/org/apache/commons/commons-lang3/3.4/commons-lang3-3.4-bin.tar.gz
[INFO] Installing /home/lukas/workspace/master-benchmark/projects/commons-lang/target/commons-lang3-3.4-bin.zip to /home/lukas/.m2/repository/org/apache/commons/commons-lang3/3.4/commons-lang3-3.4-bin.zip
[INFO] Installing /home/lukas/workspace/master-benchmark/projects/commons-lang/target/commons-lang3-3.4-src.tar.gz to /home/lukas/.m2/repository/org/apache/commons/commons-lang3/3.4/commons-lang3-3.4-src.tar.gz
[INFO] Installing /home/lukas/workspace/master-benchmark/projects/commons-lang/target/commons-lang3-3.4-src.zip to /home/lukas/.m2/repository/org/apache/commons/commons-lang3/3.4/commons-lang3-3.4-src.zip
[INFO] Installing /home/lukas/workspace/master-benchmark/projects/commons-lang/target/commons-lang3-3.4-tests.jar to /home/lukas/.m2/repository/org/apache/commons/commons-lang3/3.4/commons-lang3-3.4-tests.jar
[INFO] ------------------------------------------------------------------------
[INFO] BUILD SUCCESS
[INFO] ------------------------------------------------------------------------
[INFO] Total time:  13.291 s
[INFO] Finished at: 2021-11-17T10:49:04+01:00
[INFO] ------------------------------------------------------------------------
[INFO] Scanning for projects...
[INFO] 
[INFO] ------------------< org.apache.commons:commons-lang3 >------------------
[INFO] Building Apache Commons Lang 3.4
[INFO] --------------------------------[ jar ]---------------------------------
[INFO] 
[INFO] --- maven-assembly-plugin:3.3.0:single (default-cli) @ commons-lang3 ---
[INFO] Reading assembly descriptor: src/assembly/assembly.xml
[INFO] Reading assembly descriptor: src/assembly/bin.xml
[INFO] Reading assembly descriptor: src/assembly/src.xml
[WARNING] Cannot include project artifact: org.apache.commons:commons-lang3:jar:3.4; it doesn't have an associated file or directory.
[INFO] Building jar: /home/lukas/workspace/master-benchmark/projects/commons-lang/target/commons-lang3-3.4-fat-tests.jar
[INFO] Building tar: /home/lukas/workspace/master-benchmark/projects/commons-lang/target/commons-lang3-3.4-bin.tar.gz
[INFO] Building zip: /home/lukas/workspace/master-benchmark/projects/commons-lang/target/commons-lang3-3.4-bin.zip
[INFO] Building tar: /home/lukas/workspace/master-benchmark/projects/commons-lang/target/commons-lang3-3.4-src.tar.gz
[INFO] Building zip: /home/lukas/workspace/master-benchmark/projects/commons-lang/target/commons-lang3-3.4-src.zip
[INFO] ------------------------------------------------------------------------
[INFO] BUILD SUCCESS
[INFO] ------------------------------------------------------------------------
[INFO] Total time:  1.876 s
[INFO] Finished at: 2021-11-17T10:49:07+01:00
[INFO] ------------------------------------------------------------------------
[INFO] Scanning for projects...
[INFO] 
[INFO] ------------------< org.apache.commons:commons-lang3 >------------------
[INFO] Building Apache Commons Lang 3.4
[INFO] --------------------------------[ jar ]---------------------------------
[INFO] 
[INFO] --- pitest-maven:1.7.2:mutationCoverage (default-cli) @ commons-lang3 ---
[INFO] Found plugin : Default csv report plugin
[INFO] Found plugin : Default xml report plugin
[INFO] Found plugin : Default html report plugin
[INFO] Found plugin : Static initializer code detector plugin
[INFO] Found plugin : Excluded annotations plugin
[INFO] Found plugin : Try with resources filter
[INFO] Found plugin : Inlined finally block filter plugin
[INFO] Found plugin : Implicit null check filter
[INFO] Found plugin : Method reference null check filter
[INFO] Found plugin : For each loop filter
[INFO] Found plugin : Enum constructor filter
[INFO] Found plugin : Record junk mutation filter
[INFO] Found plugin : Logging calls filter
[INFO] Found plugin : Infinite for loop filter
[INFO] Found plugin : Long running iterator loop filter
[INFO] Found plugin : For loop counter filter
[INFO] Found plugin : Kotlin junk mutations filter
[INFO] Found plugin : Max mutations per class limit
[INFO] Found plugin : Equals shortcut equivalent mutant filter
[INFO] Found plugin : Trivial return vals equivalence filter
[INFO] Found plugin : Mutant export plugin
[INFO] Found shared classpath plugin : Default mutation engine
[INFO] Found shared classpath plugin : JUnit plugin
[INFO] Found shared classpath plugin : TestNG plugin
[INFO] Available mutators : EXPERIMENTAL_ARGUMENT_PROPAGATION,FALSE_RETURNS,TRUE_RETURNS,CONDITIONALS_BOUNDARY,CONSTRUCTOR_CALLS,EMPTY_RETURNS,INCREMENTS,INLINE_CONSTS,INVERT_NEGS,MATH,NEGATE_CONDITIONALS,NON_VOID_METHOD_CALLS,NULL_RETURNS,PRIMITIVE_RETURNS,REMOVE_CONDITIONALS_EQUAL_IF,REMOVE_CONDITIONALS_EQUAL_ELSE,REMOVE_CONDITIONALS_ORDER_IF,REMOVE_CONDITIONALS_ORDER_ELSE,RETURN_VALS,VOID_METHOD_CALLS,EXPERIMENTAL_BIG_INTEGER,EXPERIMENTAL_MEMBER_VARIABLE,EXPERIMENTAL_NAKED_RECEIVER,REMOVE_INCREMENTS,EXPERIMENTAL_RETURN_VALUES_MUTATOR,EXPERIMENTAL_SWITCH,EXPERIMENTAL_BIG_INTEGER,ABS,AOD1,AOD2,AOR1,AOR2,AOR3,AOR4,CRCR1,CRCR2,CRCR3,CRCR4,CRCR5,CRCR6,OBBN1,OBBN2,OBBN3,ROR1,ROR2,ROR3,ROR4,ROR5,UOI1,UOI2,UOI3,UOI4
[INFO] Adding org.pitest:pitest to SUT classpath
[INFO] Mutating from /home/lukas/workspace/master-benchmark/projects/commons-lang/target/classes
[INFO] Defaulting target classes to match packages in build directory
[INFO] Defaulting target tests to match packages in test build directory
10:49:09 PIT >> INFO : Verbose logging is disabled. If you encounter a problem, please enable it before reporting an issue.
10:49:12 PIT >> INFO : Incremental analysis reduced number of mutations by 0
10:49:12 PIT >> INFO : Created  196 mutation test units in pre scan
10:49:12 PIT >> INFO : Sending 539 test classes to minion
10:49:12 PIT >> INFO : Sent tests to minion
/-\|/-\|/-\|/-\|/-\|/-\|/-\|/-\|/-\|/-\|/-\|/-\|/-\|/-\|/-\|/-\|/-\|/-\|/-\|/-\|/-\|/-\|/-\|/-\|/-\|/-\|/-\|/-\|/-\|/-\|/-\|/-\|/-\|/-\|/-\|/-\|/-\|/-\|/-\|/-\|/-\|/-\|/-\|/-\|/-\|/-\|/-\|/-\|/-\|/-\|/-\|/-\|/-\|/-\|/-\|/-\|/-\|/-\|/-\|/-\|/-\|/-\|/-\|/-\|/-\|/-\|/-\|/-\|/-\|/-\|/-\|/-\|/-\|/-\|/-\|/-\|/-\|/-\|/-\|/-\|/-\|/-\|/-\|/-\|/-\|/-\|/-\|/-\|/-\|/-\|/-\|/-\|/-\|/-\|/-\|/-\|/-\|/-\|/-\|/-\|/-\|/-\|/-\|/-\|/-\|/-\|/-\|/-\|/-\|/-\|/-\|/-\|/-\|/-\|/-\|/-\|/-\|/-\|/-\|/-\|/-\|/-\|/-\|/-\|/-\|/-\|/-\|/-\|/-\|/-\|/-\|/-\|/-\|/-\|/-\|/-\|/-\|/-\|/-\|/-\|/-\|/-\|/-\|/-\|/-\|/-\|/-\|/-\|/-\|/-\|/-\|/-\|/-\|/-\|/-\|/-\|/-\|/-\|/-\|/-\|/-\|/-\|/-\|/-\|/-\|/-\|/-\|/-\|/-\|/-\|/-\|/-\|/-\|/-\|/-\|/-\|/-\|/-\|/-\|/-\|/-\|/-\|/-\|/-\|/-\|/-\|/-\|/-\|/-\|/-\|/-\|/-\|/-\|/-\|/-\|/-\|/-\|/-\|/-\|/-\|/-\|/-\|/-\|/-\|/-\|/-\|/-\|/-\|/-\|/-\|/-\|/-\|/-\|/-\|/-\|/-\|/-\|/-\|/-\|/-\|/-\|/-\|/-\|/-\|/-\|/-\|/-\|/-\|/-\|/-\|/-\|/-\|/-\|/-\|/-\|/-\|/-\|/-\|/-\|/-\|/-\|/-\|/-\|/-\|/-\|/-\|/-\|/-\|/-\|/-\|/-\|/-\|/-\|/-\|/-\|/-\|/-\|/-\|/-\|/-\|/-\|/-\|/-\|/-\|/-\|/-\|/-\|/-\|/-\|/-\|/-\|/-\|/-\|/-\|/-\|/-\|/-\|/-\|/-\|/-\|/-\|/-\|/-\|/-\|/-\|/-\|/-\|/-\|/-\|/-\|/-\|/-\|/-\|/-\|/-\|/-\|/-\|/-\|/-\|/-\|/-\|/-\|/-\|/-\|/-\|/-\|/-\|/-\|/-\|/-\|/-\|/-\|/-\|/-\|/-\|/-\|/-\|/-\|/-\|/-\|/-10:49:14 PIT >> INFO : MINION : WARNING: An illegal reflective access operation has occurred
10:49:14 PIT >> INFO : MINION : WARNING: Illegal reflective access by org.apache.commons.lang3.builder.CompareToBuilder (file:/home/lukas/workspace/master-benchmark/projects/commons-lang/target/classes/) to field java.lang.String.value
10:49:14 PIT >> INFO : MINION : WARNING: Please consider reporting this to the maintainers of org.apache.commons.lang3.builder.CompareToBuilder
10:49:14 PIT >> INFO : MINION : WARNING: Use --illegal-access=warn to enable warnings of further illegal reflective access operations
10:49:14 PIT >> INFO : MINION : WARNING: All illegal access operations will be denied in a future release
\|/-\|/-\|/-\|/-\|/-\|/-\|/-\|/-\|/-\|/-\|/-\|/-\|/-\|/-\|/-\|/-\|/-\|/-\|/-\|/-\|/-\|/-\|/-\|/-\|/-\|/-\|/-\|/-\|/-\|/-\|/-\|/-\|/-\|/-\|/-\|/-\|/-\|/-\|/-\|/-\|/-\|/-\|/-\|/-\|/-\|/-\|/-\|/-\|/-\|/-\|/-\|/-\|/-\|/-\|/-\|/-\|/-\|/-\|/-\|/-\|/-\|/-\|/-\|/-\|/-\|/-\|/-\|/-\|/-\|/-\|/-\|/-\|/-\|/-\|/-\|/-\|/-\|/-\|/-\|/-\|/-\|/-\|/-\|/-\|/-\|/-\|/-\|/-\|/-\|/-\|/-\|/-\|/-\|/-\|/-\|/-\|/-\|/-\|/-\|/-\|/-\|/-\|/-\|/-\|/-\|/-\|/-\|/-\|/-\|/-\|/-\|/-\|/-\|/-\|/-\|/-\|/-\|/-\|/-\|/-\|/-\|/-\|/-\|/-\|/-\|/-\|/-\|/-\|/-\|/-\|/-\|/-\|/-\|/-\|/-\|/-\|/-\|/-\|/-\|/-\|/-\|/-\|/-\|/-\|/-\|/-\|/-\|/-\|/-\|/-\|/-\|/-\|/-\|/-\|/-\|/-\|/-\|/-\|/-\|/-\|/-\|/-\|/-\|/-\|/-\|/-\|/-\|/-\|/-\|/-\|/-\|/-\|/-\|/-\|/-\|/-\|/-\|/-\|/-\|/-\|/-\|/-\|/-\|/-\|/-\|/-\|/-\|/-\|/-\|/-\|/-\|/-\|/-\|/-\|/-\|/-\|/-\|/-\|/-\|/-\|/-\|/-\|/-\|/-\|/-\|/-\|/-\|/-\|/-\|/-\|/-\|/-\|/-\|/-\|/-\|/-\|/-\|/-\|/-\|/-\|/-\|/-\|/-\|/-\|/-\|/-\|/-\|/-\|/-\|/-\|/-\|/-\|/-\|/-\|/-\|/-\|/-\|/-\|/-\|/-\|/-\|/-\|/-\|/-\|/-\|/-\|/-\|/-\|/-\|/-\|/-\|/-\|/-\|/-\|/-\|/-\|/-\|/-\|/-\|/-\|/-\|/-\|/-\|/-\|/-\|/-\|/-\|/-\|/-\|/-\|/-\|/-\|/-\|/-\|/-\|/-\|/-\|/-\|/-\|/-\|/-\|/-\|/-\|/-\|/-\|/-\|/-\|/-\|/-\|/-\|/-\|/-\|/-\|/-\|/-\|/-\|/-\|/-\|/-\|/-\|/-\|/-\|/-\|/-\|/-\|/-\|/-\|/-\|/-\|/-\|/-\|/-\|/-\|/-\|/-\|/-\|/-\|/-\|/-\|/-\|/-\|/-\|/-\|/-\|/-\|/-\|/-\|/-\|/-\|/-\|/-\|/-\|/-\|/-\|/-\|/-\|/-\|/-\10:49:19 PIT >> INFO : Calculated coverage in 6 seconds.
10:49:22 PIT >> INFO : Incremental analysis reduced number of mutations by 0
10:49:22 PIT >> INFO : Created  196 mutation test units
10:49:30 PIT >> WARNING : Minion exited abnormally due to TIMED_OUT
10:49:34 PIT >> WARNING : Minion exited abnormally due to TIMED_OUT
10:49:45 PIT >> WARNING : Minion exited abnormally due to TIMED_OUT
10:49:50 PIT >> WARNING : Minion exited abnormally due to TIMED_OUT
10:50:01 PIT >> WARNING : Minion exited abnormally due to TIMED_OUT
10:50:09 PIT >> WARNING : Minion exited abnormally due to TIMED_OUT
10:50:18 PIT >> WARNING : Minion exited abnormally due to TIMED_OUT
10:50:27 PIT >> WARNING : Minion exited abnormally due to TIMED_OUT
10:50:38 PIT >> WARNING : Minion exited abnormally due to TIMED_OUT
10:50:46 PIT >> WARNING : Minion exited abnormally due to TIMED_OUT
10:50:55 PIT >> WARNING : Minion exited abnormally due to TIMED_OUT
/-10:51:35 PIT >> WARNING : Minion exited abnormally due to TIMED_OUT
10:51:41 PIT >> WARNING : Minion exited abnormally due to TIMED_OUT
10:51:46 PIT >> WARNING : Minion exited abnormally due to TIMED_OUT
10:51:50 PIT >> WARNING : Minion exited abnormally due to TIMED_OUT
10:51:57 PIT >> WARNING : Minion exited abnormally due to TIMED_OUT
10:52:03 PIT >> WARNING : Minion exited abnormally due to TIMED_OUT
10:52:07 PIT >> WARNING : Minion exited abnormally due to TIMED_OUT
10:52:12 PIT >> WARNING : Minion exited abnormally due to TIMED_OUT
10:52:17 PIT >> WARNING : Minion exited abnormally due to TIMED_OUT
10:52:20 PIT >> WARNING : Minion exited abnormally due to TIMED_OUT
\|/10:52:44 PIT >> WARNING : Minion exited abnormally due to TIMED_OUT
-\10:52:56 PIT >> WARNING : Minion exited abnormally due to TIMED_OUT
10:53:00 PIT >> WARNING : Minion exited abnormally due to TIMED_OUT
10:53:04 PIT >> WARNING : Minion exited abnormally due to TIMED_OUT
10:53:07 PIT >> WARNING : Minion exited abnormally due to TIMED_OUT
10:53:11 PIT >> WARNING : Minion exited abnormally due to TIMED_OUT
10:53:14 PIT >> WARNING : Minion exited abnormally due to TIMED_OUT
10:53:18 PIT >> WARNING : Minion exited abnormally due to TIMED_OUT
10:53:21 PIT >> WARNING : Minion exited abnormally due to TIMED_OUT
10:53:26 PIT >> WARNING : Minion exited abnormally due to TIMED_OUT
10:53:29 PIT >> WARNING : Minion exited abnormally due to TIMED_OUT
10:53:33 PIT >> WARNING : Minion exited abnormally due to TIMED_OUT
10:53:37 PIT >> WARNING : Minion exited abnormally due to TIMED_OUT
|/-\10:53:51 PIT >> WARNING : Minion exited abnormally due to TIMED_OUT
10:53:56 PIT >> WARNING : Minion exited abnormally due to TIMED_OUT
10:54:00 PIT >> WARNING : Minion exited abnormally due to TIMED_OUT
10:54:03 PIT >> WARNING : Minion exited abnormally due to TIMED_OUT
10:54:07 PIT >> WARNING : Minion exited abnormally due to TIMED_OUT
10:54:11 PIT >> WARNING : Minion exited abnormally due to TIMED_OUT
10:54:14 PIT >> WARNING : Minion exited abnormally due to TIMED_OUT
10:54:18 PIT >> WARNING : Minion exited abnormally due to TIMED_OUT
10:54:22 PIT >> WARNING : Minion exited abnormally due to TIMED_OUT
10:54:26 PIT >> WARNING : Minion exited abnormally due to TIMED_OUT
10:54:30 PIT >> WARNING : Minion exited abnormally due to TIMED_OUT
|10:54:36 PIT >> WARNING : Minion exited abnormally due to TIMED_OUT
/10:54:43 PIT >> WARNING : Minion exited abnormally due to TIMED_OUT
10:54:47 PIT >> WARNING : Minion exited abnormally due to TIMED_OUT
10:54:51 PIT >> WARNING : Minion exited abnormally due to TIMED_OUT
-10:54:55 PIT >> WARNING : Minion exited abnormally due to TIMED_OUT
10:54:59 PIT >> WARNING : Minion exited abnormally due to TIMED_OUT
10:55:03 PIT >> WARNING : Minion exited abnormally due to TIMED_OUT
10:55:06 PIT >> WARNING : Minion exited abnormally due to TIMED_OUT
10:55:10 PIT >> WARNING : Minion exited abnormally due to TIMED_OUT
10:55:13 PIT >> WARNING : Minion exited abnormally due to TIMED_OUT
10:55:17 PIT >> WARNING : Minion exited abnormally due to TIMED_OUT
10:55:20 PIT >> WARNING : Minion exited abnormally due to TIMED_OUT
10:55:24 PIT >> WARNING : Minion exited abnormally due to TIMED_OUT
10:55:28 PIT >> WARNING : Minion exited abnormally due to TIMED_OUT
10:55:31 PIT >> WARNING : Minion exited abnormally due to TIMED_OUT
10:55:35 PIT >> WARNING : Minion exited abnormally due to TIMED_OUT
10:55:38 PIT >> WARNING : Minion exited abnormally due to TIMED_OUT
10:55:42 PIT >> WARNING : Minion exited abnormally due to TIMED_OUT
10:55:45 PIT >> WARNING : Minion exited abnormally due to TIMED_OUT
10:55:49 PIT >> WARNING : Minion exited abnormally due to TIMED_OUT
10:55:53 PIT >> WARNING : Minion exited abnormally due to TIMED_OUT
10:55:56 PIT >> WARNING : Minion exited abnormally due to TIMED_OUT
10:55:59 PIT >> WARNING : Minion exited abnormally due to TIMED_OUT
10:56:03 PIT >> WARNING : Minion exited abnormally due to TIMED_OUT
10:56:07 PIT >> WARNING : Minion exited abnormally due to TIMED_OUT
10:56:10 PIT >> WARNING : Minion exited abnormally due to TIMED_OUT
10:56:14 PIT >> WARNING : Minion exited abnormally due to TIMED_OUT
10:56:17 PIT >> WARNING : Minion exited abnormally due to TIMED_OUT
\10:56:26 PIT >> WARNING : Minion exited abnormally due to TIMED_OUT
10:56:30 PIT >> WARNING : Minion exited abnormally due to TIMED_OUT
|/-\10:56:46 PIT >> WARNING : Minion exited abnormally due to TIMED_OUT
10:56:53 PIT >> WARNING : Minion exited abnormally due to TIMED_OUT
10:57:01 PIT >> WARNING : Minion exited abnormally due to TIMED_OUT
10:57:13 PIT >> WARNING : Minion exited abnormally due to TIMED_OUT
10:57:16 PIT >> WARNING : Minion exited abnormally due to TIMED_OUT
10:57:21 PIT >> WARNING : Minion exited abnormally due to TIMED_OUT
10:57:25 PIT >> WARNING : Minion exited abnormally due to TIMED_OUT
|/-\|10:57:50 PIT >> WARNING : Minion exited abnormally due to TIMED_OUT
10:57:53 PIT >> WARNING : Minion exited abnormally due to TIMED_OUT
10:57:57 PIT >> WARNING : Minion exited abnormally due to TIMED_OUT
/-\|10:58:06 PIT >> WARNING : Minion exited abnormally due to TIMED_OUT
/-10:58:12 PIT >> WARNING : Minion exited abnormally due to TIMED_OUT
\|10:58:19 PIT >> WARNING : Minion exited abnormally due to TIMED_OUT
10:58:23 PIT >> WARNING : Minion exited abnormally due to TIMED_OUT
10:58:27 PIT >> WARNING : Minion exited abnormally due to TIMED_OUT
10:58:30 PIT >> WARNING : Minion exited abnormally due to TIMED_OUT
/-\|/-\10:58:39 PIT >> WARNING : Minion exited abnormally due to TIMED_OUT
|/-\|/-10:58:48 PIT >> WARNING : Minion exited abnormally due to TIMED_OUT
10:58:52 PIT >> WARNING : Minion exited abnormally due to TIMED_OUT
\|/-\10:59:22 PIT >> WARNING : Minion exited abnormally due to TIMED_OUT
10:59:26 PIT >> WARNING : Minion exited abnormally due to TIMED_OUT
10:59:30 PIT >> WARNING : Minion exited abnormally due to TIMED_OUT
10:59:34 PIT >> WARNING : Minion exited abnormally due to TIMED_OUT
10:59:37 PIT >> WARNING : Minion exited abnormally due to TIMED_OUT
|/10:59:43 PIT >> WARNING : Minion exited abnormally due to TIMED_OUT
-\|10:59:49 PIT >> WARNING : Minion exited abnormally due to TIMED_OUT
/10:59:53 PIT >> WARNING : Minion exited abnormally due to TIMED_OUT
10:59:56 PIT >> WARNING : Minion exited abnormally due to TIMED_OUT
-\|11:00:01 PIT >> WARNING : Minion exited abnormally due to TIMED_OUT
11:00:05 PIT >> WARNING : Minion exited abnormally due to TIMED_OUT
/-\|/-\|/11:00:17 PIT >> WARNING : Minion exited abnormally due to TIMED_OUT
11:00:20 PIT >> WARNING : Minion exited abnormally due to TIMED_OUT
-\|/11:00:25 PIT >> WARNING : Minion exited abnormally due to TIMED_OUT
-\|/-\|/-\|/-11:00:36 PIT >> WARNING : Minion exited abnormally due to TIMED_OUT
\11:00:42 PIT >> WARNING : Minion exited abnormally due to TIMED_OUT
|/-\|/-\|/-\|/-\|/-\|/-\|/-\|/-\|/-\|/-\|/-\|/-\|11:01:13 PIT >> WARNING : Minion exited abnormally due to TIMED_OUT
/-\|/-\|/-\|/-\|/-\|/-\|/-\|/-\|/-\|/-\|/-\|/-\|/-\11:01:37 PIT >> WARNING : Minion exited abnormally due to TIMED_OUT
|/-\|/-\|11:01:41 PIT >> INFO : Completed in 752 seconds
================================================================================
- Mutators
================================================================================
> org.pitest.mutationtest.engine.gregor.mutators.ConditionalsBoundaryMutator
>> Generated 1145 Killed 515 (45%)
> KILLED 501 SURVIVED 576 TIMED_OUT 14 NON_VIABLE 0 
> MEMORY_ERROR 0 NOT_STARTED 0 STARTED 0 RUN_ERROR 0 
> NO_COVERAGE 54 
--------------------------------------------------------------------------------
> org.pitest.mutationtest.engine.gregor.mutators.IncrementsMutator
>> Generated 373 Killed 315 (84%)
> KILLED 297 SURVIVED 15 TIMED_OUT 18 NON_VIABLE 0 
> MEMORY_ERROR 0 NOT_STARTED 0 STARTED 0 RUN_ERROR 0 
> NO_COVERAGE 43 
--------------------------------------------------------------------------------
> org.pitest.mutationtest.engine.gregor.mutators.returns.PrimitiveReturnsMutator
>> Generated 650 Killed 513 (79%)
> KILLED 507 SURVIVED 62 TIMED_OUT 6 NON_VIABLE 0 
> MEMORY_ERROR 0 NOT_STARTED 0 STARTED 0 RUN_ERROR 0 
> NO_COVERAGE 75 
--------------------------------------------------------------------------------
> org.pitest.mutationtest.engine.gregor.mutators.VoidMethodCallMutator
>> Generated 773 Killed 446 (58%)
> KILLED 438 SURVIVED 190 TIMED_OUT 8 NON_VIABLE 0 
> MEMORY_ERROR 0 NOT_STARTED 0 STARTED 0 RUN_ERROR 0 
> NO_COVERAGE 137 
--------------------------------------------------------------------------------
> org.pitest.mutationtest.engine.gregor.mutators.returns.BooleanTrueReturnValsMutator
>> Generated 542 Killed 344 (63%)
> KILLED 344 SURVIVED 83 TIMED_OUT 0 NON_VIABLE 0 
> MEMORY_ERROR 0 NOT_STARTED 0 STARTED 0 RUN_ERROR 0 
> NO_COVERAGE 115 
--------------------------------------------------------------------------------
> org.pitest.mutationtest.engine.gregor.mutators.InvertNegsMutator
>> Generated 18 Killed 13 (72%)
> KILLED 10 SURVIVED 2 TIMED_OUT 3 NON_VIABLE 0 
> MEMORY_ERROR 0 NOT_STARTED 0 STARTED 0 RUN_ERROR 0 
> NO_COVERAGE 3 
--------------------------------------------------------------------------------
> org.pitest.mutationtest.engine.gregor.mutators.returns.NullReturnValsMutator
>> Generated 1329 Killed 869 (65%)
> KILLED 869 SURVIVED 193 TIMED_OUT 0 NON_VIABLE 0 
> MEMORY_ERROR 0 NOT_STARTED 0 STARTED 0 RUN_ERROR 0 
> NO_COVERAGE 267 
--------------------------------------------------------------------------------
> org.pitest.mutationtest.engine.gregor.mutators.MathMutator
>> Generated 1286 Killed 860 (67%)
> KILLED 840 SURVIVED 289 TIMED_OUT 20 NON_VIABLE 0 
> MEMORY_ERROR 0 NOT_STARTED 0 STARTED 0 RUN_ERROR 0 
> NO_COVERAGE 137 
--------------------------------------------------------------------------------
> org.pitest.mutationtest.engine.gregor.mutators.returns.EmptyObjectReturnValsMutator
>> Generated 638 Killed 520 (82%)
> KILLED 520 SURVIVED 34 TIMED_OUT 0 NON_VIABLE 0 
> MEMORY_ERROR 0 NOT_STARTED 0 STARTED 0 RUN_ERROR 0 
> NO_COVERAGE 84 
--------------------------------------------------------------------------------
> org.pitest.mutationtest.engine.gregor.mutators.returns.BooleanFalseReturnValsMutator
>> Generated 318 Killed 242 (76%)
> KILLED 242 SURVIVED 30 TIMED_OUT 0 NON_VIABLE 0 
> MEMORY_ERROR 0 NOT_STARTED 0 STARTED 0 RUN_ERROR 0 
> NO_COVERAGE 46 
--------------------------------------------------------------------------------
> org.pitest.mutationtest.engine.gregor.mutators.NegateConditionalsMutator
>> Generated 4199 Killed 3551 (85%)
> KILLED 3508 SURVIVED 372 TIMED_OUT 43 NON_VIABLE 0 
> MEMORY_ERROR 0 NOT_STARTED 0 STARTED 0 RUN_ERROR 0 
> NO_COVERAGE 276 
--------------------------------------------------------------------------------
================================================================================
- Timings
================================================================================
> pre-scan for mutations : 3 seconds
> scan classpath : < 1 second
> coverage and dependency analysis : 6 seconds
> build mutation tests : 2 seconds
> run mutation analysis : 12 minutes and 19 seconds
--------------------------------------------------------------------------------
> Total  : 12 minutes and 31 seconds
--------------------------------------------------------------------------------
================================================================================
- Statistics
================================================================================
>> Line Coverage: 11514/13428 (86%)
>> Generated 11271 mutations Killed 8188 (73%)
>> Mutations with no coverage 1237. Test strength 82%
>> Ran 14083 tests (1.25 tests per mutation)

Pitest development is currently supported by GroupCDG.
Enhanced functionality available at https://pitest.groupcdg.com/
[INFO] ------------------------------------------------------------------------
[INFO] BUILD SUCCESS
[INFO] ------------------------------------------------------------------------
[INFO] Total time:  12:33 min
[INFO] Finished at: 2021-11-17T11:01:41+01:00
[INFO] ------------------------------------------------------------------------
HEAD ist jetzt bei 88b6ba0 [commons-lang] mod (tmp) mutation to continue mut testing
