HEAD ist jetzt bei 726827f [jsoup] delete old jsoup project
[INFO] Scanning for projects...
[INFO] 
[INFO] --------------------------< org.jsoup:jsoup >---------------------------
[INFO] Building jsoup Java HTML Parser 1.12.2
[INFO] --------------------------------[ jar ]---------------------------------
[INFO] 
[INFO] --- maven-clean-plugin:2.5:clean (default-clean) @ jsoup ---
[INFO] Deleting /home/lukas/workspace/master-benchmark/projects/jsoup/target
[INFO] 
[INFO] --- maven-resources-plugin:3.0.1:resources (default-resources) @ jsoup ---
[INFO] Using 'UTF-8' encoding to copy filtered resources.
[INFO] Copying 3 resources to META-INF/
[INFO] 
[INFO] --- maven-compiler-plugin:3.8.0:compile (default-compile) @ jsoup ---
[INFO] Changes detected - recompiling the module!
[INFO] Compiling 68 source files to /home/lukas/workspace/master-benchmark/projects/jsoup/target/classes
[INFO] /home/lukas/workspace/master-benchmark/projects/jsoup/src/main/java/org/jsoup/nodes/Attributes.java: /home/lukas/workspace/master-benchmark/projects/jsoup/src/main/java/org/jsoup/nodes/Attributes.java uses or overrides a deprecated API.
[INFO] /home/lukas/workspace/master-benchmark/projects/jsoup/src/main/java/org/jsoup/nodes/Attributes.java: Recompile with -Xlint:deprecation for details.
[INFO] 
[INFO] --- animal-sniffer-maven-plugin:1.16:check (animal-sniffer) @ jsoup ---
[INFO] Checking unresolved references to net.sf.androidscents.signature:android-api-level-8:2.2_r3
[INFO] 
[INFO] >>> maven-bundle-plugin:2.5.4:manifest (bundle-manifest) > process-classes @ jsoup >>>
[INFO] 
[INFO] --- maven-resources-plugin:3.0.1:resources (default-resources) @ jsoup ---
[INFO] Using 'UTF-8' encoding to copy filtered resources.
[INFO] Copying 3 resources to META-INF/
[INFO] 
[INFO] --- maven-compiler-plugin:3.8.0:compile (default-compile) @ jsoup ---
[INFO] Changes detected - recompiling the module!
[INFO] Compiling 68 source files to /home/lukas/workspace/master-benchmark/projects/jsoup/target/classes
[INFO] /home/lukas/workspace/master-benchmark/projects/jsoup/src/main/java/org/jsoup/nodes/Attributes.java: /home/lukas/workspace/master-benchmark/projects/jsoup/src/main/java/org/jsoup/nodes/Attributes.java uses or overrides a deprecated API.
[INFO] /home/lukas/workspace/master-benchmark/projects/jsoup/src/main/java/org/jsoup/nodes/Attributes.java: Recompile with -Xlint:deprecation for details.
[INFO] 
[INFO] --- animal-sniffer-maven-plugin:1.16:check (animal-sniffer) @ jsoup ---
[INFO] Checking unresolved references to net.sf.androidscents.signature:android-api-level-8:2.2_r3
[INFO] 
[INFO] <<< maven-bundle-plugin:2.5.4:manifest (bundle-manifest) < process-classes @ jsoup <<<
[INFO] 
[INFO] 
[INFO] --- maven-bundle-plugin:2.5.4:manifest (bundle-manifest) @ jsoup ---
[INFO] 
[INFO] --- maven-resources-plugin:3.0.1:testResources (default-testResources) @ jsoup ---
[INFO] Using 'UTF-8' encoding to copy filtered resources.
[INFO] Copying 27 resources
[INFO] 
[INFO] --- maven-compiler-plugin:3.8.0:testCompile (default-testCompile) @ jsoup ---
[INFO] Changes detected - recompiling the module!
[INFO] Compiling 50 source files to /home/lukas/workspace/master-benchmark/projects/jsoup/target/test-classes
[INFO] /home/lukas/workspace/master-benchmark/projects/jsoup/src/test/java/org/jsoup/parser/AttributeParseTest.java: Some input files use or override a deprecated API.
[INFO] /home/lukas/workspace/master-benchmark/projects/jsoup/src/test/java/org/jsoup/parser/AttributeParseTest.java: Recompile with -Xlint:deprecation for details.
[INFO] 
[INFO] --- maven-surefire-plugin:2.12.4:test (default-test) @ jsoup ---
[INFO] Surefire report directory: /home/lukas/workspace/master-benchmark/projects/jsoup/target/surefire-reports

-------------------------------------------------------
 T E S T S
-------------------------------------------------------
Running org.jsoup.helper.DataUtilTest
Tests run: 15, Failures: 0, Errors: 0, Skipped: 13, Time elapsed: 0.093 sec
Running org.jsoup.helper.HttpConnectionTest
Tests run: 23, Failures: 0, Errors: 0, Skipped: 23, Time elapsed: 0.003 sec
Running org.jsoup.helper.W3CDomTest
Tests run: 8, Failures: 0, Errors: 0, Skipped: 5, Time elapsed: 0.237 sec
Running org.jsoup.parser.HtmlParserTest
Tests run: 138, Failures: 0, Errors: 0, Skipped: 120, Time elapsed: 0.041 sec
Running org.jsoup.parser.ParserTest
Tests run: 2, Failures: 0, Errors: 0, Skipped: 2, Time elapsed: 0.001 sec
Running org.jsoup.parser.HtmlTreeBuilderStateTest
Tests run: 1, Failures: 0, Errors: 0, Skipped: 1, Time elapsed: 0 sec
Running org.jsoup.parser.TokenQueueTest
Tests run: 9, Failures: 0, Errors: 0, Skipped: 6, Time elapsed: 0 sec
Running org.jsoup.parser.CharacterReaderTest
Tests run: 23, Failures: 0, Errors: 0, Skipped: 22, Time elapsed: 0.003 sec
Running org.jsoup.parser.TagTest
Tests run: 10, Failures: 0, Errors: 0, Skipped: 10, Time elapsed: 0.001 sec
Running org.jsoup.parser.ParserSettingsTest
Tests run: 3, Failures: 0, Errors: 0, Skipped: 3, Time elapsed: 0 sec
Running org.jsoup.parser.TokeniserTest
Tests run: 12, Failures: 0, Errors: 0, Skipped: 11, Time elapsed: 0.005 sec
Running org.jsoup.parser.HtmlTreeBuilderTest
Tests run: 1, Failures: 0, Errors: 0, Skipped: 1, Time elapsed: 0 sec
Running org.jsoup.parser.XmlTreeBuilderTest
Tests run: 24, Failures: 0, Errors: 0, Skipped: 20, Time elapsed: 0.005 sec
Running org.jsoup.parser.TokeniserStateTest
Tests run: 16, Failures: 0, Errors: 0, Skipped: 12, Time elapsed: 0.012 sec
Running org.jsoup.parser.AttributeParseTest
Tests run: 8, Failures: 0, Errors: 0, Skipped: 8, Time elapsed: 0.001 sec
Running org.jsoup.nodes.ElementTest
Tests run: 107, Failures: 0, Errors: 0, Skipped: 80, Time elapsed: 0.026 sec
Running org.jsoup.nodes.NodeTest
Tests run: 25, Failures: 0, Errors: 0, Skipped: 21, Time elapsed: 0.004 sec
Running org.jsoup.nodes.FormElementTest
Tests run: 11, Failures: 0, Errors: 0, Skipped: 7, Time elapsed: 0.006 sec
Running org.jsoup.nodes.DocumentTest
Tests run: 30, Failures: 0, Errors: 0, Skipped: 22, Time elapsed: 0.005 sec
Running org.jsoup.nodes.EntitiesTest
Tests run: 15, Failures: 0, Errors: 0, Skipped: 12, Time elapsed: 0.002 sec
Running org.jsoup.nodes.DocumentTypeTest
Tests run: 5, Failures: 0, Errors: 0, Skipped: 5, Time elapsed: 0 sec
Running org.jsoup.nodes.AttributesTest
Tests run: 8, Failures: 0, Errors: 0, Skipped: 7, Time elapsed: 0.001 sec
Running org.jsoup.nodes.AttributeTest
Tests run: 6, Failures: 0, Errors: 0, Skipped: 4, Time elapsed: 0.001 sec
Running org.jsoup.nodes.TextNodeTest
Tests run: 9, Failures: 0, Errors: 0, Skipped: 7, Time elapsed: 0.001 sec
Running org.jsoup.safety.CleanerTest
Tests run: 35, Failures: 0, Errors: 0, Skipped: 35, Time elapsed: 0.003 sec
Running org.jsoup.internal.ConstrainableInputStreamTest
Tests run: 1, Failures: 0, Errors: 0, Skipped: 1, Time elapsed: 0.001 sec
Running org.jsoup.internal.StringUtilTest
Tests run: 9, Failures: 0, Errors: 0, Skipped: 9, Time elapsed: 0 sec
Running org.jsoup.select.QueryParserTest
Tests run: 7, Failures: 0, Errors: 0, Skipped: 4, Time elapsed: 0.001 sec
Running org.jsoup.select.ElementsTest
Tests run: 34, Failures: 0, Errors: 0, Skipped: 13, Time elapsed: 0.015 sec
Running org.jsoup.select.TraversorTest
Tests run: 5, Failures: 0, Errors: 0, Skipped: 4, Time elapsed: 0 sec
Running org.jsoup.select.CssTest
Tests run: 17, Failures: 0, Errors: 0, Skipped: 10, Time elapsed: 0.014 sec
Running org.jsoup.select.SelectorTest
Tests run: 76, Failures: 0, Errors: 0, Skipped: 76, Time elapsed: 0.005 sec
Running org.jsoup.integration.ParseTest
Tests run: 11, Failures: 0, Errors: 0, Skipped: 11, Time elapsed: 0.001 sec
Running org.jsoup.integration.ConnectTest
Tests run: 31, Failures: 0, Errors: 0, Skipped: 20, Time elapsed: 0.279 sec
Running org.jsoup.integration.UrlConnectTest
Tests run: 1, Failures: 0, Errors: 0, Skipped: 1, Time elapsed: 0 sec

Results :

Tests run: 736, Failures: 0, Errors: 0, Skipped: 606

[INFO] 
[INFO] --- maven-jar-plugin:3.0.2:jar (default-jar) @ jsoup ---
[INFO] Building jar: /home/lukas/workspace/master-benchmark/projects/jsoup/target/jsoup-1.12.2.jar
[INFO] 
[INFO] --- maven-assembly-plugin:2.6:single (make-assembly) @ jsoup ---
[INFO] Reading assembly descriptor: src/assembly/assembly.xml
[INFO] ------------------------------------------------------------------------
[INFO] BUILD FAILURE
[INFO] ------------------------------------------------------------------------
[INFO] Total time:  6.565 s
[INFO] Finished at: 2021-11-05T01:08:46+01:00
[INFO] ------------------------------------------------------------------------
[ERROR] Failed to execute goal org.apache.maven.plugins:maven-assembly-plugin:2.6:single (make-assembly) on project jsoup: Error reading assemblies: Error locating assembly descriptor: src/assembly/assembly.xml
[ERROR] 
[ERROR] [1] [INFO] Searching for file location: /home/lukas/workspace/master-benchmark/projects/jsoup/src/assembly/assembly.xml
[ERROR] 
[ERROR] [2] [INFO] File: /home/lukas/workspace/master-benchmark/projects/jsoup/src/assembly/assembly.xml does not exist.
[ERROR] 
[ERROR] [3] [INFO] File: /home/lukas/workspace/master-benchmark/projects/jsoup/src/assembly/assembly.xml does not exist.
[ERROR] -> [Help 1]
[ERROR] 
[ERROR] To see the full stack trace of the errors, re-run Maven with the -e switch.
[ERROR] Re-run Maven using the -X switch to enable full debug logging.
[ERROR] 
[ERROR] For more information about the errors and possible solutions, please read the following articles:
[ERROR] [Help 1] http://cwiki.apache.org/confluence/display/MAVEN/MojoExecutionException
[INFO] Scanning for projects...
[INFO] 
[INFO] --------------------------< org.jsoup:jsoup >---------------------------
[INFO] Building jsoup Java HTML Parser 1.12.2
[INFO] --------------------------------[ jar ]---------------------------------
[INFO] 
[INFO] --- maven-assembly-plugin:2.6:single (default-cli) @ jsoup ---
[INFO] Reading assembly descriptor: src/assembly/assembly.xml
[INFO] ------------------------------------------------------------------------
[INFO] BUILD FAILURE
[INFO] ------------------------------------------------------------------------
[INFO] Total time:  0.701 s
[INFO] Finished at: 2021-11-05T01:08:47+01:00
[INFO] ------------------------------------------------------------------------
[ERROR] Failed to execute goal org.apache.maven.plugins:maven-assembly-plugin:2.6:single (default-cli) on project jsoup: Error reading assemblies: Error locating assembly descriptor: src/assembly/assembly.xml
[ERROR] 
[ERROR] [1] [INFO] Searching for file location: /home/lukas/workspace/master-benchmark/projects/jsoup/src/assembly/assembly.xml
[ERROR] 
[ERROR] [2] [INFO] File: /home/lukas/workspace/master-benchmark/projects/jsoup/src/assembly/assembly.xml does not exist.
[ERROR] 
[ERROR] [3] [INFO] File: /home/lukas/workspace/master-benchmark/projects/jsoup/src/assembly/assembly.xml does not exist.
[ERROR] -> [Help 1]
[ERROR] 
[ERROR] To see the full stack trace of the errors, re-run Maven with the -e switch.
[ERROR] Re-run Maven using the -X switch to enable full debug logging.
[ERROR] 
[ERROR] For more information about the errors and possible solutions, please read the following articles:
[ERROR] [Help 1] http://cwiki.apache.org/confluence/display/MAVEN/MojoExecutionException
[INFO] Scanning for projects...
[INFO] 
[INFO] --------------------------< org.jsoup:jsoup >---------------------------
[INFO] Building jsoup Java HTML Parser 1.12.2
[INFO] --------------------------------[ jar ]---------------------------------
[INFO] 
[INFO] --- pitest-maven:1.7.2:mutationCoverage (default-cli) @ jsoup ---
[INFO] Found plugin : Default csv report plugin
[INFO] Found plugin : Default xml report plugin
[INFO] Found plugin : Default html report plugin
[INFO] Found plugin : Static initializer code detector plugin
[INFO] Found plugin : Excluded annotations plugin
[INFO] Found plugin : Try with resources filter
[INFO] Found plugin : Inlined finally block filter plugin
[INFO] Found plugin : Implicit null check filter
[INFO] Found plugin : Method reference null check filter
[INFO] Found plugin : For each loop filter
[INFO] Found plugin : Enum constructor filter
[INFO] Found plugin : Record junk mutation filter
[INFO] Found plugin : Logging calls filter
[INFO] Found plugin : Infinite for loop filter
[INFO] Found plugin : Long running iterator loop filter
[INFO] Found plugin : For loop counter filter
[INFO] Found plugin : Kotlin junk mutations filter
[INFO] Found plugin : Max mutations per class limit
[INFO] Found plugin : Equals shortcut equivalent mutant filter
[INFO] Found plugin : Trivial return vals equivalence filter
[INFO] Found plugin : Mutant export plugin
[INFO] Found shared classpath plugin : Default mutation engine
[INFO] Found shared classpath plugin : JUnit plugin
[INFO] Found shared classpath plugin : TestNG plugin
[INFO] Available mutators : EXPERIMENTAL_ARGUMENT_PROPAGATION,FALSE_RETURNS,TRUE_RETURNS,CONDITIONALS_BOUNDARY,CONSTRUCTOR_CALLS,EMPTY_RETURNS,INCREMENTS,INLINE_CONSTS,INVERT_NEGS,MATH,NEGATE_CONDITIONALS,NON_VOID_METHOD_CALLS,NULL_RETURNS,PRIMITIVE_RETURNS,REMOVE_CONDITIONALS_EQUAL_IF,REMOVE_CONDITIONALS_EQUAL_ELSE,REMOVE_CONDITIONALS_ORDER_IF,REMOVE_CONDITIONALS_ORDER_ELSE,RETURN_VALS,VOID_METHOD_CALLS,EXPERIMENTAL_BIG_INTEGER,EXPERIMENTAL_MEMBER_VARIABLE,EXPERIMENTAL_NAKED_RECEIVER,REMOVE_INCREMENTS,EXPERIMENTAL_RETURN_VALUES_MUTATOR,EXPERIMENTAL_SWITCH,EXPERIMENTAL_BIG_INTEGER,ABS,AOD1,AOD2,AOR1,AOR2,AOR3,AOR4,CRCR1,CRCR2,CRCR3,CRCR4,CRCR5,CRCR6,OBBN1,OBBN2,OBBN3,ROR1,ROR2,ROR3,ROR4,ROR5,UOI1,UOI2,UOI3,UOI4
[INFO] Adding org.pitest:pitest to SUT classpath
[INFO] Mutating from /home/lukas/workspace/master-benchmark/projects/jsoup/target/classes
[INFO] Defaulting target classes to match packages in build directory
[INFO] Defaulting target tests to match packages in test build directory
01:08:49 PIT >> INFO : Verbose logging is disabled. If you encounter a problem, please enable it before reporting an issue.
01:08:52 PIT >> INFO : Incremental analysis reduced number of mutations by 0
01:08:52 PIT >> INFO : Created  223 mutation test units in pre scan
01:08:52 PIT >> INFO : Sending 295 test classes to minion
01:08:52 PIT >> INFO : Sent tests to minion
/-\|/-\|/-\|/-\|/-\|/-\|/-\|/-\|/-\|/-\|/-\|/01:08:53 PIT >> INFO : MINION : 2021-11-05 01:08:53.487:INFO::main: Logging initialized @1338ms to org.eclipse.jetty.util.log.StdErrLog
01:08:53 PIT >> INFO : MINION : 2021-11-05 01:08:53.546:INFO:oejs.Server:main: jetty-9.4.26.v20200117; built: 2020-01-17T12:35:33.676Z; git: 7b38981d25d14afb4a12ff1f2596756144edf695; jvm 11.0.12+7
01:08:53 PIT >> INFO : MINION : 2021-11-05 01:08:53.595:INFO:oejs.AbstractConnector:main: Started ServerConnector@7feefad{HTTP/1.1,[http/1.1]}{0.0.0.0:37735}
01:08:53 PIT >> INFO : MINION : 2021-11-05 01:08:53.596:INFO:oejs.Server:main: Started @1446ms
01:08:53 PIT >> INFO : MINION : 2021-11-05 01:08:53.753:INFO:oejs.AbstractConnector:main: Stopped ServerConnector@7feefad{HTTP/1.1,[http/1.1]}{0.0.0.0:0}
-\|/-\|/-\|/-\|/-\|/-\|/-\|/-\|/-\|/-\|/-\|/-\|/-\|/-\|/-\|/-\|/-\|/-\|/-\|/-\|/-\|/-\|/-\|/-\|/-\|/-\|/-\|/-\|/-\|/-\|/-\|/-\|/-\|/-\|/-\|/-\|/-\|/-\|/-\|/-\|/-\|/-\|/-\|/-\|/-\|/-\|/-\|/-\|/-\|/-\|/-\|/-\|/-\|/-\|/-\|/-\|/-\|/-\|/-\|/-\|/-\|/-\|/-\|/-\|/-\|/-\|/-\|/-\|/-\|/-\|/-\|/-\|/-\|/-\|/-\|/-\|/-\|/-\|/-\|/-\|/-\|/-\|/-\|/-\|/-\|/-\|/-\|/-\|/-\|/-\|/-\|/-\|/-\|/-\|/-\|/-\|/-\|/-\|/-\|/-\|/-\|/-\|/-\|/-\|/-\|/-\|/-\|/-\|/-\|/-\|/-\|/-\|/-\|/-\|/-\|/-\|/-\|/-\|/-\|/-\|/-\|/-\|/-\|/-\|/-\|/-\|/-\|/-\|/-\|/-\|/-\|/-\|/-\|/-\|/-\|/-\|/-\|/-\|/-\|/-\|/-\|/-\|/-\|/-\|/-\|/-\|/-\|/-\|/-\|/-\|/-\|/-\|/-\|/-\|/-\|/-\|/-\|/-\|/-\|/-\|/-\|/-\|01:08:54 PIT >> INFO : Calculated coverage in 2 seconds.
01:08:57 PIT >> INFO : Incremental analysis reduced number of mutations by 0
01:08:57 PIT >> INFO : Created  223 mutation test units
/01:09:12 PIT >> WARNING : Minion exited abnormally due to TIMED_OUT
-01:09:23 PIT >> WARNING : Minion exited abnormally due to TIMED_OUT
01:09:29 PIT >> WARNING : Minion exited abnormally due to TIMED_OUT
01:09:33 PIT >> WARNING : Minion exited abnormally due to TIMED_OUT
01:09:37 PIT >> WARNING : Minion exited abnormally due to TIMED_OUT
01:09:42 PIT >> WARNING : Minion exited abnormally due to TIMED_OUT
01:09:47 PIT >> WARNING : Minion exited abnormally due to TIMED_OUT
01:09:51 PIT >> WARNING : Minion exited abnormally due to TIMED_OUT
01:09:56 PIT >> WARNING : Minion exited abnormally due to TIMED_OUT
\|01:10:11 PIT >> WARNING : Minion exited abnormally due to TIMED_OUT
01:10:17 PIT >> WARNING : Minion exited abnormally due to TIMED_OUT
01:10:20 PIT >> WARNING : Minion exited abnormally due to TIMED_OUT
01:10:24 PIT >> WARNING : Minion exited abnormally due to TIMED_OUT
01:10:28 PIT >> WARNING : Minion exited abnormally due to TIMED_OUT
01:10:32 PIT >> WARNING : Minion exited abnormally due to TIMED_OUT
01:10:36 PIT >> WARNING : Minion exited abnormally due to TIMED_OUT
01:10:39 PIT >> WARNING : Minion exited abnormally due to TIMED_OUT
/-01:10:49 PIT >> WARNING : Minion exited abnormally due to TIMED_OUT
01:10:53 PIT >> WARNING : Minion exited abnormally due to TIMED_OUT
01:10:57 PIT >> WARNING : Minion exited abnormally due to TIMED_OUT
01:11:01 PIT >> WARNING : Minion exited abnormally due to TIMED_OUT
01:11:05 PIT >> WARNING : Minion exited abnormally due to TIMED_OUT
\01:11:12 PIT >> WARNING : Minion exited abnormally due to TIMED_OUT
|01:11:18 PIT >> WARNING : Minion exited abnormally due to TIMED_OUT
01:11:22 PIT >> WARNING : Minion exited abnormally due to TIMED_OUT
01:11:26 PIT >> WARNING : Minion exited abnormally due to TIMED_OUT
01:11:30 PIT >> WARNING : Minion exited abnormally due to TIMED_OUT
01:11:34 PIT >> WARNING : Minion exited abnormally due to TIMED_OUT
01:11:37 PIT >> WARNING : Minion exited abnormally due to TIMED_OUT
01:11:42 PIT >> WARNING : Minion exited abnormally due to TIMED_OUT
01:11:45 PIT >> WARNING : Minion exited abnormally due to TIMED_OUT
01:11:49 PIT >> WARNING : Minion exited abnormally due to TIMED_OUT
01:11:53 PIT >> WARNING : Minion exited abnormally due to TIMED_OUT
01:11:56 PIT >> WARNING : Minion exited abnormally due to TIMED_OUT
01:12:00 PIT >> WARNING : Minion exited abnormally due to TIMED_OUT
01:12:04 PIT >> WARNING : Minion exited abnormally due to TIMED_OUT
/01:12:08 PIT >> WARNING : Minion exited abnormally due to TIMED_OUT
01:12:13 PIT >> WARNING : Minion exited abnormally due to TIMED_OUT
01:12:17 PIT >> WARNING : Minion exited abnormally due to TIMED_OUT
01:12:22 PIT >> WARNING : Minion exited abnormally due to TIMED_OUT
-\|/-\|/-\|/-\01:12:50 PIT >> WARNING : Minion exited abnormally due to TIMED_OUT
01:12:54 PIT >> WARNING : Minion exited abnormally due to TIMED_OUT
01:12:58 PIT >> WARNING : Minion exited abnormally due to TIMED_OUT
|/-\|/-\01:13:12 PIT >> WARNING : Minion exited abnormally due to TIMED_OUT
01:13:15 PIT >> WARNING : Minion exited abnormally due to TIMED_OUT
01:13:19 PIT >> WARNING : Minion exited abnormally due to TIMED_OUT
|/-\|/-\|/-\|01:13:39 PIT >> WARNING : Minion exited abnormally due to TIMED_OUT
/-\|/-\|/01:13:52 PIT >> WARNING : Minion exited abnormally due to TIMED_OUT
-01:13:55 PIT >> WARNING : Minion exited abnormally due to TIMED_OUT
\|/-\|01:14:02 PIT >> WARNING : Minion exited abnormally due to TIMED_OUT
/-\|01:14:08 PIT >> WARNING : Minion exited abnormally due to TIMED_OUT
/-\|/-\|/-01:14:19 PIT >> WARNING : Minion exited abnormally due to TIMED_OUT
\|/-\|/-\01:14:28 PIT >> WARNING : Minion exited abnormally due to TIMED_OUT
|/01:14:33 PIT >> WARNING : Minion exited abnormally due to TIMED_OUT
-\|/01:14:39 PIT >> WARNING : Minion exited abnormally due to TIMED_OUT
01:14:42 PIT >> WARNING : Minion exited abnormally due to TIMED_OUT
-01:14:47 PIT >> WARNING : Minion exited abnormally due to TIMED_OUT
\|/-\|/-\01:14:58 PIT >> WARNING : Minion exited abnormally due to TIMED_OUT
|01:15:03 PIT >> WARNING : Minion exited abnormally due to TIMED_OUT
01:15:06 PIT >> WARNING : Minion exited abnormally due to TIMED_OUT
/-\|/-\01:15:12 PIT >> WARNING : Minion exited abnormally due to TIMED_OUT
01:15:16 PIT >> WARNING : Minion exited abnormally due to TIMED_OUT
|/-01:15:21 PIT >> WARNING : Minion exited abnormally due to TIMED_OUT
01:15:25 PIT >> WARNING : Minion exited abnormally due to TIMED_OUT
01:15:28 PIT >> WARNING : Minion exited abnormally due to TIMED_OUT
01:15:32 PIT >> WARNING : Minion exited abnormally due to TIMED_OUT
01:15:35 PIT >> WARNING : Minion exited abnormally due to TIMED_OUT
\|/-\|/-01:15:44 PIT >> WARNING : Minion exited abnormally due to TIMED_OUT
\|/-\01:15:50 PIT >> WARNING : Minion exited abnormally due to TIMED_OUT
|/-01:15:55 PIT >> WARNING : Minion exited abnormally due to TIMED_OUT
01:15:58 PIT >> WARNING : Minion exited abnormally due to TIMED_OUT
01:16:02 PIT >> WARNING : Minion exited abnormally due to TIMED_OUT
\01:16:05 PIT >> WARNING : Minion exited abnormally due to TIMED_OUT
|/-\01:16:11 PIT >> WARNING : Minion exited abnormally due to TIMED_OUT
|/-01:16:16 PIT >> WARNING : Minion exited abnormally due to TIMED_OUT
01:16:19 PIT >> WARNING : Minion exited abnormally due to TIMED_OUT
\|/01:16:24 PIT >> WARNING : Minion exited abnormally due to TIMED_OUT
-\|01:16:29 PIT >> WARNING : Minion exited abnormally due to TIMED_OUT
/-01:16:33 PIT >> WARNING : Minion exited abnormally due to TIMED_OUT
\01:16:37 PIT >> WARNING : Minion exited abnormally due to TIMED_OUT
|/01:16:41 PIT >> WARNING : Minion exited abnormally due to TIMED_OUT
01:16:45 PIT >> WARNING : Minion exited abnormally due to TIMED_OUT
-01:16:49 PIT >> WARNING : Minion exited abnormally due to TIMED_OUT
\|/-\|/-\|/-\|01:17:00 PIT >> WARNING : Minion exited abnormally due to TIMED_OUT
/01:17:03 PIT >> WARNING : Minion exited abnormally due to TIMED_OUT
-\|01:17:08 PIT >> WARNING : Minion exited abnormally due to TIMED_OUT
/-\|/-\|/-\|/-\|/-\|/-\|/-\|/-\|/-\01:17:25 PIT >> WARNING : Minion exited abnormally due to TIMED_OUT
|01:17:29 PIT >> WARNING : Minion exited abnormally due to TIMED_OUT
/01:17:32 PIT >> WARNING : Minion exited abnormally due to TIMED_OUT
-01:17:36 PIT >> WARNING : Minion exited abnormally due to TIMED_OUT
\01:17:39 PIT >> WARNING : Minion exited abnormally due to TIMED_OUT
|/01:17:43 PIT >> WARNING : Minion exited abnormally due to TIMED_OUT
-\|/01:17:48 PIT >> WARNING : Minion exited abnormally due to TIMED_OUT
-\|01:17:53 PIT >> WARNING : Minion exited abnormally due to TIMED_OUT
/01:17:56 PIT >> WARNING : Minion exited abnormally due to TIMED_OUT
-\|/-\|/-\01:18:00 PIT >> INFO : Completed in 550 seconds
================================================================================
- Mutators
================================================================================
> org.pitest.mutationtest.engine.gregor.mutators.ConditionalsBoundaryMutator
>> Generated 248 Killed 159 (64%)
> KILLED 156 SURVIVED 64 TIMED_OUT 3 NON_VIABLE 0 
> MEMORY_ERROR 0 NOT_STARTED 0 STARTED 0 RUN_ERROR 0 
> NO_COVERAGE 25 
--------------------------------------------------------------------------------
> org.pitest.mutationtest.engine.gregor.mutators.IncrementsMutator
>> Generated 84 Killed 65 (77%)
> KILLED 65 SURVIVED 2 TIMED_OUT 0 NON_VIABLE 0 
> MEMORY_ERROR 0 NOT_STARTED 0 STARTED 0 RUN_ERROR 0 
> NO_COVERAGE 17 
--------------------------------------------------------------------------------
> org.pitest.mutationtest.engine.gregor.mutators.returns.PrimitiveReturnsMutator
>> Generated 46 Killed 33 (72%)
> KILLED 30 SURVIVED 2 TIMED_OUT 3 NON_VIABLE 0 
> MEMORY_ERROR 0 NOT_STARTED 0 STARTED 0 RUN_ERROR 0 
> NO_COVERAGE 11 
--------------------------------------------------------------------------------
> org.pitest.mutationtest.engine.gregor.mutators.VoidMethodCallMutator
>> Generated 1404 Killed 544 (39%)
> KILLED 481 SURVIVED 244 TIMED_OUT 63 NON_VIABLE 0 
> MEMORY_ERROR 0 NOT_STARTED 0 STARTED 0 RUN_ERROR 0 
> NO_COVERAGE 616 
--------------------------------------------------------------------------------
> org.pitest.mutationtest.engine.gregor.mutators.returns.BooleanTrueReturnValsMutator
>> Generated 385 Killed 153 (40%)
> KILLED 152 SURVIVED 66 TIMED_OUT 1 NON_VIABLE 0 
> MEMORY_ERROR 0 NOT_STARTED 0 STARTED 0 RUN_ERROR 0 
> NO_COVERAGE 166 
--------------------------------------------------------------------------------
> org.pitest.mutationtest.engine.gregor.mutators.returns.NullReturnValsMutator
>> Generated 424 Killed 246 (58%)
> KILLED 246 SURVIVED 84 TIMED_OUT 0 NON_VIABLE 0 
> MEMORY_ERROR 0 NOT_STARTED 0 STARTED 0 RUN_ERROR 0 
> NO_COVERAGE 94 
--------------------------------------------------------------------------------
> org.pitest.mutationtest.engine.gregor.mutators.MathMutator
>> Generated 200 Killed 129 (65%)
> KILLED 125 SURVIVED 14 TIMED_OUT 4 NON_VIABLE 0 
> MEMORY_ERROR 0 NOT_STARTED 0 STARTED 0 RUN_ERROR 0 
> NO_COVERAGE 57 
--------------------------------------------------------------------------------
> org.pitest.mutationtest.engine.gregor.mutators.returns.BooleanFalseReturnValsMutator
>> Generated 259 Killed 117 (45%)
> KILLED 117 SURVIVED 61 TIMED_OUT 0 NON_VIABLE 0 
> MEMORY_ERROR 0 NOT_STARTED 0 STARTED 0 RUN_ERROR 0 
> NO_COVERAGE 81 
--------------------------------------------------------------------------------
> org.pitest.mutationtest.engine.gregor.mutators.returns.EmptyObjectReturnValsMutator
>> Generated 261 Killed 164 (63%)
> KILLED 164 SURVIVED 14 TIMED_OUT 0 NON_VIABLE 0 
> MEMORY_ERROR 0 NOT_STARTED 0 STARTED 0 RUN_ERROR 0 
> NO_COVERAGE 83 
--------------------------------------------------------------------------------
> org.pitest.mutationtest.engine.gregor.mutators.NegateConditionalsMutator
>> Generated 1642 Killed 1233 (75%)
> KILLED 1212 SURVIVED 145 TIMED_OUT 21 NON_VIABLE 0 
> MEMORY_ERROR 0 NOT_STARTED 0 STARTED 0 RUN_ERROR 0 
> NO_COVERAGE 264 
--------------------------------------------------------------------------------
================================================================================
- Timings
================================================================================
> pre-scan for mutations : 2 seconds
> scan classpath : < 1 second
> coverage and dependency analysis : 2 seconds
> build mutation tests : 1 seconds
> run mutation analysis : 9 minutes and 3 seconds
--------------------------------------------------------------------------------
> Total  : 9 minutes and 9 seconds
--------------------------------------------------------------------------------
================================================================================
- Statistics
================================================================================
>> Line Coverage: 5549/7564 (73%)
>> Generated 4953 mutations Killed 2843 (57%)
>> Mutations with no coverage 1414. Test strength 80%
>> Ran 18759 tests (3.79 tests per mutation)

Pitest development is currently supported by GroupCDG.
Enhanced functionality available at https://pitest.groupcdg.com/
[INFO] ------------------------------------------------------------------------
[INFO] BUILD SUCCESS
[INFO] ------------------------------------------------------------------------
[INFO] Total time:  09:11 min
[INFO] Finished at: 2021-11-05T01:18:00+01:00
[INFO] ------------------------------------------------------------------------
HEAD ist jetzt bei 726827f [jsoup] delete old jsoup project
