HEAD ist jetzt bei 5b58a79 [confucius] add shell scripts
[INFO] Scanning for projects...
[INFO] 
[INFO] --------------------------< org.jsoup:jsoup >---------------------------
[INFO] Building jsoup Java HTML Parser 1.12.2
[INFO] --------------------------------[ jar ]---------------------------------
[INFO] 
[INFO] --- maven-clean-plugin:2.5:clean (default-clean) @ jsoup ---
[INFO] Deleting /home/lukas/workspace/master-benchmark/projects/jsoup/target
[INFO] 
[INFO] --- maven-resources-plugin:3.0.1:resources (default-resources) @ jsoup ---
[INFO] Using 'UTF-8' encoding to copy filtered resources.
[INFO] Copying 3 resources to META-INF/
[INFO] 
[INFO] --- maven-compiler-plugin:3.8.0:compile (default-compile) @ jsoup ---
[INFO] Changes detected - recompiling the module!
[INFO] Compiling 68 source files to /home/lukas/workspace/master-benchmark/projects/jsoup/target/classes
[INFO] /home/lukas/workspace/master-benchmark/projects/jsoup/src/main/java/org/jsoup/nodes/Attributes.java: /home/lukas/workspace/master-benchmark/projects/jsoup/src/main/java/org/jsoup/nodes/Attributes.java uses or overrides a deprecated API.
[INFO] /home/lukas/workspace/master-benchmark/projects/jsoup/src/main/java/org/jsoup/nodes/Attributes.java: Recompile with -Xlint:deprecation for details.
[INFO] 
[INFO] --- animal-sniffer-maven-plugin:1.16:check (animal-sniffer) @ jsoup ---
[INFO] Checking unresolved references to net.sf.androidscents.signature:android-api-level-8:2.2_r3
[INFO] 
[INFO] >>> maven-bundle-plugin:2.5.4:manifest (bundle-manifest) > process-classes @ jsoup >>>
[INFO] 
[INFO] --- maven-resources-plugin:3.0.1:resources (default-resources) @ jsoup ---
[INFO] Using 'UTF-8' encoding to copy filtered resources.
[INFO] Copying 3 resources to META-INF/
[INFO] 
[INFO] --- maven-compiler-plugin:3.8.0:compile (default-compile) @ jsoup ---
[INFO] Changes detected - recompiling the module!
[INFO] Compiling 68 source files to /home/lukas/workspace/master-benchmark/projects/jsoup/target/classes
[INFO] /home/lukas/workspace/master-benchmark/projects/jsoup/src/main/java/org/jsoup/nodes/Attributes.java: /home/lukas/workspace/master-benchmark/projects/jsoup/src/main/java/org/jsoup/nodes/Attributes.java uses or overrides a deprecated API.
[INFO] /home/lukas/workspace/master-benchmark/projects/jsoup/src/main/java/org/jsoup/nodes/Attributes.java: Recompile with -Xlint:deprecation for details.
[INFO] 
[INFO] --- animal-sniffer-maven-plugin:1.16:check (animal-sniffer) @ jsoup ---
[INFO] Checking unresolved references to net.sf.androidscents.signature:android-api-level-8:2.2_r3
[INFO] 
[INFO] <<< maven-bundle-plugin:2.5.4:manifest (bundle-manifest) < process-classes @ jsoup <<<
[INFO] 
[INFO] 
[INFO] --- maven-bundle-plugin:2.5.4:manifest (bundle-manifest) @ jsoup ---
[INFO] 
[INFO] --- maven-resources-plugin:3.0.1:testResources (default-testResources) @ jsoup ---
[INFO] Using 'UTF-8' encoding to copy filtered resources.
[INFO] Copying 27 resources
[INFO] 
[INFO] --- maven-compiler-plugin:3.8.0:testCompile (default-testCompile) @ jsoup ---
[INFO] Changes detected - recompiling the module!
[INFO] Compiling 50 source files to /home/lukas/workspace/master-benchmark/projects/jsoup/target/test-classes
[INFO] /home/lukas/workspace/master-benchmark/projects/jsoup/src/test/java/org/jsoup/parser/AttributeParseTest.java: Some input files use or override a deprecated API.
[INFO] /home/lukas/workspace/master-benchmark/projects/jsoup/src/test/java/org/jsoup/parser/AttributeParseTest.java: Recompile with -Xlint:deprecation for details.
[INFO] 
[INFO] --- maven-surefire-plugin:2.12.4:test (default-test) @ jsoup ---
[INFO] Surefire report directory: /home/lukas/workspace/master-benchmark/projects/jsoup/target/surefire-reports

-------------------------------------------------------
 T E S T S
-------------------------------------------------------
Running org.jsoup.helper.DataUtilTest
Tests run: 15, Failures: 0, Errors: 0, Skipped: 0, Time elapsed: 0.162 sec
Running org.jsoup.helper.HttpConnectionTest
Tests run: 23, Failures: 0, Errors: 0, Skipped: 5, Time elapsed: 0.011 sec
Running org.jsoup.helper.W3CDomTest
Tests run: 8, Failures: 0, Errors: 0, Skipped: 0, Time elapsed: 0.339 sec
Running org.jsoup.parser.HtmlParserTest
Tests run: 138, Failures: 0, Errors: 0, Skipped: 15, Time elapsed: 0.457 sec
Running org.jsoup.parser.ParserTest
Tests run: 2, Failures: 0, Errors: 0, Skipped: 1, Time elapsed: 0.001 sec
Running org.jsoup.parser.HtmlTreeBuilderStateTest
Tests run: 1, Failures: 0, Errors: 0, Skipped: 0, Time elapsed: 0.001 sec
Running org.jsoup.parser.TokenQueueTest
Tests run: 9, Failures: 0, Errors: 0, Skipped: 0, Time elapsed: 0 sec
Running org.jsoup.parser.CharacterReaderTest
Tests run: 23, Failures: 0, Errors: 0, Skipped: 2, Time elapsed: 0.003 sec
Running org.jsoup.parser.TagTest
Tests run: 10, Failures: 0, Errors: 0, Skipped: 1, Time elapsed: 0.001 sec
Running org.jsoup.parser.ParserSettingsTest
Tests run: 3, Failures: 0, Errors: 0, Skipped: 0, Time elapsed: 0 sec
Running org.jsoup.parser.TokeniserTest
Tests run: 12, Failures: 0, Errors: 0, Skipped: 2, Time elapsed: 0.02 sec
Running org.jsoup.parser.HtmlTreeBuilderTest
Tests run: 1, Failures: 0, Errors: 0, Skipped: 0, Time elapsed: 0 sec
Running org.jsoup.parser.XmlTreeBuilderTest
Tests run: 24, Failures: 0, Errors: 0, Skipped: 2, Time elapsed: 0.006 sec
Running org.jsoup.parser.TokeniserStateTest
Tests run: 16, Failures: 0, Errors: 0, Skipped: 1, Time elapsed: 0.018 sec
Running org.jsoup.parser.AttributeParseTest
Tests run: 8, Failures: 0, Errors: 0, Skipped: 3, Time elapsed: 0.001 sec
Running org.jsoup.nodes.ElementTest
Tests run: 107, Failures: 0, Errors: 0, Skipped: 9, Time elapsed: 1.394 sec
Running org.jsoup.nodes.NodeTest
Tests run: 25, Failures: 0, Errors: 0, Skipped: 2, Time elapsed: 0.007 sec
Running org.jsoup.nodes.FormElementTest
Tests run: 11, Failures: 0, Errors: 0, Skipped: 1, Time elapsed: 0.003 sec
Running org.jsoup.nodes.DocumentTest
Tests run: 30, Failures: 0, Errors: 0, Skipped: 2, Time elapsed: 0.035 sec
Running org.jsoup.nodes.EntitiesTest
Tests run: 15, Failures: 0, Errors: 0, Skipped: 2, Time elapsed: 0.004 sec
Running org.jsoup.nodes.DocumentTypeTest
Tests run: 5, Failures: 0, Errors: 0, Skipped: 0, Time elapsed: 0.001 sec
Running org.jsoup.nodes.AttributesTest
Tests run: 8, Failures: 0, Errors: 0, Skipped: 1, Time elapsed: 0.001 sec
Running org.jsoup.nodes.AttributeTest
Tests run: 6, Failures: 0, Errors: 0, Skipped: 1, Time elapsed: 0.001 sec
Running org.jsoup.nodes.TextNodeTest
Tests run: 9, Failures: 0, Errors: 0, Skipped: 3, Time elapsed: 0.002 sec
Running org.jsoup.safety.CleanerTest
Tests run: 35, Failures: 0, Errors: 0, Skipped: 3, Time elapsed: 0.052 sec
Running org.jsoup.internal.ConstrainableInputStreamTest
Tests run: 1, Failures: 0, Errors: 0, Skipped: 1, Time elapsed: 0 sec
Running org.jsoup.internal.StringUtilTest
Tests run: 9, Failures: 0, Errors: 0, Skipped: 1, Time elapsed: 0.002 sec
Running org.jsoup.select.QueryParserTest
Tests run: 7, Failures: 0, Errors: 0, Skipped: 2, Time elapsed: 0.002 sec
Running org.jsoup.select.ElementsTest
Tests run: 34, Failures: 0, Errors: 0, Skipped: 1, Time elapsed: 0.011 sec
Running org.jsoup.select.TraversorTest
Tests run: 5, Failures: 0, Errors: 0, Skipped: 0, Time elapsed: 0.002 sec
Running org.jsoup.select.CssTest
Tests run: 17, Failures: 0, Errors: 0, Skipped: 1, Time elapsed: 0.025 sec
Running org.jsoup.select.SelectorTest
Tests run: 76, Failures: 0, Errors: 0, Skipped: 8, Time elapsed: 0.024 sec
Running org.jsoup.integration.ParseTest
Tests run: 11, Failures: 0, Errors: 0, Skipped: 0, Time elapsed: 0.058 sec
Running org.jsoup.integration.ConnectTest
Tests run: 31, Failures: 0, Errors: 0, Skipped: 3, Time elapsed: 1.526 sec
Running org.jsoup.integration.UrlConnectTest
Tests run: 1, Failures: 0, Errors: 0, Skipped: 1, Time elapsed: 0 sec

Results :

Tests run: 736, Failures: 0, Errors: 0, Skipped: 74

[INFO] 
[INFO] --- maven-jar-plugin:3.0.2:jar (default-jar) @ jsoup ---
[INFO] Building jar: /home/lukas/workspace/master-benchmark/projects/jsoup/target/jsoup-1.12.2.jar
[INFO] 
[INFO] --- maven-assembly-plugin:2.6:single (make-assembly) @ jsoup ---
[INFO] Reading assembly descriptor: src/assembly/assembly.xml
[INFO] ------------------------------------------------------------------------
[INFO] BUILD FAILURE
[INFO] ------------------------------------------------------------------------
[INFO] Total time:  10.466 s
[INFO] Finished at: 2021-11-05T02:19:33+01:00
[INFO] ------------------------------------------------------------------------
[ERROR] Failed to execute goal org.apache.maven.plugins:maven-assembly-plugin:2.6:single (make-assembly) on project jsoup: Error reading assemblies: Error locating assembly descriptor: src/assembly/assembly.xml
[ERROR] 
[ERROR] [1] [INFO] Searching for file location: /home/lukas/workspace/master-benchmark/projects/jsoup/src/assembly/assembly.xml
[ERROR] 
[ERROR] [2] [INFO] File: /home/lukas/workspace/master-benchmark/projects/jsoup/src/assembly/assembly.xml does not exist.
[ERROR] 
[ERROR] [3] [INFO] File: /home/lukas/workspace/master-benchmark/projects/jsoup/src/assembly/assembly.xml does not exist.
[ERROR] -> [Help 1]
[ERROR] 
[ERROR] To see the full stack trace of the errors, re-run Maven with the -e switch.
[ERROR] Re-run Maven using the -X switch to enable full debug logging.
[ERROR] 
[ERROR] For more information about the errors and possible solutions, please read the following articles:
[ERROR] [Help 1] http://cwiki.apache.org/confluence/display/MAVEN/MojoExecutionException
[INFO] Scanning for projects...
[INFO] 
[INFO] --------------------------< org.jsoup:jsoup >---------------------------
[INFO] Building jsoup Java HTML Parser 1.12.2
[INFO] --------------------------------[ jar ]---------------------------------
[INFO] 
[INFO] --- maven-assembly-plugin:2.6:single (default-cli) @ jsoup ---
[INFO] Reading assembly descriptor: src/assembly/assembly.xml
[INFO] ------------------------------------------------------------------------
[INFO] BUILD FAILURE
[INFO] ------------------------------------------------------------------------
[INFO] Total time:  0.718 s
[INFO] Finished at: 2021-11-05T02:19:35+01:00
[INFO] ------------------------------------------------------------------------
[ERROR] Failed to execute goal org.apache.maven.plugins:maven-assembly-plugin:2.6:single (default-cli) on project jsoup: Error reading assemblies: Error locating assembly descriptor: src/assembly/assembly.xml
[ERROR] 
[ERROR] [1] [INFO] Searching for file location: /home/lukas/workspace/master-benchmark/projects/jsoup/src/assembly/assembly.xml
[ERROR] 
[ERROR] [2] [INFO] File: /home/lukas/workspace/master-benchmark/projects/jsoup/src/assembly/assembly.xml does not exist.
[ERROR] 
[ERROR] [3] [INFO] File: /home/lukas/workspace/master-benchmark/projects/jsoup/src/assembly/assembly.xml does not exist.
[ERROR] -> [Help 1]
[ERROR] 
[ERROR] To see the full stack trace of the errors, re-run Maven with the -e switch.
[ERROR] Re-run Maven using the -X switch to enable full debug logging.
[ERROR] 
[ERROR] For more information about the errors and possible solutions, please read the following articles:
[ERROR] [Help 1] http://cwiki.apache.org/confluence/display/MAVEN/MojoExecutionException
[INFO] Scanning for projects...
[INFO] 
[INFO] --------------------------< org.jsoup:jsoup >---------------------------
[INFO] Building jsoup Java HTML Parser 1.12.2
[INFO] --------------------------------[ jar ]---------------------------------
[INFO] 
[INFO] --- pitest-maven:1.7.2:mutationCoverage (default-cli) @ jsoup ---
[INFO] Found plugin : Default csv report plugin
[INFO] Found plugin : Default xml report plugin
[INFO] Found plugin : Default html report plugin
[INFO] Found plugin : Static initializer code detector plugin
[INFO] Found plugin : Excluded annotations plugin
[INFO] Found plugin : Try with resources filter
[INFO] Found plugin : Inlined finally block filter plugin
[INFO] Found plugin : Implicit null check filter
[INFO] Found plugin : Method reference null check filter
[INFO] Found plugin : For each loop filter
[INFO] Found plugin : Enum constructor filter
[INFO] Found plugin : Record junk mutation filter
[INFO] Found plugin : Logging calls filter
[INFO] Found plugin : Infinite for loop filter
[INFO] Found plugin : Long running iterator loop filter
[INFO] Found plugin : For loop counter filter
[INFO] Found plugin : Kotlin junk mutations filter
[INFO] Found plugin : Max mutations per class limit
[INFO] Found plugin : Equals shortcut equivalent mutant filter
[INFO] Found plugin : Trivial return vals equivalence filter
[INFO] Found plugin : Mutant export plugin
[INFO] Found shared classpath plugin : Default mutation engine
[INFO] Found shared classpath plugin : JUnit plugin
[INFO] Found shared classpath plugin : TestNG plugin
[INFO] Available mutators : EXPERIMENTAL_ARGUMENT_PROPAGATION,FALSE_RETURNS,TRUE_RETURNS,CONDITIONALS_BOUNDARY,CONSTRUCTOR_CALLS,EMPTY_RETURNS,INCREMENTS,INLINE_CONSTS,INVERT_NEGS,MATH,NEGATE_CONDITIONALS,NON_VOID_METHOD_CALLS,NULL_RETURNS,PRIMITIVE_RETURNS,REMOVE_CONDITIONALS_EQUAL_IF,REMOVE_CONDITIONALS_EQUAL_ELSE,REMOVE_CONDITIONALS_ORDER_IF,REMOVE_CONDITIONALS_ORDER_ELSE,RETURN_VALS,VOID_METHOD_CALLS,EXPERIMENTAL_BIG_INTEGER,EXPERIMENTAL_MEMBER_VARIABLE,EXPERIMENTAL_NAKED_RECEIVER,REMOVE_INCREMENTS,EXPERIMENTAL_RETURN_VALUES_MUTATOR,EXPERIMENTAL_SWITCH,EXPERIMENTAL_BIG_INTEGER,ABS,AOD1,AOD2,AOR1,AOR2,AOR3,AOR4,CRCR1,CRCR2,CRCR3,CRCR4,CRCR5,CRCR6,OBBN1,OBBN2,OBBN3,ROR1,ROR2,ROR3,ROR4,ROR5,UOI1,UOI2,UOI3,UOI4
[INFO] Adding org.pitest:pitest to SUT classpath
[INFO] Mutating from /home/lukas/workspace/master-benchmark/projects/jsoup/target/classes
[INFO] Defaulting target classes to match packages in build directory
[INFO] Defaulting target tests to match packages in test build directory
02:19:37 PIT >> INFO : Verbose logging is disabled. If you encounter a problem, please enable it before reporting an issue.
02:19:39 PIT >> INFO : Incremental analysis reduced number of mutations by 0
02:19:39 PIT >> INFO : Created  223 mutation test units in pre scan
02:19:40 PIT >> INFO : Sending 295 test classes to minion
02:19:40 PIT >> INFO : Sent tests to minion
/-\|/-\|/-\|/-\|/-\|/-\|/-\|/-\|/-\|/-\|/-\|/02:19:41 PIT >> INFO : MINION : 2021-11-05 02:19:41.528:INFO::main: Logging initialized @1745ms to org.eclipse.jetty.util.log.StdErrLog
02:19:41 PIT >> INFO : MINION : 2021-11-05 02:19:41.589:INFO:oejs.Server:main: jetty-9.4.26.v20200117; built: 2020-01-17T12:35:33.676Z; git: 7b38981d25d14afb4a12ff1f2596756144edf695; jvm 11.0.12+7
02:19:41 PIT >> INFO : MINION : 2021-11-05 02:19:41.624:INFO:oejs.AbstractConnector:main: Started ServerConnector@344666ff{HTTP/1.1,[http/1.1]}{0.0.0.0:39135}
02:19:41 PIT >> INFO : MINION : 2021-11-05 02:19:41.624:INFO:oejs.Server:main: Started @1841ms
02:19:42 PIT >> INFO : MINION : 2021-11-05 02:19:42.297:INFO:oejs.AbstractConnector:main: Stopped ServerConnector@344666ff{HTTP/1.1,[http/1.1]}{0.0.0.0:0}
-\|/-\|/-\|/-\|/-\|/-\|/-\|/-\|/-\|/-\|/-\|/-\|/-\|/-\|/-\|/-\|/-\|/-\|/-\|/-\|/-\|/-\|/-\|/-\|/-\|/-\|/-\|/-\|/-\|/-\|/-\|/-\|/-\|/-\|/-\|/-\|/-\|/-\|/-\|/-\|/-\|/-\|/-\|/-\|/-\|/-\|/-\|/-\|/-\|/-\|/-\|/-\|/-\|/-\|/-\|/-\|/-\|/-\|/-\|/-\|/-\|/-\|/-\|/-\|/-\|/-\|/-\|/-\|/-\|/-\|/-\|/-\|/-\|/-\|/-\|/-\|/-\|/-\|/-\|/-\|/-\|/-\|/-\|/-\|/-\|/-\|/-\|/-\|/-\|/-\|/-\|/-\|/-\|/-\|/-\|/-\|/-\|/-\|/-\|/-\|/-\|/-\|/-\|/-\|/-\|/-\|/-\|/-\|/-\|/-\|/-\|/-\|/-\|/-\|/-\|/-\|/-\|/-\|/-\|/-\|/-\|/-\|/-\|/-\|/-\|/-\|/-\|/-\|/-\|/-\|/-\|/-\|/-\|/-\|/-\|/-\|/-\|/-\|/-\|/-\|/-\|/-\|/-\|/-\|/-\|/-\|/-\|/-\|/-\|/-\|/-\|/-\|/-\|/-\|/-\|/-\|/-\|/-\|/-\|/-\|/-\|/-\|02:19:47 PIT >> INFO : Calculated coverage in 7 seconds.
02:19:51 PIT >> INFO : Incremental analysis reduced number of mutations by 0
02:19:51 PIT >> INFO : Created  223 mutation test units
/-02:21:12 PIT >> WARNING : Minion exited abnormally due to TIMED_OUT
02:21:48 PIT >> WARNING : Minion exited abnormally due to TIMED_OUT
02:22:07 PIT >> WARNING : Minion exited abnormally due to TIMED_OUT
02:22:18 PIT >> WARNING : Minion exited abnormally due to TIMED_OUT
\|02:22:39 PIT >> WARNING : Minion exited abnormally due to TIMED_OUT
02:22:51 PIT >> WARNING : Minion exited abnormally due to TIMED_OUT
02:22:55 PIT >> WARNING : Minion exited abnormally due to TIMED_OUT
02:23:03 PIT >> WARNING : Minion exited abnormally due to TIMED_OUT
/02:23:23 PIT >> WARNING : Minion exited abnormally due to TIMED_OUT
-02:23:32 PIT >> WARNING : Minion exited abnormally due to TIMED_OUT
02:23:35 PIT >> WARNING : Minion exited abnormally due to TIMED_OUT
02:23:39 PIT >> WARNING : Minion exited abnormally due to TIMED_OUT
02:23:45 PIT >> WARNING : Minion exited abnormally due to TIMED_OUT
02:23:51 PIT >> WARNING : Minion exited abnormally due to TIMED_OUT
\02:24:02 PIT >> WARNING : Minion exited abnormally due to TIMED_OUT
|02:24:10 PIT >> WARNING : Minion exited abnormally due to TIMED_OUT
02:24:14 PIT >> WARNING : Minion exited abnormally due to TIMED_OUT
02:24:18 PIT >> WARNING : Minion exited abnormally due to TIMED_OUT
02:24:22 PIT >> WARNING : Minion exited abnormally due to TIMED_OUT
02:24:26 PIT >> WARNING : Minion exited abnormally due to TIMED_OUT
02:24:30 PIT >> WARNING : Minion exited abnormally due to TIMED_OUT
02:24:33 PIT >> WARNING : Minion exited abnormally due to TIMED_OUT
02:24:37 PIT >> WARNING : Minion exited abnormally due to TIMED_OUT
02:24:43 PIT >> WARNING : Minion exited abnormally due to TIMED_OUT
02:24:47 PIT >> WARNING : Minion exited abnormally due to TIMED_OUT
02:24:50 PIT >> WARNING : Minion exited abnormally due to TIMED_OUT
02:24:54 PIT >> WARNING : Minion exited abnormally due to TIMED_OUT
02:25:00 PIT >> WARNING : Minion exited abnormally due to TIMED_OUT
02:25:03 PIT >> WARNING : Minion exited abnormally due to TIMED_OUT
02:25:07 PIT >> WARNING : Minion exited abnormally due to TIMED_OUT
02:25:11 PIT >> WARNING : Minion exited abnormally due to TIMED_OUT
02:25:15 PIT >> WARNING : Minion exited abnormally due to TIMED_OUT
02:25:18 PIT >> WARNING : Minion exited abnormally due to TIMED_OUT
02:25:22 PIT >> WARNING : Minion exited abnormally due to TIMED_OUT
/02:25:26 PIT >> WARNING : Minion exited abnormally due to TIMED_OUT
02:25:34 PIT >> WARNING : Minion exited abnormally due to TIMED_OUT
02:25:38 PIT >> WARNING : Minion exited abnormally due to TIMED_OUT
02:25:51 PIT >> WARNING : Minion exited abnormally due to TIMED_OUT
-\|/-\|/-\|/-\02:26:55 PIT >> WARNING : Minion exited abnormally due to TIMED_OUT
02:27:01 PIT >> WARNING : Minion exited abnormally due to TIMED_OUT
|/-\|/-\02:27:37 PIT >> WARNING : Minion exited abnormally due to TIMED_OUT
02:27:41 PIT >> WARNING : Minion exited abnormally due to TIMED_OUT
02:27:44 PIT >> WARNING : Minion exited abnormally due to TIMED_OUT
02:27:48 PIT >> WARNING : Minion exited abnormally due to TIMED_OUT
02:27:52 PIT >> WARNING : Minion exited abnormally due to TIMED_OUT
02:27:55 PIT >> WARNING : Minion exited abnormally due to TIMED_OUT
02:27:59 PIT >> WARNING : Minion exited abnormally due to TIMED_OUT
02:28:02 PIT >> WARNING : Minion exited abnormally due to TIMED_OUT
|/-\|/-\|/-\|02:29:08 PIT >> WARNING : Minion exited abnormally due to TIMED_OUT
/-\|/-\|/02:29:47 PIT >> WARNING : Minion exited abnormally due to TIMED_OUT
-02:29:50 PIT >> WARNING : Minion exited abnormally due to TIMED_OUT
02:29:54 PIT >> WARNING : Minion exited abnormally due to TIMED_OUT
\|/-\|02:30:05 PIT >> WARNING : Minion exited abnormally due to TIMED_OUT
02:30:08 PIT >> WARNING : Minion exited abnormally due to TIMED_OUT
02:30:11 PIT >> WARNING : Minion exited abnormally due to TIMED_OUT
/-\|02:30:18 PIT >> WARNING : Minion exited abnormally due to TIMED_OUT
/-\02:30:25 PIT >> WARNING : Minion exited abnormally due to TIMED_OUT
|/-\|02:30:37 PIT >> WARNING : Minion exited abnormally due to TIMED_OUT
/02:30:41 PIT >> WARNING : Minion exited abnormally due to TIMED_OUT
-02:30:47 PIT >> WARNING : Minion exited abnormally due to TIMED_OUT
\|/-\|/-\02:31:02 PIT >> WARNING : Minion exited abnormally due to TIMED_OUT
02:31:05 PIT >> WARNING : Minion exited abnormally due to TIMED_OUT
02:31:09 PIT >> WARNING : Minion exited abnormally due to TIMED_OUT
02:31:12 PIT >> WARNING : Minion exited abnormally due to TIMED_OUT
|/02:31:17 PIT >> WARNING : Minion exited abnormally due to TIMED_OUT
-\|/02:31:28 PIT >> WARNING : Minion exited abnormally due to TIMED_OUT
02:31:32 PIT >> WARNING : Minion exited abnormally due to TIMED_OUT
02:31:37 PIT >> WARNING : Minion exited abnormally due to TIMED_OUT
-02:31:40 PIT >> WARNING : Minion exited abnormally due to TIMED_OUT
\02:31:45 PIT >> WARNING : Minion exited abnormally due to TIMED_OUT
|/-\|/-\02:31:57 PIT >> WARNING : Minion exited abnormally due to TIMED_OUT
|02:32:01 PIT >> WARNING : Minion exited abnormally due to TIMED_OUT
02:32:05 PIT >> WARNING : Minion exited abnormally due to TIMED_OUT
/02:32:09 PIT >> WARNING : Minion exited abnormally due to TIMED_OUT
02:32:12 PIT >> WARNING : Minion exited abnormally due to TIMED_OUT
-\|/-\02:32:19 PIT >> WARNING : Minion exited abnormally due to TIMED_OUT
02:32:22 PIT >> WARNING : Minion exited abnormally due to TIMED_OUT
02:32:26 PIT >> WARNING : Minion exited abnormally due to TIMED_OUT
|02:32:30 PIT >> WARNING : Minion exited abnormally due to TIMED_OUT
02:32:34 PIT >> WARNING : Minion exited abnormally due to TIMED_OUT
/-02:32:39 PIT >> WARNING : Minion exited abnormally due to TIMED_OUT
02:32:42 PIT >> WARNING : Minion exited abnormally due to TIMED_OUT
02:32:46 PIT >> WARNING : Minion exited abnormally due to TIMED_OUT
02:32:49 PIT >> WARNING : Minion exited abnormally due to TIMED_OUT
02:32:53 PIT >> WARNING : Minion exited abnormally due to TIMED_OUT
\|/-\02:33:00 PIT >> WARNING : Minion exited abnormally due to TIMED_OUT
|/-02:33:05 PIT >> WARNING : Minion exited abnormally due to TIMED_OUT
\|/-\02:33:12 PIT >> WARNING : Minion exited abnormally due to TIMED_OUT
|/-02:33:16 PIT >> WARNING : Minion exited abnormally due to TIMED_OUT
02:33:20 PIT >> WARNING : Minion exited abnormally due to TIMED_OUT
02:33:23 PIT >> WARNING : Minion exited abnormally due to TIMED_OUT
\|/-\02:33:30 PIT >> WARNING : Minion exited abnormally due to TIMED_OUT
02:33:33 PIT >> WARNING : Minion exited abnormally due to TIMED_OUT
02:33:37 PIT >> WARNING : Minion exited abnormally due to TIMED_OUT
|/-02:33:42 PIT >> WARNING : Minion exited abnormally due to TIMED_OUT
\|/02:33:47 PIT >> WARNING : Minion exited abnormally due to TIMED_OUT
-\|02:33:52 PIT >> WARNING : Minion exited abnormally due to TIMED_OUT
/-02:33:56 PIT >> WARNING : Minion exited abnormally due to TIMED_OUT
02:34:00 PIT >> WARNING : Minion exited abnormally due to TIMED_OUT
\02:34:05 PIT >> WARNING : Minion exited abnormally due to TIMED_OUT
02:34:09 PIT >> WARNING : Minion exited abnormally due to TIMED_OUT
|/02:34:14 PIT >> WARNING : Minion exited abnormally due to TIMED_OUT
02:34:17 PIT >> WARNING : Minion exited abnormally due to TIMED_OUT
-02:34:21 PIT >> WARNING : Minion exited abnormally due to TIMED_OUT
\|/-\|/-\|/-\|02:34:32 PIT >> WARNING : Minion exited abnormally due to TIMED_OUT
/02:34:35 PIT >> WARNING : Minion exited abnormally due to TIMED_OUT
02:34:39 PIT >> WARNING : Minion exited abnormally due to TIMED_OUT
-\|02:34:44 PIT >> WARNING : Minion exited abnormally due to MEMORY_ERROR
/-\|/-\|/-\|/-\|/-\|/-\|/-\|/-\|/-\02:35:08 PIT >> WARNING : Minion exited abnormally due to TIMED_OUT
|02:35:11 PIT >> WARNING : Minion exited abnormally due to TIMED_OUT
/02:35:15 PIT >> WARNING : Minion exited abnormally due to TIMED_OUT
-02:35:18 PIT >> WARNING : Minion exited abnormally due to TIMED_OUT
\02:35:22 PIT >> WARNING : Minion exited abnormally due to TIMED_OUT
|/02:35:26 PIT >> WARNING : Minion exited abnormally due to TIMED_OUT
-\|/02:35:30 PIT >> WARNING : Minion exited abnormally due to TIMED_OUT
-\|02:35:35 PIT >> WARNING : Minion exited abnormally due to TIMED_OUT
/02:35:38 PIT >> WARNING : Minion exited abnormally due to TIMED_OUT
-\|/-\|/-\02:35:44 PIT >> INFO : Completed in 967 seconds
================================================================================
- Mutators
================================================================================
> org.pitest.mutationtest.engine.gregor.mutators.ConditionalsBoundaryMutator
>> Generated 248 Killed 171 (69%)
> KILLED 169 SURVIVED 60 TIMED_OUT 2 NON_VIABLE 0 
> MEMORY_ERROR 0 NOT_STARTED 0 STARTED 0 RUN_ERROR 0 
> NO_COVERAGE 17 
--------------------------------------------------------------------------------
> org.pitest.mutationtest.engine.gregor.mutators.IncrementsMutator
>> Generated 84 Killed 72 (86%)
> KILLED 70 SURVIVED 2 TIMED_OUT 2 NON_VIABLE 0 
> MEMORY_ERROR 0 NOT_STARTED 0 STARTED 0 RUN_ERROR 0 
> NO_COVERAGE 10 
--------------------------------------------------------------------------------
> org.pitest.mutationtest.engine.gregor.mutators.returns.PrimitiveReturnsMutator
>> Generated 46 Killed 36 (78%)
> KILLED 35 SURVIVED 1 TIMED_OUT 1 NON_VIABLE 0 
> MEMORY_ERROR 0 NOT_STARTED 0 STARTED 0 RUN_ERROR 0 
> NO_COVERAGE 9 
--------------------------------------------------------------------------------
> org.pitest.mutationtest.engine.gregor.mutators.VoidMethodCallMutator
>> Generated 1404 Killed 698 (50%)
> KILLED 613 SURVIVED 286 TIMED_OUT 84 NON_VIABLE 0 
> MEMORY_ERROR 1 NOT_STARTED 0 STARTED 0 RUN_ERROR 0 
> NO_COVERAGE 420 
--------------------------------------------------------------------------------
> org.pitest.mutationtest.engine.gregor.mutators.returns.BooleanTrueReturnValsMutator
>> Generated 385 Killed 192 (50%)
> KILLED 191 SURVIVED 70 TIMED_OUT 1 NON_VIABLE 0 
> MEMORY_ERROR 0 NOT_STARTED 0 STARTED 0 RUN_ERROR 0 
> NO_COVERAGE 123 
--------------------------------------------------------------------------------
> org.pitest.mutationtest.engine.gregor.mutators.returns.NullReturnValsMutator
>> Generated 424 Killed 289 (68%)
> KILLED 289 SURVIVED 65 TIMED_OUT 0 NON_VIABLE 0 
> MEMORY_ERROR 0 NOT_STARTED 0 STARTED 0 RUN_ERROR 0 
> NO_COVERAGE 70 
--------------------------------------------------------------------------------
> org.pitest.mutationtest.engine.gregor.mutators.MathMutator
>> Generated 200 Killed 144 (72%)
> KILLED 140 SURVIVED 13 TIMED_OUT 4 NON_VIABLE 0 
> MEMORY_ERROR 0 NOT_STARTED 0 STARTED 0 RUN_ERROR 0 
> NO_COVERAGE 43 
--------------------------------------------------------------------------------
> org.pitest.mutationtest.engine.gregor.mutators.returns.BooleanFalseReturnValsMutator
>> Generated 259 Killed 144 (56%)
> KILLED 144 SURVIVED 61 TIMED_OUT 0 NON_VIABLE 0 
> MEMORY_ERROR 0 NOT_STARTED 0 STARTED 0 RUN_ERROR 0 
> NO_COVERAGE 54 
--------------------------------------------------------------------------------
> org.pitest.mutationtest.engine.gregor.mutators.returns.EmptyObjectReturnValsMutator
>> Generated 261 Killed 183 (70%)
> KILLED 183 SURVIVED 8 TIMED_OUT 0 NON_VIABLE 0 
> MEMORY_ERROR 0 NOT_STARTED 0 STARTED 0 RUN_ERROR 0 
> NO_COVERAGE 70 
--------------------------------------------------------------------------------
> org.pitest.mutationtest.engine.gregor.mutators.NegateConditionalsMutator
>> Generated 1642 Killed 1419 (86%)
> KILLED 1397 SURVIVED 88 TIMED_OUT 22 NON_VIABLE 0 
> MEMORY_ERROR 0 NOT_STARTED 0 STARTED 0 RUN_ERROR 0 
> NO_COVERAGE 135 
--------------------------------------------------------------------------------
================================================================================
- Timings
================================================================================
> pre-scan for mutations : 2 seconds
> scan classpath : < 1 second
> coverage and dependency analysis : 7 seconds
> build mutation tests : 2 seconds
> run mutation analysis : 15 minutes and 52 seconds
--------------------------------------------------------------------------------
> Total  : 16 minutes and 4 seconds
--------------------------------------------------------------------------------
================================================================================
- Statistics
================================================================================
>> Line Coverage: 6244/7564 (83%)
>> Generated 4953 mutations Killed 3348 (68%)
>> Mutations with no coverage 951. Test strength 84%
>> Ran 68803 tests (13.89 tests per mutation)

Pitest development is currently supported by GroupCDG.
Enhanced functionality available at https://pitest.groupcdg.com/
[INFO] ------------------------------------------------------------------------
[INFO] BUILD SUCCESS
[INFO] ------------------------------------------------------------------------
[INFO] Total time:  16:08 min
[INFO] Finished at: 2021-11-05T02:35:44+01:00
[INFO] ------------------------------------------------------------------------
HEAD ist jetzt bei 5b58a79 [confucius] add shell scripts
