HEAD ist jetzt bei f0481e6 [commons-csv] Add new runMutation shell script to RAT exclusion
[INFO] Scanning for projects...
[INFO] 
[INFO] -------------------< org.apache.commons:commons-csv >-------------------
[INFO] Building Apache Commons CSV 1.7
[INFO] --------------------------------[ jar ]---------------------------------
[INFO] 
[INFO] --- maven-clean-plugin:3.1.0:clean (default-clean) @ commons-csv ---
[INFO] Deleting /home/lukas/workspace/master-benchmark/projects/commons-csv/target
[INFO] 
[INFO] --- maven-enforcer-plugin:3.0.0-M2:enforce (enforce-maven-version) @ commons-csv ---
[INFO] 
[INFO] --- maven-enforcer-plugin:3.0.0-M2:enforce (enforce-maven-3) @ commons-csv ---
[INFO] 
[INFO] --- apache-rat-plugin:0.13:check (rat-check) @ commons-csv ---
[INFO] Enabled default license matchers.
[INFO] Will parse SCM ignores for exclusions...
[INFO] Parsing exclusions from /home/lukas/workspace/master-benchmark/projects/commons-csv/.gitignore
[INFO] Finished adding exclusions from SCM ignore files.
[INFO] 70 implicit excludes (use -debug for more details).
[INFO] 27 explicit excludes (use -debug for more details).
[INFO] 54 resources included (use -debug for more details)
[INFO] Rat check: Summary over all files. Unapproved: 0, unknown: 0, generated: 0, approved: 47 licenses.
[INFO] 
[INFO] --- build-helper-maven-plugin:3.0.0:parse-version (parse-version) @ commons-csv ---
[INFO] 
[INFO] --- maven-antrun-plugin:1.8:run (javadoc.resources) @ commons-csv ---
[INFO] Executing tasks

main:
     [copy] Copying 2 files to /home/lukas/workspace/master-benchmark/projects/commons-csv/target/apidocs/META-INF
[INFO] Executed tasks
[INFO] 
[INFO] --- maven-remote-resources-plugin:1.5:process (process-resource-bundles) @ commons-csv ---
[INFO] 
[INFO] --- buildnumber-maven-plugin:1.4:create (default) @ commons-csv ---
[INFO] Executing: /bin/sh -c cd '/home/lukas/workspace/master-benchmark/projects/commons-csv' && 'git' 'rev-parse' '--verify' 'HEAD'
[INFO] Working directory: /home/lukas/workspace/master-benchmark/projects/commons-csv
[INFO] Storing buildNumber: f0481e6793fd6a0df4e02c6fe7f211e5e2342b0b at timestamp: 1636021024287
[INFO] Storing buildScmBranch: master
[INFO] 
[INFO] --- maven-resources-plugin:3.1.0:resources (default-resources) @ commons-csv ---
[INFO] Using 'UTF-8' encoding to copy filtered resources.
[INFO] skip non existing resourceDirectory /home/lukas/workspace/master-benchmark/projects/commons-csv/src/main/resources
[INFO] Copying 2 resources to META-INF
[INFO] 
[INFO] --- maven-compiler-plugin:3.8.0:compile (default-compile) @ commons-csv ---
[INFO] Changes detected - recompiling the module!
[INFO] Compiling 12 source files to /home/lukas/workspace/master-benchmark/projects/commons-csv/target/classes
[INFO] 
[INFO] --- maven-bundle-plugin:4.1.0:manifest (bundle-manifest) @ commons-csv ---
[INFO] 
[INFO] --- animal-sniffer-maven-plugin:1.17:check (checkAPIcompatibility) @ commons-csv ---
[INFO] Checking unresolved references to org.codehaus.mojo.signature:java18:1.0
[INFO] /home/lukas/workspace/master-benchmark/projects/commons-csv/src/main/java/org/apache/commons/csv/IOUtils.java:82: Covariant return type change detected: java.nio.Buffer java.nio.CharBuffer.flip() has been changed to java.nio.CharBuffer java.nio.CharBuffer.flip()
[INFO] 
[INFO] --- maven-resources-plugin:3.1.0:testResources (default-testResources) @ commons-csv ---
[INFO] Using 'UTF-8' encoding to copy filtered resources.
[INFO] Copying 14 resources
[INFO] Copying 2 resources to META-INF
[INFO] 
[INFO] --- maven-compiler-plugin:3.8.0:testCompile (default-testCompile) @ commons-csv ---
[INFO] Changes detected - recompiling the module!
[INFO] Compiling 19 source files to /home/lukas/workspace/master-benchmark/projects/commons-csv/target/test-classes
[INFO] /home/lukas/workspace/master-benchmark/projects/commons-csv/src/test/java/org/apache/commons/csv/CSVFormatTest.java: /home/lukas/workspace/master-benchmark/projects/commons-csv/src/test/java/org/apache/commons/csv/CSVFormatTest.java uses or overrides a deprecated API.
[INFO] /home/lukas/workspace/master-benchmark/projects/commons-csv/src/test/java/org/apache/commons/csv/CSVFormatTest.java: Recompile with -Xlint:deprecation for details.
[INFO] 
[INFO] --- jacoco-maven-plugin:0.8.3:prepare-agent (prepare-agent) @ commons-csv ---
[INFO] argLine set to -javaagent:/home/lukas/.m2/repository/org/jacoco/org.jacoco.agent/0.8.3/org.jacoco.agent-0.8.3-runtime.jar=destfile=/home/lukas/workspace/master-benchmark/projects/commons-csv/target/jacoco.exec
[INFO] 
[INFO] --- maven-surefire-plugin:2.22.1:test (default-test) @ commons-csv ---
[INFO] 
[INFO] -------------------------------------------------------
[INFO]  T E S T S
[INFO] -------------------------------------------------------
[INFO] Running org.apache.commons.csv.CSVPrinterTest
[WARNING] Tests run: 99, Failures: 0, Errors: 0, Skipped: 83, Time elapsed: 1.307 s - in org.apache.commons.csv.CSVPrinterTest
[INFO] Running org.apache.commons.csv.LexerTest
[WARNING] Tests run: 26, Failures: 0, Errors: 0, Skipped: 25, Time elapsed: 0.001 s - in org.apache.commons.csv.LexerTest
[INFO] Running org.apache.commons.csv.CSVFormatPredefinedTest
[WARNING] Tests run: 10, Failures: 0, Errors: 0, Skipped: 9, Time elapsed: 0 s - in org.apache.commons.csv.CSVFormatPredefinedTest
[INFO] Running org.apache.commons.csv.CSVFormatTest
[WARNING] Tests run: 56, Failures: 0, Errors: 0, Skipped: 29, Time elapsed: 0.002 s - in org.apache.commons.csv.CSVFormatTest
[INFO] Running org.apache.commons.csv.issues.JiraCsv203Test
[WARNING] Tests run: 7, Failures: 0, Errors: 0, Skipped: 6, Time elapsed: 0 s - in org.apache.commons.csv.issues.JiraCsv203Test
[INFO] Running org.apache.commons.csv.issues.JiraCsv167Test
[WARNING] Tests run: 1, Failures: 0, Errors: 0, Skipped: 1, Time elapsed: 0 s - in org.apache.commons.csv.issues.JiraCsv167Test
[INFO] Running org.apache.commons.csv.issues.JiraCsv198Test
[WARNING] Tests run: 1, Failures: 0, Errors: 0, Skipped: 1, Time elapsed: 0.001 s - in org.apache.commons.csv.issues.JiraCsv198Test
[INFO] Running org.apache.commons.csv.issues.JiraCsv213Test
[WARNING] Tests run: 1, Failures: 0, Errors: 0, Skipped: 1, Time elapsed: 0 s - in org.apache.commons.csv.issues.JiraCsv213Test
[INFO] Running org.apache.commons.csv.issues.JiraCsv164Test
[WARNING] Tests run: 2, Failures: 0, Errors: 0, Skipped: 2, Time elapsed: 0 s - in org.apache.commons.csv.issues.JiraCsv164Test
[INFO] Running org.apache.commons.csv.CSVRecordTest
[WARNING] Tests run: 18, Failures: 0, Errors: 0, Skipped: 14, Time elapsed: 0 s - in org.apache.commons.csv.CSVRecordTest
[INFO] Running org.apache.commons.csv.ExtendedBufferedReaderTest
[WARNING] Tests run: 5, Failures: 0, Errors: 0, Skipped: 3, Time elapsed: 0.001 s - in org.apache.commons.csv.ExtendedBufferedReaderTest
[INFO] Running org.apache.commons.csv.AssertionsTest
[WARNING] Tests run: 2, Failures: 0, Errors: 0, Skipped: 2, Time elapsed: 0 s - in org.apache.commons.csv.AssertionsTest
[INFO] Running org.apache.commons.csv.TokenMatchersTest
[WARNING] Tests run: 4, Failures: 0, Errors: 0, Skipped: 4, Time elapsed: 0.001 s - in org.apache.commons.csv.TokenMatchersTest
[INFO] Running org.apache.commons.csv.CSVParserTest
[WARNING] Tests run: 81, Failures: 0, Errors: 0, Skipped: 64, Time elapsed: 0.01 s - in org.apache.commons.csv.CSVParserTest
[INFO] 
[INFO] Results:
[INFO] 
[WARNING] Tests run: 313, Failures: 0, Errors: 0, Skipped: 244
[INFO] 
[INFO] 
[INFO] --- maven-jar-plugin:3.1.1:jar (default-jar) @ commons-csv ---
[INFO] Building jar: /home/lukas/workspace/master-benchmark/projects/commons-csv/target/commons-csv-1.7.jar
[INFO] 
[INFO] --- maven-assembly-plugin:2.6:single (make-assembly) @ commons-csv ---
[INFO] Reading assembly descriptor: src/assembly/assembly.xml
[INFO] Reading assembly descriptor: src/assembly/bin.xml
[INFO] Reading assembly descriptor: src/assembly/src.xml
[WARNING] The assembly descriptor contains a filesystem-root relative reference, which is not cross platform compatible /
[WARNING] The assembly descriptor contains a filesystem-root relative reference, which is not cross platform compatible /
[INFO] Building jar: /home/lukas/workspace/master-benchmark/projects/commons-csv/target/commons-csv-1.7-fat-tests.jar
[INFO] Building tar: /home/lukas/workspace/master-benchmark/projects/commons-csv/target/commons-csv-1.7-bin.tar.gz
[INFO] Building zip: /home/lukas/workspace/master-benchmark/projects/commons-csv/target/commons-csv-1.7-bin.zip
[INFO] Building tar: /home/lukas/workspace/master-benchmark/projects/commons-csv/target/commons-csv-1.7-src.tar.gz
[INFO] Building zip: /home/lukas/workspace/master-benchmark/projects/commons-csv/target/commons-csv-1.7-src.zip
[INFO] 
[INFO] --- maven-site-plugin:3.7.1:attach-descriptor (attach-descriptor) @ commons-csv ---
[INFO] Skipping because packaging 'jar' is not pom.
[INFO] 
[INFO] --- maven-jar-plugin:3.1.1:test-jar (default) @ commons-csv ---
[INFO] Building jar: /home/lukas/workspace/master-benchmark/projects/commons-csv/target/commons-csv-1.7-tests.jar
[INFO] 
[INFO] --- maven-source-plugin:3.0.1:jar-no-fork (create-source-jar) @ commons-csv ---
[INFO] Building jar: /home/lukas/workspace/master-benchmark/projects/commons-csv/target/commons-csv-1.7-sources.jar
[INFO] 
[INFO] --- maven-source-plugin:3.0.1:test-jar-no-fork (create-source-jar) @ commons-csv ---
[INFO] Building jar: /home/lukas/workspace/master-benchmark/projects/commons-csv/target/commons-csv-1.7-test-sources.jar
[INFO] 
[INFO] --- jacoco-maven-plugin:0.8.3:check (check) @ commons-csv ---
[INFO] Loading execution data file /home/lukas/workspace/master-benchmark/projects/commons-csv/target/jacoco.exec
[INFO] Analyzed bundle 'commons-csv' with 15 classes
[WARNING] Rule violated for bundle commons-csv: classes covered ratio is 0.93, but expected minimum is 1.00
[WARNING] Rule violated for bundle commons-csv: instructions covered ratio is 0.86, but expected minimum is 0.90
[WARNING] Rule violated for bundle commons-csv: methods covered ratio is 0.90, but expected minimum is 0.95
[WARNING] Rule violated for bundle commons-csv: branches covered ratio is 0.79, but expected minimum is 0.85
[WARNING] Rule violated for bundle commons-csv: lines covered ratio is 0.87, but expected minimum is 0.90
[WARNING] Rule violated for bundle commons-csv: complexity covered ratio is 0.77, but expected minimum is 0.85
[WARNING] Coverage checks have not been met. See log for details.
[INFO] 
[INFO] --- maven-install-plugin:2.5.2:install (default-install) @ commons-csv ---
[INFO] Installing /home/lukas/workspace/master-benchmark/projects/commons-csv/target/commons-csv-1.7.jar to /home/lukas/.m2/repository/org/apache/commons/commons-csv/1.7/commons-csv-1.7.jar
[INFO] Installing /home/lukas/workspace/master-benchmark/projects/commons-csv/pom.xml to /home/lukas/.m2/repository/org/apache/commons/commons-csv/1.7/commons-csv-1.7.pom
[INFO] Installing /home/lukas/workspace/master-benchmark/projects/commons-csv/target/commons-csv-1.7-fat-tests.jar to /home/lukas/.m2/repository/org/apache/commons/commons-csv/1.7/commons-csv-1.7-fat-tests.jar
[INFO] Installing /home/lukas/workspace/master-benchmark/projects/commons-csv/target/commons-csv-1.7-bin.tar.gz to /home/lukas/.m2/repository/org/apache/commons/commons-csv/1.7/commons-csv-1.7-bin.tar.gz
[INFO] Installing /home/lukas/workspace/master-benchmark/projects/commons-csv/target/commons-csv-1.7-bin.zip to /home/lukas/.m2/repository/org/apache/commons/commons-csv/1.7/commons-csv-1.7-bin.zip
[INFO] Installing /home/lukas/workspace/master-benchmark/projects/commons-csv/target/commons-csv-1.7-src.tar.gz to /home/lukas/.m2/repository/org/apache/commons/commons-csv/1.7/commons-csv-1.7-src.tar.gz
[INFO] Installing /home/lukas/workspace/master-benchmark/projects/commons-csv/target/commons-csv-1.7-src.zip to /home/lukas/.m2/repository/org/apache/commons/commons-csv/1.7/commons-csv-1.7-src.zip
[INFO] Installing /home/lukas/workspace/master-benchmark/projects/commons-csv/target/commons-csv-1.7-tests.jar to /home/lukas/.m2/repository/org/apache/commons/commons-csv/1.7/commons-csv-1.7-tests.jar
[INFO] Installing /home/lukas/workspace/master-benchmark/projects/commons-csv/target/commons-csv-1.7-sources.jar to /home/lukas/.m2/repository/org/apache/commons/commons-csv/1.7/commons-csv-1.7-sources.jar
[INFO] Installing /home/lukas/workspace/master-benchmark/projects/commons-csv/target/commons-csv-1.7-test-sources.jar to /home/lukas/.m2/repository/org/apache/commons/commons-csv/1.7/commons-csv-1.7-test-sources.jar
[INFO] ------------------------------------------------------------------------
[INFO] BUILD SUCCESS
[INFO] ------------------------------------------------------------------------
[INFO] Total time:  12.507 s
[INFO] Finished at: 2021-11-04T11:17:15+01:00
[INFO] ------------------------------------------------------------------------
[INFO] Scanning for projects...
[INFO] 
[INFO] -------------------< org.apache.commons:commons-csv >-------------------
[INFO] Building Apache Commons CSV 1.7
[INFO] --------------------------------[ jar ]---------------------------------
[INFO] 
[INFO] --- maven-assembly-plugin:2.6:single (default-cli) @ commons-csv ---
[INFO] Reading assembly descriptor: src/assembly/assembly.xml
[INFO] Reading assembly descriptor: src/assembly/bin.xml
[INFO] Reading assembly descriptor: src/assembly/src.xml
[WARNING] The assembly descriptor contains a filesystem-root relative reference, which is not cross platform compatible /
[WARNING] The assembly descriptor contains a filesystem-root relative reference, which is not cross platform compatible /
[WARNING] Cannot include project artifact: org.apache.commons:commons-csv:jar:1.7; it doesn't have an associated file or directory.
[INFO] Building jar: /home/lukas/workspace/master-benchmark/projects/commons-csv/target/commons-csv-1.7-fat-tests.jar
[INFO] Building tar: /home/lukas/workspace/master-benchmark/projects/commons-csv/target/commons-csv-1.7-bin.tar.gz
[INFO] Building zip: /home/lukas/workspace/master-benchmark/projects/commons-csv/target/commons-csv-1.7-bin.zip
[INFO] Building tar: /home/lukas/workspace/master-benchmark/projects/commons-csv/target/commons-csv-1.7-src.tar.gz
[INFO] Building zip: /home/lukas/workspace/master-benchmark/projects/commons-csv/target/commons-csv-1.7-src.zip
[INFO] ------------------------------------------------------------------------
[INFO] BUILD SUCCESS
[INFO] ------------------------------------------------------------------------
[INFO] Total time:  3.500 s
[INFO] Finished at: 2021-11-04T11:17:19+01:00
[INFO] ------------------------------------------------------------------------
[INFO] Scanning for projects...
[INFO] 
[INFO] -------------------< org.apache.commons:commons-csv >-------------------
[INFO] Building Apache Commons CSV 1.7
[INFO] --------------------------------[ jar ]---------------------------------
[INFO] 
[INFO] --- pitest-maven:1.7.2:mutationCoverage (default-cli) @ commons-csv ---
[INFO] Found plugin : Default csv report plugin
[INFO] Found plugin : Default xml report plugin
[INFO] Found plugin : Default html report plugin
[INFO] Found plugin : Static initializer code detector plugin
[INFO] Found plugin : Excluded annotations plugin
[INFO] Found plugin : Try with resources filter
[INFO] Found plugin : Inlined finally block filter plugin
[INFO] Found plugin : Implicit null check filter
[INFO] Found plugin : Method reference null check filter
[INFO] Found plugin : For each loop filter
[INFO] Found plugin : Enum constructor filter
[INFO] Found plugin : Record junk mutation filter
[INFO] Found plugin : Logging calls filter
[INFO] Found plugin : Infinite for loop filter
[INFO] Found plugin : Long running iterator loop filter
[INFO] Found plugin : For loop counter filter
[INFO] Found plugin : Kotlin junk mutations filter
[INFO] Found plugin : Max mutations per class limit
[INFO] Found plugin : Equals shortcut equivalent mutant filter
[INFO] Found plugin : Trivial return vals equivalence filter
[INFO] Found plugin : Mutant export plugin
[INFO] Found shared classpath plugin : Default mutation engine
[INFO] Found shared classpath plugin : JUnit plugin
[INFO] Found shared classpath plugin : TestNG plugin
[INFO] Available mutators : EXPERIMENTAL_ARGUMENT_PROPAGATION,FALSE_RETURNS,TRUE_RETURNS,CONDITIONALS_BOUNDARY,CONSTRUCTOR_CALLS,EMPTY_RETURNS,INCREMENTS,INLINE_CONSTS,INVERT_NEGS,MATH,NEGATE_CONDITIONALS,NON_VOID_METHOD_CALLS,NULL_RETURNS,PRIMITIVE_RETURNS,REMOVE_CONDITIONALS_EQUAL_IF,REMOVE_CONDITIONALS_EQUAL_ELSE,REMOVE_CONDITIONALS_ORDER_IF,REMOVE_CONDITIONALS_ORDER_ELSE,RETURN_VALS,VOID_METHOD_CALLS,EXPERIMENTAL_BIG_INTEGER,EXPERIMENTAL_MEMBER_VARIABLE,EXPERIMENTAL_NAKED_RECEIVER,REMOVE_INCREMENTS,EXPERIMENTAL_RETURN_VALUES_MUTATOR,EXPERIMENTAL_SWITCH,EXPERIMENTAL_BIG_INTEGER,ABS,AOD1,AOD2,AOR1,AOR2,AOR3,AOR4,CRCR1,CRCR2,CRCR3,CRCR4,CRCR5,CRCR6,OBBN1,OBBN2,OBBN3,ROR1,ROR2,ROR3,ROR4,ROR5,UOI1,UOI2,UOI3,UOI4
[INFO] Adding org.pitest:pitest to SUT classpath
[INFO] Mutating from /home/lukas/workspace/master-benchmark/projects/commons-csv/target/classes
[INFO] Defaulting target classes to match packages in build directory
[INFO] Defaulting target tests to match packages in test build directory
11:17:20 PIT >> INFO : Verbose logging is disabled. If you encounter a problem, please enable it before reporting an issue.
11:17:21 PIT >> INFO : Incremental analysis reduced number of mutations by 0
11:17:21 PIT >> INFO : Created  11 mutation test units in pre scan
11:17:21 PIT >> INFO : Sending 48 test classes to minion
11:17:21 PIT >> INFO : Sent tests to minion
/-\|/-\|/-\|/-\|/-\|/-\|/-\|/-\|/-\|/-\|/-\|/-\|/-\|/-\|/-\|/-\|/-\|/-\|/-\|/-\|/-\|/-\|/-\|/-\|/-\|/-\|/-\|/-\|/-\|/-\|/-\|/-\|/-\|/-\|/-\|/-\|/-\|/-\|/-\|/-\11:17:22 PIT >> INFO : MINION : WARNING: An illegal reflective access operation has occurred
11:17:22 PIT >> INFO : MINION : WARNING: Illegal reflective access by org.mockito.internal.creation.cglib.ClassImposterizer (file:/home/lukas/.m2/repository/org/mockito/mockito-all/1.10.19/mockito-all-1.10.19.jar) to constructor java.io.Writer(java.lang.Object)
11:17:22 PIT >> INFO : MINION : WARNING: Please consider reporting this to the maintainers of org.mockito.internal.creation.cglib.ClassImposterizer
11:17:22 PIT >> INFO : MINION : WARNING: Use --illegal-access=warn to enable warnings of further illegal reflective access operations
11:17:22 PIT >> INFO : MINION : WARNING: All illegal access operations will be denied in a future release
|/-\|/-\|/-\|/-\|/-\|/-\|/-\|/-\|/-\|/-\|/-\|/-\|/-\|/-\|/-\|/-\|/-\|/-\|/-\|/-\|/-\|/-\|/-\|/-\|/-\|/-\|/-\|/-\|/-\|/-\|/-\|/-\|/-\|/-\|/-\|/-\|/-\|/-\|/-\|/-\|/-\|/11:17:23 PIT >> INFO : Calculated coverage in 1 seconds.
11:17:23 PIT >> INFO : Incremental analysis reduced number of mutations by 0
11:17:23 PIT >> INFO : Created  11 mutation test units
/11:17:38 PIT >> WARNING : Minion exited abnormally due to TIMED_OUT
11:17:42 PIT >> WARNING : Minion exited abnormally due to TIMED_OUT
-11:17:49 PIT >> WARNING : Minion exited abnormally due to TIMED_OUT
11:17:53 PIT >> WARNING : Minion exited abnormally due to TIMED_OUT
11:17:58 PIT >> WARNING : Minion exited abnormally due to TIMED_OUT
\|11:18:08 PIT >> WARNING : Minion exited abnormally due to TIMED_OUT
11:18:13 PIT >> WARNING : Minion exited abnormally due to TIMED_OUT
/-\|/-\11:18:16 PIT >> INFO : Completed in 55 seconds
================================================================================
- Mutators
================================================================================
> org.pitest.mutationtest.engine.gregor.mutators.returns.PrimitiveReturnsMutator
>> Generated 29 Killed 19 (66%)
> KILLED 18 SURVIVED 3 TIMED_OUT 1 NON_VIABLE 0 
> MEMORY_ERROR 0 NOT_STARTED 0 STARTED 0 RUN_ERROR 0 
> NO_COVERAGE 7 
--------------------------------------------------------------------------------
> org.pitest.mutationtest.engine.gregor.mutators.ConditionalsBoundaryMutator
>> Generated 32 Killed 13 (41%)
> KILLED 13 SURVIVED 10 TIMED_OUT 0 NON_VIABLE 0 
> MEMORY_ERROR 0 NOT_STARTED 0 STARTED 0 RUN_ERROR 0 
> NO_COVERAGE 9 
--------------------------------------------------------------------------------
> org.pitest.mutationtest.engine.gregor.mutators.IncrementsMutator
>> Generated 13 Killed 9 (69%)
> KILLED 9 SURVIVED 0 TIMED_OUT 0 NON_VIABLE 0 
> MEMORY_ERROR 0 NOT_STARTED 0 STARTED 0 RUN_ERROR 0 
> NO_COVERAGE 4 
--------------------------------------------------------------------------------
> org.pitest.mutationtest.engine.gregor.mutators.VoidMethodCallMutator
>> Generated 64 Killed 41 (64%)
> KILLED 40 SURVIVED 14 TIMED_OUT 1 NON_VIABLE 0 
> MEMORY_ERROR 0 NOT_STARTED 0 STARTED 0 RUN_ERROR 0 
> NO_COVERAGE 9 
--------------------------------------------------------------------------------
> org.pitest.mutationtest.engine.gregor.mutators.returns.BooleanTrueReturnValsMutator
>> Generated 51 Killed 45 (88%)
> KILLED 44 SURVIVED 2 TIMED_OUT 1 NON_VIABLE 0 
> MEMORY_ERROR 0 NOT_STARTED 0 STARTED 0 RUN_ERROR 0 
> NO_COVERAGE 4 
--------------------------------------------------------------------------------
> org.pitest.mutationtest.engine.gregor.mutators.returns.NullReturnValsMutator
>> Generated 78 Killed 59 (76%)
> KILLED 59 SURVIVED 12 TIMED_OUT 0 NON_VIABLE 0 
> MEMORY_ERROR 0 NOT_STARTED 0 STARTED 0 RUN_ERROR 0 
> NO_COVERAGE 7 
--------------------------------------------------------------------------------
> org.pitest.mutationtest.engine.gregor.mutators.MathMutator
>> Generated 50 Killed 17 (34%)
> KILLED 17 SURVIVED 27 TIMED_OUT 0 NON_VIABLE 0 
> MEMORY_ERROR 0 NOT_STARTED 0 STARTED 0 RUN_ERROR 0 
> NO_COVERAGE 6 
--------------------------------------------------------------------------------
> org.pitest.mutationtest.engine.gregor.mutators.returns.BooleanFalseReturnValsMutator
>> Generated 14 Killed 13 (93%)
> KILLED 13 SURVIVED 1 TIMED_OUT 0 NON_VIABLE 0 
> MEMORY_ERROR 0 NOT_STARTED 0 STARTED 0 RUN_ERROR 0 
> NO_COVERAGE 0 
--------------------------------------------------------------------------------
> org.pitest.mutationtest.engine.gregor.mutators.returns.EmptyObjectReturnValsMutator
>> Generated 19 Killed 15 (79%)
> KILLED 15 SURVIVED 1 TIMED_OUT 0 NON_VIABLE 0 
> MEMORY_ERROR 0 NOT_STARTED 0 STARTED 0 RUN_ERROR 0 
> NO_COVERAGE 3 
--------------------------------------------------------------------------------
> org.pitest.mutationtest.engine.gregor.mutators.NegateConditionalsMutator
>> Generated 292 Killed 256 (88%)
> KILLED 252 SURVIVED 14 TIMED_OUT 4 NON_VIABLE 0 
> MEMORY_ERROR 0 NOT_STARTED 0 STARTED 0 RUN_ERROR 0 
> NO_COVERAGE 22 
--------------------------------------------------------------------------------
================================================================================
- Timings
================================================================================
> pre-scan for mutations : < 1 second
> scan classpath : < 1 second
> coverage and dependency analysis : 1 seconds
> build mutation tests : < 1 second
> run mutation analysis : 52 seconds
--------------------------------------------------------------------------------
> Total  : 55 seconds
--------------------------------------------------------------------------------
================================================================================
- Statistics
================================================================================
>> Line Coverage: 885/985 (90%)
>> Generated 642 mutations Killed 487 (76%)
>> Mutations with no coverage 71. Test strength 85%
>> Ran 1385 tests (2.16 tests per mutation)

Pitest development is currently supported by GroupCDG.
Enhanced functionality available at https://pitest.groupcdg.com/
[INFO] ------------------------------------------------------------------------
[INFO] BUILD SUCCESS
[INFO] ------------------------------------------------------------------------
[INFO] Total time:  56.261 s
[INFO] Finished at: 2021-11-04T11:18:16+01:00
[INFO] ------------------------------------------------------------------------
HEAD ist jetzt bei f0481e6 [commons-csv] Add new runMutation shell script to RAT exclusion
